{
"/Users/ioakeimidisg/Repos/eip-tools/eip-npm-modules/eip-textAngular/dist/textAngularSetup.js":{"path":"/Users/ioakeimidisg/Repos/eip-tools/eip-npm-modules/eip-textAngular/dist/textAngularSetup.js","s":{"1":1,"2":1537,"3":1537,"4":0,"5":1,"6":1,"7":23083,"8":3,"9":23080,"10":2,"11":23078,"12":1,"13":1,"14":1,"15":0,"16":0,"17":0,"18":0,"19":0,"20":0,"21":1,"22":1,"23":1,"24":7,"25":1,"26":1,"27":759,"28":11,"29":9,"30":9,"31":11,"32":11,"33":11,"34":11,"35":11,"36":11,"37":11,"38":1,"39":1,"40":1,"41":11,"42":11,"43":1,"44":1,"45":1,"46":11,"47":11,"48":1,"49":1,"50":1,"51":11,"52":11,"53":1,"54":1,"55":1,"56":11,"57":11,"58":11,"59":11,"60":11,"61":11,"62":11,"63":11,"64":2,"65":2,"66":2,"67":2,"68":2,"69":11,"70":11,"71":1,"72":1,"73":1,"74":1,"75":1,"76":11,"77":11,"78":1,"79":1,"80":1,"81":1,"82":1,"83":11,"84":11,"85":11,"86":11,"87":11,"88":11,"89":11,"90":1,"91":1,"92":1,"93":11,"94":11,"95":11,"96":11,"97":11,"98":11,"99":11,"100":11,"101":11,"102":11,"103":11,"104":11,"105":11,"106":11,"107":11,"108":2,"109":2,"110":2,"111":1,"112":1,"113":2,"114":11,"115":11,"116":11,"117":1,"118":1,"119":1,"120":1,"121":11,"122":11,"123":11,"124":2,"125":11,"126":4,"127":4,"128":4,"129":4,"130":11,"131":11,"132":11,"133":0,"134":11,"135":0,"136":0,"137":0,"138":0,"139":11,"140":11,"141":11,"142":17,"143":17,"144":17,"145":759,"146":759,"147":759,"148":0,"149":759,"150":4,"151":166,"152":759,"153":4554,"154":996,"155":759,"156":12,"157":759,"158":4554,"159":759,"160":2,"161":166,"162":759,"163":2,"164":166,"165":759,"166":2,"167":166,"168":759,"169":2,"170":166,"171":759,"172":2,"173":166,"174":759,"175":2,"176":759,"177":2,"178":759,"179":2,"180":166,"181":759,"182":2,"183":166,"184":0,"185":166,"186":166,"187":58,"188":58,"189":0,"190":166,"191":166,"192":759,"193":2,"194":166,"195":0,"196":166,"197":166,"198":58,"199":58,"200":0,"201":166,"202":166,"203":759,"204":2,"205":152,"206":152,"207":46,"208":46,"209":0,"210":152,"211":152,"212":759,"213":2,"214":166,"215":0,"216":166,"217":166,"218":58,"219":58,"220":0,"221":166,"222":166,"223":759,"224":2,"225":166,"226":759,"227":2,"228":166,"229":759,"230":2,"231":166,"232":759,"233":2,"234":166,"235":759,"236":2,"237":166,"238":759,"239":8,"240":8,"241":8,"242":8,"243":8,"244":11,"245":11,"246":11,"247":7,"248":11,"249":24,"250":4,"251":20,"252":20,"253":20,"254":20,"255":11,"256":11,"257":8,"258":21,"259":7,"260":8,"261":8,"262":8,"263":8,"264":54,"265":54,"266":54,"267":54,"268":8,"269":8,"270":4,"271":8,"272":759,"273":13,"274":0,"275":13,"276":759,"277":2,"278":2,"279":2,"280":1,"281":1,"282":0,"283":1,"284":1,"285":759,"286":2,"287":2,"288":2,"289":2,"290":1,"291":1,"292":1,"293":1,"294":1,"295":0,"296":1,"297":759,"298":11,"299":11,"300":0,"301":11,"302":11,"303":10,"304":10,"305":166,"306":58,"307":108,"308":759,"309":156,"310":156,"311":156,"312":156,"313":152,"314":152,"315":156,"316":156,"317":156,"318":759,"319":156,"320":156,"321":156,"322":156,"323":156,"324":156},"b":{"1":[3,23080],"2":[23083,23081,23081],"3":[2,23078],"4":[23080,1537,1537,23079,21543,15202],"5":[0,0],"6":[0,0],"7":[1,1],"8":[2,1,1],"9":[2,9],"10":[1,3],"11":[0,11],"12":[0,0],"13":[17,9,8],"14":[0,759],"15":[759,759],"16":[0,166],"17":[166,58],"18":[58,108],"19":[58,50,50,50,50,50,50,50],"20":[166,108],"21":[0,166],"22":[166,58],"23":[58,108],"24":[166,166],"25":[46,106],"26":[152,152],"27":[0,166],"28":[166,58],"29":[58,108],"30":[166,166],"31":[7,4],"32":[4,20],"33":[24,20],"34":[7,14],"35":[21,14],"36":[54,0],"37":[4,4],"38":[8,8,8,8,4],"39":[0,13],"40":[1,1],"41":[2,1,1],"42":[1,0],"43":[0,1],"44":[1,1],"45":[2,0],"46":[1,1],"47":[2,1,1],"48":[1,0],"49":[0,1],"50":[1,1],"51":[0,11],"52":[11,11],"53":[10,1],"54":[11,10,10],"55":[10,0],"56":[58,108],"57":[156,0],"58":[152,4],"59":[152,0],"60":[156,4]},"f":{"1":1537,"2":23083,"3":254,"4":254,"5":1,"6":0,"7":1,"8":7,"9":759,"10":11,"11":9,"12":1,"13":1,"14":1,"15":1,"16":2,"17":1,"18":1,"19":1,"20":11,"21":2,"22":1,"23":4,"24":0,"25":17,"26":759,"27":4,"28":166,"29":4554,"30":996,"31":12,"32":4554,"33":2,"34":166,"35":2,"36":166,"37":2,"38":166,"39":2,"40":166,"41":2,"42":166,"43":2,"44":2,"45":2,"46":166,"47":2,"48":166,"49":2,"50":166,"51":2,"52":152,"53":2,"54":166,"55":2,"56":166,"57":2,"58":166,"59":2,"60":166,"61":2,"62":166,"63":2,"64":166,"65":8,"66":11,"67":24,"68":21,"69":54,"70":13,"71":2,"72":2,"73":11,"74":166,"75":156,"76":156},"fnMap":{"1":{"name":"validElementString","line":3,"loc":{"start":{"line":3,"column":0},"end":{"line":3,"column":35}}},"2":{"name":"registerTextAngularTool","line":56,"loc":{"start":{"line":56,"column":0},"end":{"line":56,"column":54}}},"3":{"name":"(anonymous_3)","line":123,"loc":{"start":{"line":123,"column":25},"end":{"line":123,"column":43}}},"4":{"name":"(anonymous_4)","line":125,"loc":{"start":{"line":125,"column":25},"end":{"line":125,"column":43}}},"5":{"name":"(anonymous_5)","line":129,"loc":{"start":{"line":129,"column":8},"end":{"line":129,"column":36}},"skip":true},"6":{"name":"(anonymous_6)","line":132,"loc":{"start":{"line":132,"column":32},"end":{"line":132,"column":43}},"skip":true},"7":{"name":"(anonymous_7)","line":160,"loc":{"start":{"line":160,"column":21},"end":{"line":160,"column":38}}},"8":{"name":"(anonymous_8)","line":164,"loc":{"start":{"line":164,"column":40},"end":{"line":164,"column":55}}},"9":{"name":"(anonymous_9)","line":274,"loc":{"start":{"line":274,"column":57},"end":{"line":274,"column":91}}},"10":{"name":"(anonymous_10)","line":276,"loc":{"start":{"line":276,"column":27},"end":{"line":276,"column":65}}},"11":{"name":"(anonymous_11)","line":279,"loc":{"start":{"line":279,"column":29},"end":{"line":279,"column":39}}},"12":{"name":"(anonymous_12)","line":289,"loc":{"start":{"line":289,"column":35},"end":{"line":289,"column":50}}},"13":{"name":"(anonymous_13)","line":298,"loc":{"start":{"line":298,"column":35},"end":{"line":298,"column":50}}},"14":{"name":"(anonymous_14)","line":307,"loc":{"start":{"line":307,"column":36},"end":{"line":307,"column":51}}},"15":{"name":"(anonymous_15)","line":316,"loc":{"start":{"line":316,"column":36},"end":{"line":316,"column":51}}},"16":{"name":"(anonymous_16)","line":332,"loc":{"start":{"line":332,"column":34},"end":{"line":332,"column":49}}},"17":{"name":"(anonymous_17)","line":343,"loc":{"start":{"line":343,"column":35},"end":{"line":343,"column":50}}},"18":{"name":"(anonymous_18)","line":354,"loc":{"start":{"line":354,"column":34},"end":{"line":354,"column":49}}},"19":{"name":"(anonymous_19)","line":371,"loc":{"start":{"line":371,"column":31},"end":{"line":371,"column":46}}},"20":{"name":"(anonymous_20)","line":382,"loc":{"start":{"line":382,"column":25},"end":{"line":382,"column":63}}},"21":{"name":"(anonymous_21)","line":402,"loc":{"start":{"line":402,"column":37},"end":{"line":402,"column":52}}},"22":{"name":"(anonymous_22)","line":414,"loc":{"start":{"line":414,"column":37},"end":{"line":414,"column":52}}},"23":{"name":"(anonymous_23)","line":425,"loc":{"start":{"line":425,"column":37},"end":{"line":425,"column":52}}},"24":{"name":"(anonymous_24)","line":438,"loc":{"start":{"line":438,"column":37},"end":{"line":438,"column":52}}},"25":{"name":"(anonymous_25)","line":450,"loc":{"start":{"line":450,"column":31},"end":{"line":450,"column":45}}},"26":{"name":"(anonymous_26)","line":458,"loc":{"start":{"line":458,"column":4},"end":{"line":458,"column":111}}},"27":{"name":"(anonymous_27)","line":469,"loc":{"start":{"line":469,"column":16},"end":{"line":469,"column":26}}},"28":{"name":"(anonymous_28)","line":472,"loc":{"start":{"line":472,"column":21},"end":{"line":472,"column":31}}},"29":{"name":"(anonymous_29)","line":478,"loc":{"start":{"line":478,"column":34},"end":{"line":478,"column":45}}},"30":{"name":"(anonymous_30)","line":479,"loc":{"start":{"line":479,"column":15},"end":{"line":479,"column":25}}},"31":{"name":"(anonymous_31)","line":481,"loc":{"start":{"line":481,"column":23},"end":{"line":481,"column":33}}},"32":{"name":"(anonymous_32)","line":484,"loc":{"start":{"line":484,"column":53},"end":{"line":484,"column":64}}},"33":{"name":"(anonymous_33)","line":495,"loc":{"start":{"line":495,"column":16},"end":{"line":495,"column":26}}},"34":{"name":"(anonymous_34)","line":498,"loc":{"start":{"line":498,"column":21},"end":{"line":498,"column":31}}},"35":{"name":"(anonymous_35)","line":504,"loc":{"start":{"line":504,"column":16},"end":{"line":504,"column":26}}},"36":{"name":"(anonymous_36)","line":507,"loc":{"start":{"line":507,"column":21},"end":{"line":507,"column":31}}},"37":{"name":"(anonymous_37)","line":512,"loc":{"start":{"line":512,"column":16},"end":{"line":512,"column":26}}},"38":{"name":"(anonymous_38)","line":515,"loc":{"start":{"line":515,"column":21},"end":{"line":515,"column":31}}},"39":{"name":"(anonymous_39)","line":520,"loc":{"start":{"line":520,"column":16},"end":{"line":520,"column":26}}},"40":{"name":"(anonymous_40)","line":523,"loc":{"start":{"line":523,"column":21},"end":{"line":523,"column":31}}},"41":{"name":"(anonymous_41)","line":528,"loc":{"start":{"line":528,"column":16},"end":{"line":528,"column":26}}},"42":{"name":"(anonymous_42)","line":531,"loc":{"start":{"line":531,"column":21},"end":{"line":531,"column":31}}},"43":{"name":"(anonymous_43)","line":536,"loc":{"start":{"line":536,"column":16},"end":{"line":536,"column":26}}},"44":{"name":"(anonymous_44)","line":543,"loc":{"start":{"line":543,"column":16},"end":{"line":543,"column":26}}},"45":{"name":"(anonymous_45)","line":550,"loc":{"start":{"line":550,"column":16},"end":{"line":550,"column":26}}},"46":{"name":"(anonymous_46)","line":553,"loc":{"start":{"line":553,"column":21},"end":{"line":553,"column":31}}},"47":{"name":"(anonymous_47)","line":561,"loc":{"start":{"line":561,"column":16},"end":{"line":561,"column":26}}},"48":{"name":"(anonymous_48)","line":564,"loc":{"start":{"line":564,"column":21},"end":{"line":564,"column":44}}},"49":{"name":"(anonymous_49)","line":593,"loc":{"start":{"line":593,"column":16},"end":{"line":593,"column":26}}},"50":{"name":"(anonymous_50)","line":596,"loc":{"start":{"line":596,"column":21},"end":{"line":596,"column":44}}},"51":{"name":"(anonymous_51)","line":618,"loc":{"start":{"line":618,"column":16},"end":{"line":618,"column":26}}},"52":{"name":"(anonymous_52)","line":621,"loc":{"start":{"line":621,"column":21},"end":{"line":621,"column":44}}},"53":{"name":"(anonymous_53)","line":641,"loc":{"start":{"line":641,"column":16},"end":{"line":641,"column":26}}},"54":{"name":"(anonymous_54)","line":644,"loc":{"start":{"line":644,"column":21},"end":{"line":644,"column":44}}},"55":{"name":"(anonymous_55)","line":667,"loc":{"start":{"line":667,"column":16},"end":{"line":667,"column":26}}},"56":{"name":"(anonymous_56)","line":670,"loc":{"start":{"line":670,"column":21},"end":{"line":670,"column":31}}},"57":{"name":"(anonymous_57)","line":678,"loc":{"start":{"line":678,"column":16},"end":{"line":678,"column":26}}},"58":{"name":"(anonymous_58)","line":681,"loc":{"start":{"line":681,"column":21},"end":{"line":681,"column":31}}},"59":{"name":"(anonymous_59)","line":689,"loc":{"start":{"line":689,"column":16},"end":{"line":689,"column":26}}},"60":{"name":"(anonymous_60)","line":692,"loc":{"start":{"line":692,"column":21},"end":{"line":692,"column":31}}},"61":{"name":"(anonymous_61)","line":700,"loc":{"start":{"line":700,"column":16},"end":{"line":700,"column":26}}},"62":{"name":"(anonymous_62)","line":703,"loc":{"start":{"line":703,"column":21},"end":{"line":703,"column":31}}},"63":{"name":"(anonymous_63)","line":711,"loc":{"start":{"line":711,"column":16},"end":{"line":711,"column":26}}},"64":{"name":"(anonymous_64)","line":714,"loc":{"start":{"line":714,"column":21},"end":{"line":714,"column":31}}},"65":{"name":"(anonymous_65)","line":721,"loc":{"start":{"line":721,"column":16},"end":{"line":721,"column":52}}},"66":{"name":"(anonymous_66)","line":729,"loc":{"start":{"line":729,"column":37},"end":{"line":729,"column":55}}},"67":{"name":"(anonymous_67)","line":735,"loc":{"start":{"line":735,"column":49},"end":{"line":735,"column":65}}},"68":{"name":"(anonymous_68)","line":750,"loc":{"start":{"line":750,"column":46},"end":{"line":750,"column":64}}},"69":{"name":"(anonymous_69)","line":763,"loc":{"start":{"line":763,"column":39},"end":{"line":763,"column":53}}},"70":{"name":"(anonymous_70)","line":874,"loc":{"start":{"line":874,"column":26},"end":{"line":874,"column":42}},"skip":true},"71":{"name":"(anonymous_71)","line":884,"loc":{"start":{"line":884,"column":16},"end":{"line":884,"column":26}}},"72":{"name":"(anonymous_72)","line":918,"loc":{"start":{"line":918,"column":16},"end":{"line":918,"column":26}}},"73":{"name":"(anonymous_73)","line":959,"loc":{"start":{"line":959,"column":16},"end":{"line":959,"column":26}}},"74":{"name":"(anonymous_74)","line":976,"loc":{"start":{"line":976,"column":21},"end":{"line":976,"column":44}}},"75":{"name":"(anonymous_75)","line":989,"loc":{"start":{"line":989,"column":21},"end":{"line":989,"column":31}}},"76":{"name":"(anonymous_76)","line":1018,"loc":{"start":{"line":1018,"column":21},"end":{"line":1018,"column":31}}}},"statementMap":{"1":{"start":{"line":3,"column":0},"end":{"line":9,"column":1}},"2":{"start":{"line":4,"column":4},"end":{"line":8,"column":5}},"3":{"start":{"line":5,"column":8},"end":{"line":5,"column":52}},"4":{"start":{"line":7,"column":8},"end":{"line":7,"column":21}},"5":{"start":{"line":13,"column":0},"end":{"line":13,"column":17}},"6":{"start":{"line":56,"column":0},"end":{"line":64,"column":1}},"7":{"start":{"line":57,"column":4},"end":{"line":57,"column":137}},"8":{"start":{"line":57,"column":61},"end":{"line":57,"column":137}},"9":{"start":{"line":58,"column":4},"end":{"line":62,"column":128}},"10":{"start":{"line":62,"column":8},"end":{"line":62,"column":128}},"11":{"start":{"line":63,"column":4},"end":{"line":63,"column":35}},"12":{"start":{"line":66,"column":0},"end":{"line":1031,"column":4}},"13":{"start":{"line":130,"column":12},"end":{"line":130,"column":42},"skip":true},"14":{"start":{"line":131,"column":12},"end":{"line":139,"column":13},"skip":true},"15":{"start":{"line":132,"column":16},"end":{"line":134,"column":18},"skip":true},"16":{"start":{"line":133,"column":20},"end":{"line":133,"column":94},"skip":true},"17":{"start":{"line":133,"column":45},"end":{"line":133,"column":94},"skip":true},"18":{"start":{"line":136,"column":16},"end":{"line":136,"column":43},"skip":true},"19":{"start":{"line":138,"column":16},"end":{"line":138,"column":28},"skip":true},"20":{"start":{"line":140,"column":12},"end":{"line":140,"column":25},"skip":true},"21":{"start":{"line":161,"column":12},"end":{"line":161,"column":62}},"22":{"start":{"line":162,"column":12},"end":{"line":162,"column":56}},"23":{"start":{"line":164,"column":12},"end":{"line":166,"column":15}},"24":{"start":{"line":165,"column":16},"end":{"line":165,"column":51}},"25":{"start":{"line":167,"column":12},"end":{"line":167,"column":63}},"26":{"start":{"line":168,"column":12},"end":{"line":168,"column":40}},"27":{"start":{"line":275,"column":4},"end":{"line":455,"column":6}},"28":{"start":{"line":279,"column":12},"end":{"line":282,"column":14}},"29":{"start":{"line":280,"column":16},"end":{"line":280,"column":56}},"30":{"start":{"line":281,"column":16},"end":{"line":281,"column":42}},"31":{"start":{"line":283,"column":12},"end":{"line":283,"column":35}},"32":{"start":{"line":284,"column":12},"end":{"line":284,"column":70}},"33":{"start":{"line":285,"column":12},"end":{"line":285,"column":73}},"34":{"start":{"line":286,"column":12},"end":{"line":286,"column":30}},"35":{"start":{"line":287,"column":12},"end":{"line":287,"column":101}},"36":{"start":{"line":288,"column":12},"end":{"line":288,"column":158}},"37":{"start":{"line":289,"column":12},"end":{"line":296,"column":15}},"38":{"start":{"line":290,"column":16},"end":{"line":290,"column":39}},"39":{"start":{"line":291,"column":16},"end":{"line":294,"column":19}},"40":{"start":{"line":295,"column":16},"end":{"line":295,"column":29}},"41":{"start":{"line":297,"column":12},"end":{"line":297,"column":157}},"42":{"start":{"line":298,"column":12},"end":{"line":305,"column":15}},"43":{"start":{"line":299,"column":16},"end":{"line":299,"column":39}},"44":{"start":{"line":300,"column":16},"end":{"line":303,"column":19}},"45":{"start":{"line":304,"column":16},"end":{"line":304,"column":29}},"46":{"start":{"line":306,"column":12},"end":{"line":306,"column":158}},"47":{"start":{"line":307,"column":12},"end":{"line":314,"column":15}},"48":{"start":{"line":308,"column":16},"end":{"line":308,"column":39}},"49":{"start":{"line":309,"column":16},"end":{"line":312,"column":19}},"50":{"start":{"line":313,"column":16},"end":{"line":313,"column":29}},"51":{"start":{"line":315,"column":12},"end":{"line":315,"column":159}},"52":{"start":{"line":316,"column":12},"end":{"line":323,"column":15}},"53":{"start":{"line":317,"column":16},"end":{"line":317,"column":39}},"54":{"start":{"line":318,"column":16},"end":{"line":321,"column":19}},"55":{"start":{"line":322,"column":16},"end":{"line":322,"column":29}},"56":{"start":{"line":324,"column":12},"end":{"line":324,"column":43}},"57":{"start":{"line":325,"column":12},"end":{"line":325,"column":43}},"58":{"start":{"line":326,"column":12},"end":{"line":326,"column":44}},"59":{"start":{"line":327,"column":12},"end":{"line":327,"column":44}},"60":{"start":{"line":328,"column":12},"end":{"line":328,"column":42}},"61":{"start":{"line":330,"column":12},"end":{"line":330,"column":97}},"62":{"start":{"line":331,"column":12},"end":{"line":331,"column":184}},"63":{"start":{"line":332,"column":12},"end":{"line":341,"column":15}},"64":{"start":{"line":333,"column":16},"end":{"line":333,"column":39}},"65":{"start":{"line":335,"column":16},"end":{"line":335,"column":46}},"66":{"start":{"line":337,"column":16},"end":{"line":337,"column":49}},"67":{"start":{"line":339,"column":16},"end":{"line":339,"column":51}},"68":{"start":{"line":340,"column":16},"end":{"line":340,"column":29}},"69":{"start":{"line":342,"column":12},"end":{"line":342,"column":186}},"70":{"start":{"line":343,"column":12},"end":{"line":352,"column":15}},"71":{"start":{"line":344,"column":16},"end":{"line":344,"column":39}},"72":{"start":{"line":346,"column":16},"end":{"line":346,"column":47}},"73":{"start":{"line":348,"column":16},"end":{"line":348,"column":50}},"74":{"start":{"line":350,"column":16},"end":{"line":350,"column":52}},"75":{"start":{"line":351,"column":16},"end":{"line":351,"column":29}},"76":{"start":{"line":353,"column":12},"end":{"line":353,"column":187}},"77":{"start":{"line":354,"column":12},"end":{"line":363,"column":15}},"78":{"start":{"line":355,"column":16},"end":{"line":355,"column":39}},"79":{"start":{"line":357,"column":16},"end":{"line":357,"column":42}},"80":{"start":{"line":359,"column":16},"end":{"line":359,"column":45}},"81":{"start":{"line":361,"column":16},"end":{"line":361,"column":47}},"82":{"start":{"line":362,"column":16},"end":{"line":362,"column":29}},"83":{"start":{"line":364,"column":12},"end":{"line":364,"column":42}},"84":{"start":{"line":365,"column":12},"end":{"line":365,"column":42}},"85":{"start":{"line":366,"column":12},"end":{"line":366,"column":43}},"86":{"start":{"line":367,"column":12},"end":{"line":367,"column":42}},"87":{"start":{"line":369,"column":12},"end":{"line":369,"column":69}},"88":{"start":{"line":370,"column":12},"end":{"line":370,"column":178}},"89":{"start":{"line":371,"column":12},"end":{"line":375,"column":15}},"90":{"start":{"line":372,"column":16},"end":{"line":372,"column":39}},"91":{"start":{"line":373,"column":16},"end":{"line":373,"column":34}},"92":{"start":{"line":374,"column":16},"end":{"line":374,"column":29}},"93":{"start":{"line":376,"column":12},"end":{"line":376,"column":39}},"94":{"start":{"line":377,"column":12},"end":{"line":377,"column":42}},"95":{"start":{"line":379,"column":12},"end":{"line":379,"column":46}},"96":{"start":{"line":380,"column":12},"end":{"line":380,"column":52}},"97":{"start":{"line":385,"column":12},"end":{"line":385,"column":35}},"98":{"start":{"line":386,"column":12},"end":{"line":386,"column":70}},"99":{"start":{"line":387,"column":12},"end":{"line":387,"column":73}},"100":{"start":{"line":388,"column":12},"end":{"line":388,"column":30}},"101":{"start":{"line":389,"column":12},"end":{"line":389,"column":49}},"102":{"start":{"line":390,"column":12},"end":{"line":390,"column":132}},"103":{"start":{"line":391,"column":12},"end":{"line":398,"column":15}},"104":{"start":{"line":399,"column":12},"end":{"line":399,"column":35}},"105":{"start":{"line":400,"column":12},"end":{"line":400,"column":84}},"106":{"start":{"line":401,"column":12},"end":{"line":401,"column":252}},"107":{"start":{"line":402,"column":12},"end":{"line":410,"column":15}},"108":{"start":{"line":403,"column":16},"end":{"line":403,"column":39}},"109":{"start":{"line":404,"column":16},"end":{"line":404,"column":108}},"110":{"start":{"line":405,"column":16},"end":{"line":408,"column":17}},"111":{"start":{"line":406,"column":20},"end":{"line":406,"column":51}},"112":{"start":{"line":407,"column":20},"end":{"line":407,"column":60}},"113":{"start":{"line":409,"column":16},"end":{"line":409,"column":42}},"114":{"start":{"line":411,"column":12},"end":{"line":411,"column":45}},"115":{"start":{"line":412,"column":12},"end":{"line":412,"column":256}},"116":{"start":{"line":414,"column":12},"end":{"line":419,"column":15}},"117":{"start":{"line":415,"column":16},"end":{"line":415,"column":39}},"118":{"start":{"line":416,"column":16},"end":{"line":416,"column":58}},"119":{"start":{"line":417,"column":16},"end":{"line":417,"column":56}},"120":{"start":{"line":418,"column":16},"end":{"line":418,"column":42}},"121":{"start":{"line":420,"column":12},"end":{"line":420,"column":45}},"122":{"start":{"line":421,"column":12},"end":{"line":421,"column":217}},"123":{"start":{"line":422,"column":12},"end":{"line":424,"column":13}},"124":{"start":{"line":423,"column":16},"end":{"line":423,"column":48}},"125":{"start":{"line":425,"column":12},"end":{"line":430,"column":15}},"126":{"start":{"line":426,"column":16},"end":{"line":426,"column":39}},"127":{"start":{"line":427,"column":16},"end":{"line":427,"column":96}},"128":{"start":{"line":428,"column":16},"end":{"line":428,"column":51}},"129":{"start":{"line":429,"column":16},"end":{"line":429,"column":56}},"130":{"start":{"line":431,"column":12},"end":{"line":431,"column":45}},"131":{"start":{"line":434,"column":12},"end":{"line":434,"column":213}},"132":{"start":{"line":435,"column":12},"end":{"line":437,"column":13}},"133":{"start":{"line":436,"column":16},"end":{"line":436,"column":48}},"134":{"start":{"line":438,"column":12},"end":{"line":443,"column":15}},"135":{"start":{"line":439,"column":16},"end":{"line":439,"column":39}},"136":{"start":{"line":440,"column":16},"end":{"line":440,"column":94}},"137":{"start":{"line":441,"column":16},"end":{"line":441,"column":51}},"138":{"start":{"line":442,"column":16},"end":{"line":442,"column":56}},"139":{"start":{"line":444,"column":12},"end":{"line":444,"column":45}},"140":{"start":{"line":447,"column":12},"end":{"line":447,"column":42}},"141":{"start":{"line":448,"column":12},"end":{"line":448,"column":46}},"142":{"start":{"line":451,"column":12},"end":{"line":451,"column":139}},"143":{"start":{"line":452,"column":12},"end":{"line":452,"column":38}},"144":{"start":{"line":453,"column":12},"end":{"line":453,"column":47}},"145":{"start":{"line":461,"column":4},"end":{"line":461,"column":16}},"146":{"start":{"line":461,"column":17},"end":{"line":461,"column":35}},"147":{"start":{"line":463,"column":4},"end":{"line":465,"column":5},"skip":true},"148":{"start":{"line":464,"column":8},"end":{"line":464,"column":182},"skip":true},"149":{"start":{"line":466,"column":4},"end":{"line":475,"column":7}},"150":{"start":{"line":470,"column":12},"end":{"line":470,"column":40}},"151":{"start":{"line":473,"column":12},"end":{"line":473,"column":43}},"152":{"start":{"line":478,"column":4},"end":{"line":480,"column":6}},"153":{"start":{"line":479,"column":8},"end":{"line":479,"column":77}},"154":{"start":{"line":479,"column":27},"end":{"line":479,"column":74}},"155":{"start":{"line":481,"column":4},"end":{"line":483,"column":6}},"156":{"start":{"line":482,"column":8},"end":{"line":482,"column":95}},"157":{"start":{"line":484,"column":4},"end":{"line":491,"column":7}},"158":{"start":{"line":485,"column":8},"end":{"line":490,"column":11}},"159":{"start":{"line":492,"column":4},"end":{"line":499,"column":7}},"160":{"start":{"line":496,"column":12},"end":{"line":496,"column":70}},"161":{"start":{"line":498,"column":33},"end":{"line":498,"column":82}},"162":{"start":{"line":501,"column":4},"end":{"line":508,"column":7}},"163":{"start":{"line":505,"column":12},"end":{"line":505,"column":72}},"164":{"start":{"line":507,"column":33},"end":{"line":507,"column":84}},"165":{"start":{"line":509,"column":4},"end":{"line":516,"column":7}},"166":{"start":{"line":513,"column":12},"end":{"line":513,"column":77}},"167":{"start":{"line":515,"column":33},"end":{"line":515,"column":96}},"168":{"start":{"line":517,"column":4},"end":{"line":524,"column":7}},"169":{"start":{"line":521,"column":12},"end":{"line":521,"column":75}},"170":{"start":{"line":523,"column":33},"end":{"line":523,"column":94}},"171":{"start":{"line":525,"column":4},"end":{"line":532,"column":7}},"172":{"start":{"line":529,"column":12},"end":{"line":529,"column":79}},"173":{"start":{"line":531,"column":33},"end":{"line":531,"column":91}},"174":{"start":{"line":533,"column":4},"end":{"line":539,"column":7}},"175":{"start":{"line":537,"column":12},"end":{"line":537,"column":62}},"176":{"start":{"line":540,"column":4},"end":{"line":546,"column":7}},"177":{"start":{"line":544,"column":12},"end":{"line":544,"column":62}},"178":{"start":{"line":547,"column":4},"end":{"line":557,"column":7}},"179":{"start":{"line":551,"column":12},"end":{"line":551,"column":62}},"180":{"start":{"line":554,"column":12},"end":{"line":554,"column":60}},"181":{"start":{"line":558,"column":4},"end":{"line":589,"column":7}},"182":{"start":{"line":562,"column":12},"end":{"line":562,"column":69}},"183":{"start":{"line":566,"column":12},"end":{"line":566,"column":86},"skip":true},"184":{"start":{"line":566,"column":73},"end":{"line":566,"column":86},"skip":true},"185":{"start":{"line":567,"column":12},"end":{"line":567,"column":31}},"186":{"start":{"line":568,"column":12},"end":{"line":585,"column":13}},"187":{"start":{"line":571,"column":16},"end":{"line":584,"column":17}},"188":{"start":{"line":572,"column":20},"end":{"line":579,"column":78}},"189":{"start":{"line":583,"column":20},"end":{"line":583,"column":35},"skip":true},"190":{"start":{"line":586,"column":12},"end":{"line":586,"column":79}},"191":{"start":{"line":587,"column":12},"end":{"line":587,"column":26}},"192":{"start":{"line":590,"column":4},"end":{"line":614,"column":7}},"193":{"start":{"line":594,"column":12},"end":{"line":594,"column":70}},"194":{"start":{"line":598,"column":12},"end":{"line":598,"column":86},"skip":true},"195":{"start":{"line":598,"column":73},"end":{"line":598,"column":86},"skip":true},"196":{"start":{"line":599,"column":12},"end":{"line":599,"column":31}},"197":{"start":{"line":600,"column":12},"end":{"line":610,"column":13}},"198":{"start":{"line":603,"column":16},"end":{"line":609,"column":17}},"199":{"start":{"line":604,"column":20},"end":{"line":604,"column":73}},"200":{"start":{"line":608,"column":20},"end":{"line":608,"column":35},"skip":true},"201":{"start":{"line":611,"column":12},"end":{"line":611,"column":80}},"202":{"start":{"line":612,"column":12},"end":{"line":612,"column":26}},"203":{"start":{"line":615,"column":4},"end":{"line":637,"column":7}},"204":{"start":{"line":619,"column":12},"end":{"line":619,"column":69}},"205":{"start":{"line":622,"column":12},"end":{"line":622,"column":31}},"206":{"start":{"line":623,"column":12},"end":{"line":633,"column":13}},"207":{"start":{"line":626,"column":16},"end":{"line":632,"column":17}},"208":{"start":{"line":627,"column":20},"end":{"line":627,"column":75}},"209":{"start":{"line":631,"column":20},"end":{"line":631,"column":35},"skip":true},"210":{"start":{"line":634,"column":12},"end":{"line":634,"column":79}},"211":{"start":{"line":635,"column":12},"end":{"line":635,"column":26}},"212":{"start":{"line":638,"column":4},"end":{"line":663,"column":7}},"213":{"start":{"line":642,"column":12},"end":{"line":642,"column":71}},"214":{"start":{"line":646,"column":12},"end":{"line":646,"column":86},"skip":true},"215":{"start":{"line":646,"column":73},"end":{"line":646,"column":86},"skip":true},"216":{"start":{"line":647,"column":12},"end":{"line":647,"column":31}},"217":{"start":{"line":648,"column":12},"end":{"line":659,"column":13}},"218":{"start":{"line":651,"column":16},"end":{"line":657,"column":17}},"219":{"start":{"line":652,"column":20},"end":{"line":652,"column":74}},"220":{"start":{"line":656,"column":20},"end":{"line":656,"column":35},"skip":true},"221":{"start":{"line":660,"column":12},"end":{"line":660,"column":81}},"222":{"start":{"line":661,"column":12},"end":{"line":661,"column":26}},"223":{"start":{"line":664,"column":4},"end":{"line":674,"column":7}},"224":{"start":{"line":668,"column":12},"end":{"line":668,"column":64}},"225":{"start":{"line":671,"column":12},"end":{"line":671,"column":70}},"226":{"start":{"line":675,"column":4},"end":{"line":685,"column":7}},"227":{"start":{"line":679,"column":12},"end":{"line":679,"column":65}},"228":{"start":{"line":682,"column":12},"end":{"line":682,"column":25}},"229":{"start":{"line":686,"column":4},"end":{"line":696,"column":7}},"230":{"start":{"line":690,"column":12},"end":{"line":690,"column":64}},"231":{"start":{"line":693,"column":12},"end":{"line":693,"column":62}},"232":{"start":{"line":697,"column":4},"end":{"line":707,"column":7}},"233":{"start":{"line":701,"column":12},"end":{"line":701,"column":67}},"234":{"start":{"line":704,"column":12},"end":{"line":704,"column":65}},"235":{"start":{"line":708,"column":4},"end":{"line":717,"column":7}},"236":{"start":{"line":712,"column":12},"end":{"line":712,"column":71}},"237":{"start":{"line":715,"column":12},"end":{"line":715,"column":63}},"238":{"start":{"line":718,"column":4},"end":{"line":781,"column":7}},"239":{"start":{"line":722,"column":12},"end":{"line":722,"column":50}},"240":{"start":{"line":724,"column":12},"end":{"line":724,"column":63}},"241":{"start":{"line":725,"column":12},"end":{"line":725,"column":83}},"242":{"start":{"line":726,"column":12},"end":{"line":726,"column":68}},"243":{"start":{"line":729,"column":12},"end":{"line":748,"column":14}},"244":{"start":{"line":730,"column":16},"end":{"line":730,"column":45}},"245":{"start":{"line":731,"column":16},"end":{"line":731,"column":37}},"246":{"start":{"line":732,"column":16},"end":{"line":734,"column":17}},"247":{"start":{"line":733,"column":20},"end":{"line":733,"column":39}},"248":{"start":{"line":735,"column":16},"end":{"line":745,"column":19}},"249":{"start":{"line":736,"column":20},"end":{"line":744,"column":21}},"250":{"start":{"line":738,"column":24},"end":{"line":738,"column":78}},"251":{"start":{"line":740,"column":24},"end":{"line":740,"column":65}},"252":{"start":{"line":741,"column":24},"end":{"line":741,"column":69}},"253":{"start":{"line":742,"column":24},"end":{"line":742,"column":51}},"254":{"start":{"line":743,"column":24},"end":{"line":743,"column":46}},"255":{"start":{"line":746,"column":16},"end":{"line":746,"column":30}},"256":{"start":{"line":747,"column":16},"end":{"line":747,"column":35}},"257":{"start":{"line":750,"column":12},"end":{"line":756,"column":15}},"258":{"start":{"line":751,"column":16},"end":{"line":755,"column":17}},"259":{"start":{"line":754,"column":20},"end":{"line":754,"column":48}},"260":{"start":{"line":758,"column":12},"end":{"line":758,"column":74}},"261":{"start":{"line":759,"column":12},"end":{"line":759,"column":74}},"262":{"start":{"line":762,"column":12},"end":{"line":762,"column":41}},"263":{"start":{"line":763,"column":12},"end":{"line":770,"column":14}},"264":{"start":{"line":764,"column":16},"end":{"line":764,"column":45}},"265":{"start":{"line":766,"column":16},"end":{"line":768,"column":17},"skip":true},"266":{"start":{"line":767,"column":20},"end":{"line":767,"column":45},"skip":true},"267":{"start":{"line":769,"column":16},"end":{"line":769,"column":71}},"268":{"start":{"line":771,"column":12},"end":{"line":771,"column":65}},"269":{"start":{"line":773,"column":12},"end":{"line":778,"column":13}},"270":{"start":{"line":777,"column":16},"end":{"line":777,"column":71}},"271":{"start":{"line":779,"column":12},"end":{"line":779,"column":31}},"272":{"start":{"line":874,"column":4},"end":{"line":879,"column":6},"skip":true},"273":{"start":{"line":875,"column":8},"end":{"line":877,"column":9},"skip":true},"274":{"start":{"line":876,"column":12},"end":{"line":876,"column":24},"skip":true},"275":{"start":{"line":878,"column":8},"end":{"line":878,"column":21},"skip":true},"276":{"start":{"line":881,"column":4},"end":{"line":914,"column":7}},"277":{"start":{"line":885,"column":12},"end":{"line":885,"column":26}},"278":{"start":{"line":886,"column":12},"end":{"line":886,"column":91}},"279":{"start":{"line":887,"column":12},"end":{"line":908,"column":13}},"280":{"start":{"line":890,"column":16},"end":{"line":907,"column":17},"skip":true},"281":{"start":{"line":891,"column":20},"end":{"line":896,"column":21},"skip":true},"282":{"start":{"line":895,"column":24},"end":{"line":895,"column":96},"skip":true},"283":{"start":{"line":905,"column":20},"end":{"line":905,"column":64},"skip":true},"284":{"start":{"line":906,"column":20},"end":{"line":906,"column":83},"skip":true},"285":{"start":{"line":915,"column":4},"end":{"line":955,"column":7}},"286":{"start":{"line":919,"column":12},"end":{"line":919,"column":26}},"287":{"start":{"line":920,"column":12},"end":{"line":920,"column":92}},"288":{"start":{"line":923,"column":12},"end":{"line":948,"column":13}},"289":{"start":{"line":925,"column":16},"end":{"line":947,"column":17}},"290":{"start":{"line":927,"column":20},"end":{"line":927,"column":79}},"291":{"start":{"line":930,"column":20},"end":{"line":946,"column":21}},"292":{"start":{"line":932,"column":24},"end":{"line":932,"column":81}},"293":{"start":{"line":936,"column":24},"end":{"line":936,"column":230}},"294":{"start":{"line":938,"column":24},"end":{"line":943,"column":25},"skip":true},"295":{"start":{"line":942,"column":28},"end":{"line":942,"column":100},"skip":true},"296":{"start":{"line":945,"column":24},"end":{"line":945,"column":87}},"297":{"start":{"line":956,"column":4},"end":{"line":984,"column":7}},"298":{"start":{"line":960,"column":12},"end":{"line":960,"column":24}},"299":{"start":{"line":963,"column":12},"end":{"line":967,"column":13}},"300":{"start":{"line":964,"column":16},"end":{"line":964,"column":121},"skip":true},"301":{"start":{"line":966,"column":16},"end":{"line":966,"column":92}},"302":{"start":{"line":968,"column":12},"end":{"line":974,"column":13}},"303":{"start":{"line":971,"column":16},"end":{"line":973,"column":17}},"304":{"start":{"line":972,"column":20},"end":{"line":972,"column":85}},"305":{"start":{"line":977,"column":12},"end":{"line":977,"column":70}},"306":{"start":{"line":977,"column":30},"end":{"line":977,"column":70}},"307":{"start":{"line":978,"column":12},"end":{"line":978,"column":25}},"308":{"start":{"line":985,"column":4},"end":{"line":1013,"column":7}},"309":{"start":{"line":990,"column":12},"end":{"line":990,"column":66}},"310":{"start":{"line":992,"column":12},"end":{"line":992,"column":61},"skip":true},"311":{"start":{"line":993,"column":12},"end":{"line":993,"column":30}},"312":{"start":{"line":996,"column":12},"end":{"line":1004,"column":13}},"313":{"start":{"line":997,"column":16},"end":{"line":1003,"column":17},"skip":true},"314":{"start":{"line":998,"column":20},"end":{"line":1002,"column":46},"skip":true},"315":{"start":{"line":1007,"column":12},"end":{"line":1007,"column":39}},"316":{"start":{"line":1009,"column":12},"end":{"line":1009,"column":49}},"317":{"start":{"line":1011,"column":12},"end":{"line":1011,"column":25}},"318":{"start":{"line":1014,"column":4},"end":{"line":1030,"column":7}},"319":{"start":{"line":1019,"column":12},"end":{"line":1019,"column":66}},"320":{"start":{"line":1020,"column":12},"end":{"line":1020,"column":84}},"321":{"start":{"line":1023,"column":12},"end":{"line":1023,"column":118}},"322":{"start":{"line":1025,"column":12},"end":{"line":1025,"column":39}},"323":{"start":{"line":1027,"column":12},"end":{"line":1027,"column":49}},"324":{"start":{"line":1028,"column":12},"end":{"line":1028,"column":25}}},"branchMap":{"1":{"line":57,"type":"if","locations":[{"start":{"line":57,"column":4},"end":{"line":57,"column":4}},{"start":{"line":57,"column":4},"end":{"line":57,"column":4}}]},"2":{"line":57,"type":"binary-expr","locations":[{"start":{"line":57,"column":7},"end":{"line":57,"column":12}},{"start":{"line":57,"column":16},"end":{"line":57,"column":27}},{"start":{"line":57,"column":31},"end":{"line":57,"column":59}}]},"3":{"line":58,"type":"if","locations":[{"start":{"line":58,"column":4},"end":{"line":58,"column":4}},{"start":{"line":58,"column":4},"end":{"line":58,"column":4}}]},"4":{"line":59,"type":"binary-expr","locations":[{"start":{"line":59,"column":9},"end":{"line":59,"column":31}},{"start":{"line":59,"column":36},"end":{"line":59,"column":65}},{"start":{"line":59,"column":69},"end":{"line":59,"column":112}},{"start":{"line":60,"column":9},"end":{"line":60,"column":32}},{"start":{"line":60,"column":36},"end":{"line":60,"column":62}},{"start":{"line":60,"column":66},"end":{"line":60,"column":91}}]},"5":{"line":131,"type":"if","locations":[{"start":{"line":131,"column":12},"end":{"line":131,"column":12},"skip":true},{"start":{"line":131,"column":12},"end":{"line":131,"column":12},"skip":true}]},"6":{"line":133,"type":"if","locations":[{"start":{"line":133,"column":20},"end":{"line":133,"column":20},"skip":true},{"start":{"line":133,"column":20},"end":{"line":133,"column":20},"skip":true}]},"7":{"line":405,"type":"if","locations":[{"start":{"line":405,"column":16},"end":{"line":405,"column":16}},{"start":{"line":405,"column":16},"end":{"line":405,"column":16}}]},"8":{"line":405,"type":"binary-expr","locations":[{"start":{"line":405,"column":19},"end":{"line":405,"column":26}},{"start":{"line":405,"column":30},"end":{"line":405,"column":44}},{"start":{"line":405,"column":48},"end":{"line":405,"column":69}}]},"9":{"line":422,"type":"if","locations":[{"start":{"line":422,"column":12},"end":{"line":422,"column":12}},{"start":{"line":422,"column":12},"end":{"line":422,"column":12}}]},"10":{"line":427,"type":"cond-expr","locations":[{"start":{"line":427,"column":81},"end":{"line":427,"column":83}},{"start":{"line":427,"column":86},"end":{"line":427,"column":94}}]},"11":{"line":435,"type":"if","locations":[{"start":{"line":435,"column":12},"end":{"line":435,"column":12}},{"start":{"line":435,"column":12},"end":{"line":435,"column":12}}]},"12":{"line":440,"type":"cond-expr","locations":[{"start":{"line":440,"column":77},"end":{"line":440,"column":79}},{"start":{"line":440,"column":82},"end":{"line":440,"column":92}}]},"13":{"line":453,"type":"binary-expr","locations":[{"start":{"line":453,"column":20},"end":{"line":453,"column":25}},{"start":{"line":453,"column":29},"end":{"line":453,"column":37}},{"start":{"line":453,"column":42},"end":{"line":453,"column":46}}]},"14":{"line":463,"type":"if","locations":[{"start":{"line":463,"column":4},"end":{"line":463,"column":4},"skip":true},{"start":{"line":463,"column":4},"end":{"line":463,"column":4},"skip":true}]},"15":{"line":463,"type":"binary-expr","locations":[{"start":{"line":463,"column":9},"end":{"line":463,"column":50},"skip":true},{"start":{"line":463,"column":56},"end":{"line":463,"column":83},"skip":true}]},"16":{"line":566,"type":"if","locations":[{"start":{"line":566,"column":12},"end":{"line":566,"column":12},"skip":true},{"start":{"line":566,"column":12},"end":{"line":566,"column":12},"skip":true}]},"17":{"line":566,"type":"binary-expr","locations":[{"start":{"line":566,"column":16},"end":{"line":566,"column":29},"skip":true},{"start":{"line":566,"column":33},"end":{"line":566,"column":71},"skip":true}]},"18":{"line":568,"type":"if","locations":[{"start":{"line":568,"column":12},"end":{"line":568,"column":12}},{"start":{"line":568,"column":12},"end":{"line":568,"column":12}}]},"19":{"line":573,"type":"binary-expr","locations":[{"start":{"line":573,"column":24},"end":{"line":573,"column":66}},{"start":{"line":574,"column":24},"end":{"line":574,"column":62}},{"start":{"line":576,"column":28},"end":{"line":576,"column":71}},{"start":{"line":577,"column":28},"end":{"line":577,"column":72}},{"start":{"line":578,"column":28},"end":{"line":578,"column":73}},{"start":{"line":578,"column":77},"end":{"line":578,"column":126}},{"start":{"line":578,"column":130},"end":{"line":578,"column":180}},{"start":{"line":579,"column":29},"end":{"line":579,"column":77}}]},"20":{"line":586,"type":"binary-expr","locations":[{"start":{"line":586,"column":21},"end":{"line":586,"column":27}},{"start":{"line":586,"column":31},"end":{"line":586,"column":78}}]},"21":{"line":598,"type":"if","locations":[{"start":{"line":598,"column":12},"end":{"line":598,"column":12},"skip":true},{"start":{"line":598,"column":12},"end":{"line":598,"column":12},"skip":true}]},"22":{"line":598,"type":"binary-expr","locations":[{"start":{"line":598,"column":16},"end":{"line":598,"column":29},"skip":true},{"start":{"line":598,"column":33},"end":{"line":598,"column":71},"skip":true}]},"23":{"line":600,"type":"if","locations":[{"start":{"line":600,"column":12},"end":{"line":600,"column":12}},{"start":{"line":600,"column":12},"end":{"line":600,"column":12}}]},"24":{"line":611,"type":"binary-expr","locations":[{"start":{"line":611,"column":21},"end":{"line":611,"column":27}},{"start":{"line":611,"column":31},"end":{"line":611,"column":79}}]},"25":{"line":623,"type":"if","locations":[{"start":{"line":623,"column":12},"end":{"line":623,"column":12}},{"start":{"line":623,"column":12},"end":{"line":623,"column":12}}]},"26":{"line":634,"type":"binary-expr","locations":[{"start":{"line":634,"column":21},"end":{"line":634,"column":27}},{"start":{"line":634,"column":31},"end":{"line":634,"column":78}}]},"27":{"line":646,"type":"if","locations":[{"start":{"line":646,"column":12},"end":{"line":646,"column":12},"skip":true},{"start":{"line":646,"column":12},"end":{"line":646,"column":12},"skip":true}]},"28":{"line":646,"type":"binary-expr","locations":[{"start":{"line":646,"column":16},"end":{"line":646,"column":29},"skip":true},{"start":{"line":646,"column":33},"end":{"line":646,"column":71},"skip":true}]},"29":{"line":648,"type":"if","locations":[{"start":{"line":648,"column":12},"end":{"line":648,"column":12}},{"start":{"line":648,"column":12},"end":{"line":648,"column":12}}]},"30":{"line":660,"type":"binary-expr","locations":[{"start":{"line":660,"column":21},"end":{"line":660,"column":27}},{"start":{"line":660,"column":31},"end":{"line":660,"column":80}}]},"31":{"line":732,"type":"if","locations":[{"start":{"line":732,"column":16},"end":{"line":732,"column":16}},{"start":{"line":732,"column":16},"end":{"line":732,"column":16}}]},"32":{"line":736,"type":"if","locations":[{"start":{"line":736,"column":20},"end":{"line":736,"column":20}},{"start":{"line":736,"column":20},"end":{"line":736,"column":20}}]},"33":{"line":736,"type":"binary-expr","locations":[{"start":{"line":736,"column":24},"end":{"line":736,"column":61}},{"start":{"line":737,"column":24},"end":{"line":737,"column":61}}]},"34":{"line":751,"type":"if","locations":[{"start":{"line":751,"column":16},"end":{"line":751,"column":16}},{"start":{"line":751,"column":16},"end":{"line":751,"column":16}}]},"35":{"line":751,"type":"binary-expr","locations":[{"start":{"line":751,"column":20},"end":{"line":751,"column":59}},{"start":{"line":752,"column":20},"end":{"line":752,"column":59}}]},"36":{"line":766,"type":"if","locations":[{"start":{"line":766,"column":16},"end":{"line":766,"column":16},"skip":true},{"start":{"line":766,"column":16},"end":{"line":766,"column":16},"skip":true}]},"37":{"line":773,"type":"if","locations":[{"start":{"line":773,"column":12},"end":{"line":773,"column":12}},{"start":{"line":773,"column":12},"end":{"line":773,"column":12}}]},"38":{"line":773,"type":"binary-expr","locations":[{"start":{"line":773,"column":15},"end":{"line":773,"column":31}},{"start":{"line":773,"column":35},"end":{"line":773,"column":82}},{"start":{"line":774,"column":16},"end":{"line":774,"column":63}},{"start":{"line":775,"column":16},"end":{"line":775,"column":63}},{"start":{"line":776,"column":16},"end":{"line":776,"column":75}}]},"39":{"line":875,"type":"if","locations":[{"start":{"line":875,"column":8},"end":{"line":875,"column":8},"skip":true},{"start":{"line":875,"column":8},"end":{"line":875,"column":8},"skip":true}]},"40":{"line":887,"type":"if","locations":[{"start":{"line":887,"column":12},"end":{"line":887,"column":12}},{"start":{"line":887,"column":12},"end":{"line":887,"column":12}}]},"41":{"line":887,"type":"binary-expr","locations":[{"start":{"line":887,"column":15},"end":{"line":887,"column":24}},{"start":{"line":887,"column":28},"end":{"line":887,"column":44}},{"start":{"line":887,"column":48},"end":{"line":887,"column":71}}]},"42":{"line":890,"type":"if","locations":[{"start":{"line":890,"column":16},"end":{"line":890,"column":16},"skip":true},{"start":{"line":890,"column":16},"end":{"line":890,"column":16},"skip":true}]},"43":{"line":891,"type":"if","locations":[{"start":{"line":891,"column":20},"end":{"line":891,"column":20},"skip":true},{"start":{"line":891,"column":20},"end":{"line":891,"column":20},"skip":true}]},"44":{"line":891,"type":"binary-expr","locations":[{"start":{"line":891,"column":24},"end":{"line":891,"column":65},"skip":true},{"start":{"line":891,"column":69},"end":{"line":891,"column":132},"skip":true}]},"45":{"line":923,"type":"if","locations":[{"start":{"line":923,"column":12},"end":{"line":923,"column":12}},{"start":{"line":923,"column":12},"end":{"line":923,"column":12},"skip":true}]},"46":{"line":925,"type":"if","locations":[{"start":{"line":925,"column":16},"end":{"line":925,"column":16}},{"start":{"line":925,"column":16},"end":{"line":925,"column":16}}]},"47":{"line":925,"type":"binary-expr","locations":[{"start":{"line":925,"column":20},"end":{"line":925,"column":29}},{"start":{"line":925,"column":33},"end":{"line":925,"column":49}},{"start":{"line":925,"column":53},"end":{"line":925,"column":77}}]},"48":{"line":930,"type":"if","locations":[{"start":{"line":930,"column":20},"end":{"line":930,"column":20}},{"start":{"line":930,"column":20},"end":{"line":930,"column":20},"skip":true}]},"49":{"line":938,"type":"if","locations":[{"start":{"line":938,"column":24},"end":{"line":938,"column":24},"skip":true},{"start":{"line":938,"column":24},"end":{"line":938,"column":24},"skip":true}]},"50":{"line":938,"type":"binary-expr","locations":[{"start":{"line":938,"column":28},"end":{"line":938,"column":69},"skip":true},{"start":{"line":938,"column":73},"end":{"line":938,"column":136},"skip":true}]},"51":{"line":963,"type":"if","locations":[{"start":{"line":963,"column":12},"end":{"line":963,"column":12},"skip":true},{"start":{"line":963,"column":12},"end":{"line":963,"column":12}}]},"52":{"line":963,"type":"binary-expr","locations":[{"start":{"line":963,"column":16},"end":{"line":963,"column":57}},{"start":{"line":963,"column":61},"end":{"line":963,"column":124}}]},"53":{"line":968,"type":"if","locations":[{"start":{"line":968,"column":12},"end":{"line":968,"column":12}},{"start":{"line":968,"column":12},"end":{"line":968,"column":12}}]},"54":{"line":968,"type":"binary-expr","locations":[{"start":{"line":968,"column":15},"end":{"line":968,"column":22}},{"start":{"line":968,"column":26},"end":{"line":968,"column":40}},{"start":{"line":968,"column":44},"end":{"line":968,"column":65}}]},"55":{"line":971,"type":"if","locations":[{"start":{"line":971,"column":16},"end":{"line":971,"column":16}},{"start":{"line":971,"column":16},"end":{"line":971,"column":16},"skip":true}]},"56":{"line":977,"type":"if","locations":[{"start":{"line":977,"column":12},"end":{"line":977,"column":12}},{"start":{"line":977,"column":12},"end":{"line":977,"column":12}}]},"57":{"line":992,"type":"binary-expr","locations":[{"start":{"line":992,"column":30},"end":{"line":992,"column":54},"skip":true},{"start":{"line":992,"column":58},"end":{"line":992,"column":60},"skip":true}]},"58":{"line":996,"type":"if","locations":[{"start":{"line":996,"column":12},"end":{"line":996,"column":12},"skip":true},{"start":{"line":996,"column":12},"end":{"line":996,"column":12}}]},"59":{"line":997,"type":"if","locations":[{"start":{"line":997,"column":16},"end":{"line":997,"column":16},"skip":true},{"start":{"line":997,"column":16},"end":{"line":997,"column":16},"skip":true}]},"60":{"line":1020,"type":"binary-expr","locations":[{"start":{"line":1020,"column":29},"end":{"line":1020,"column":53}},{"start":{"line":1020,"column":57},"end":{"line":1020,"column":83}}]}},"l":{"3":1,"4":1537,"5":1537,"7":0,"13":1,"56":1,"57":23083,"58":23080,"62":2,"63":23078,"66":1,"130":1,"131":1,"132":1,"133":1,"136":1,"138":1,"140":1,"161":1,"162":1,"164":1,"165":7,"167":1,"168":1,"275":759,"279":11,"280":9,"281":9,"283":11,"284":11,"285":11,"286":11,"287":11,"288":11,"289":11,"290":1,"291":1,"295":1,"297":11,"298":11,"299":1,"300":1,"304":1,"306":11,"307":11,"308":1,"309":1,"313":1,"315":11,"316":11,"317":1,"318":1,"322":1,"324":11,"325":11,"326":11,"327":11,"328":11,"330":11,"331":11,"332":11,"333":2,"335":2,"337":2,"339":2,"340":2,"342":11,"343":11,"344":1,"346":1,"348":1,"350":1,"351":1,"353":11,"354":11,"355":1,"357":1,"359":1,"361":1,"362":1,"364":11,"365":11,"366":11,"367":11,"369":11,"370":11,"371":11,"372":1,"373":1,"374":1,"376":11,"377":11,"379":11,"380":11,"385":11,"386":11,"387":11,"388":11,"389":11,"390":11,"391":11,"399":11,"400":11,"401":11,"402":11,"403":2,"404":2,"405":2,"406":1,"407":1,"409":2,"411":11,"412":11,"414":11,"415":1,"416":1,"417":1,"418":1,"420":11,"421":11,"422":11,"423":2,"425":11,"426":4,"427":4,"428":4,"429":4,"431":11,"434":11,"435":11,"436":0,"438":11,"439":0,"440":0,"441":0,"442":0,"444":11,"447":11,"448":11,"451":17,"452":17,"453":17,"461":759,"463":759,"464":1,"466":759,"470":4,"473":166,"478":759,"479":4554,"481":759,"482":12,"484":759,"485":4554,"492":759,"496":2,"498":166,"501":759,"505":2,"507":166,"509":759,"513":2,"515":166,"517":759,"521":2,"523":166,"525":759,"529":2,"531":166,"533":759,"537":2,"540":759,"544":2,"547":759,"551":2,"554":166,"558":759,"562":2,"566":166,"567":166,"568":166,"571":58,"572":58,"583":1,"586":166,"587":166,"590":759,"594":2,"598":166,"599":166,"600":166,"603":58,"604":58,"608":1,"611":166,"612":166,"615":759,"619":2,"622":152,"623":152,"626":46,"627":46,"631":1,"634":152,"635":152,"638":759,"642":2,"646":166,"647":166,"648":166,"651":58,"652":58,"656":1,"660":166,"661":166,"664":759,"668":2,"671":166,"675":759,"679":2,"682":166,"686":759,"690":2,"693":166,"697":759,"701":2,"704":166,"708":759,"712":2,"715":166,"718":759,"722":8,"724":8,"725":8,"726":8,"729":8,"730":11,"731":11,"732":11,"733":7,"735":11,"736":24,"738":4,"740":20,"741":20,"742":20,"743":20,"746":11,"747":11,"750":8,"751":21,"754":7,"758":8,"759":8,"762":8,"763":8,"764":54,"766":54,"767":54,"769":54,"771":8,"773":8,"777":4,"779":8,"874":759,"875":13,"876":1,"878":13,"881":759,"885":2,"886":2,"887":2,"890":1,"891":1,"895":1,"905":1,"906":1,"915":759,"919":2,"920":2,"923":2,"925":2,"927":1,"930":1,"932":1,"936":1,"938":1,"942":1,"945":1,"956":759,"960":11,"963":11,"964":1,"966":11,"968":11,"971":10,"972":10,"977":166,"978":108,"985":759,"990":156,"992":156,"993":156,"996":156,"997":152,"998":152,"1007":156,"1009":156,"1011":156,"1014":759,"1019":156,"1020":156,"1023":156,"1025":156,"1027":156,"1028":156}},
"/Users/ioakeimidisg/Repos/eip-tools/eip-npm-modules/eip-textAngular/dist/textAngular.js":{"path":"/Users/ioakeimidisg/Repos/eip-tools/eip-npm-modules/eip-textAngular/dist/textAngular.js","s":{"1":1,"2":1,"3":1,"4":1,"5":1,"6":1,"7":1,"8":1,"9":0,"10":1,"11":1138,"12":1138,"13":1138,"14":1138,"15":1138,"16":1138,"17":1,"18":1,"19":1,"20":1,"21":1,"22":1,"23":1,"24":1,"25":0,"26":0,"27":1,"28":1,"29":1,"30":1,"31":1,"32":1,"33":0,"34":0,"35":0,"36":1,"37":1,"38":1,"39":1,"40":1,"41":1,"42":1,"43":1,"44":17,"45":1,"46":17,"47":17,"48":17,"49":17,"50":0,"51":0,"52":17,"53":17,"54":0,"55":17,"56":17,"57":0,"58":0,"59":17,"60":1,"61":17,"62":17,"63":17,"64":17,"65":17,"66":17,"67":1,"68":17,"69":1,"70":17,"71":17,"72":0,"73":17,"74":17,"75":17,"76":0,"77":1,"78":555,"79":476,"80":339,"81":137,"82":0,"83":137,"84":470,"85":14,"86":14,"87":14,"88":22,"89":22,"90":18,"91":4,"92":4,"93":22,"94":5,"95":5,"96":2,"97":1,"98":3,"99":14,"100":480,"101":1095,"102":242,"103":853,"104":853,"105":853,"106":853,"107":853,"108":1,"109":1,"110":1,"111":1,"112":853,"113":1,"114":1,"115":1,"116":1,"117":853,"118":844,"119":61,"120":61,"121":61,"122":61,"123":5,"124":5,"125":1,"126":56,"127":61,"128":844,"129":853,"130":59,"131":59,"132":794,"133":480,"134":528,"135":528,"136":528,"137":1056,"138":1056,"139":1056,"140":0,"141":1056,"142":1056,"143":1056,"144":528,"145":1,"146":3,"147":3,"148":3,"149":3,"150":3,"151":5,"152":5,"153":4,"154":3,"155":1,"156":1,"157":3,"158":1,"159":1141,"160":242,"161":899,"162":899,"163":899,"164":899,"165":90,"166":90,"167":90,"168":3,"169":3,"170":3,"171":4,"172":8,"173":4,"174":3,"175":3,"176":1,"177":2,"178":3,"179":3,"180":3,"181":1,"182":3,"183":3,"184":3,"185":899,"186":2,"187":897,"188":899,"189":1,"190":1164,"191":242,"192":922,"193":922,"194":922,"195":5,"196":5,"197":5,"198":5,"199":1,"200":4,"201":5,"202":5,"203":922,"204":528,"205":528,"206":528,"207":528,"208":1164,"209":1138,"210":1138,"211":1164,"212":1164,"213":922,"214":922,"215":922,"216":922,"217":922,"218":1164,"219":1164,"220":1164,"221":1158,"222":22,"223":6,"224":1164,"225":1164,"226":1164,"227":1164,"228":1164,"229":1164,"230":1164,"231":1164,"232":8,"233":8,"234":8,"235":1164,"236":567,"237":88,"238":80,"239":677,"240":88,"241":88,"242":88,"243":88,"244":86,"245":84,"246":2,"247":88,"248":85,"249":1,"250":337,"251":6,"252":6,"253":6,"254":6,"255":6,"256":6,"257":6,"258":337,"259":5,"260":5,"261":5,"262":5,"263":5,"264":5,"265":10,"266":5,"267":5,"268":4,"269":5,"270":4,"271":5,"272":5,"273":5,"274":2,"275":3,"276":3,"277":3,"278":5,"279":5,"280":1,"281":1,"282":1,"283":1,"284":1,"285":1,"286":4,"287":1,"288":1,"289":1,"290":3,"291":3,"292":3,"293":3,"294":3,"295":3,"296":3,"297":3,"298":3,"299":3,"300":3,"301":3,"302":3,"303":3,"304":3,"305":3,"306":3,"307":337,"308":6,"309":6,"310":6,"311":6,"312":6,"313":6,"314":19,"315":38,"316":12,"317":6,"318":4,"319":6,"320":3,"321":6,"322":6,"323":3,"324":6,"325":6,"326":3,"327":3,"328":6,"329":6,"330":3,"331":6,"332":6,"333":2,"334":2,"335":2,"336":2,"337":2,"338":4,"339":3,"340":3,"341":3,"342":1,"343":1,"344":1,"345":1,"346":1,"347":1,"348":1,"349":1,"350":1,"351":1,"352":1,"353":1,"354":1,"355":1,"356":1,"357":1,"358":337,"359":23,"360":2,"361":21,"362":337,"363":5,"364":5,"365":5,"366":5,"367":337,"368":18,"369":18,"370":20,"371":18,"372":18,"373":18,"374":18,"375":337,"376":35,"377":76,"378":76,"379":0,"380":35,"381":0,"382":35,"383":0,"384":35,"385":35,"386":35,"387":35,"388":35,"389":337,"390":340,"391":340,"392":158,"393":158,"394":158,"395":158,"396":82,"397":158,"398":158,"399":158,"400":158,"401":0,"402":0,"403":0,"404":0,"405":0,"406":0,"407":0,"408":0,"409":0,"410":0,"411":0,"412":0,"413":0,"414":0,"415":0,"416":158,"417":0,"418":0,"419":0,"420":0,"421":0,"422":0,"423":0,"424":0,"425":0,"426":0,"427":0,"428":0,"429":0,"430":0,"431":0,"432":158,"433":0,"434":0,"435":0,"436":0,"437":158,"438":0,"439":0,"440":0,"441":0,"442":158,"443":0,"444":158,"445":158,"446":158,"447":57,"448":57,"449":57,"450":6,"451":51,"452":4,"453":2,"454":2,"455":2,"456":47,"457":1,"458":46,"459":1,"460":45,"461":23,"462":17,"463":3,"464":3,"465":20,"466":2,"467":18,"468":18,"469":16,"470":4,"471":18,"472":2,"473":16,"474":22,"475":21,"476":21,"477":4,"478":4,"479":4,"480":17,"481":5,"482":3,"483":2,"484":12,"485":12,"486":12,"487":24,"488":24,"489":24,"490":0,"491":24,"492":10,"493":14,"494":2,"495":12,"496":24,"497":12,"498":12,"499":12,"500":12,"501":16,"502":16,"503":101,"504":46,"505":46,"506":5,"507":5,"508":46,"509":2,"510":44,"511":46,"512":12,"513":12,"514":46,"515":6,"516":6,"517":6,"518":8,"519":6,"520":1,"521":1,"522":1,"523":1,"524":5,"525":5,"526":5,"527":5,"528":40,"529":5,"530":5,"531":5,"532":5,"533":0,"534":0,"535":0,"536":5,"537":5,"538":35,"539":3,"540":32,"541":32,"542":18,"543":32,"544":50,"545":10,"546":14,"547":32,"548":50,"549":32,"550":8,"551":23,"552":32,"553":1,"554":1,"555":1,"556":31,"557":7,"558":7,"559":9,"560":7,"561":7,"562":7,"563":7,"564":9,"565":9,"566":24,"567":0,"568":0,"569":0,"570":0,"571":0,"572":0,"573":0,"574":0,"575":0,"576":24,"577":35,"578":35,"579":18,"580":46,"581":46,"582":46,"583":55,"584":15,"585":0,"586":0,"587":15,"588":15,"589":2,"590":13,"591":12,"592":12,"593":15,"594":40,"595":7,"596":7,"597":34,"598":34,"599":663,"600":663,"601":663,"602":1322,"603":0,"604":1322,"605":663,"606":661,"607":661,"608":661,"609":0,"610":661,"611":661,"612":661,"613":504,"614":504,"615":661,"616":0,"617":0,"618":0,"619":661,"620":0,"621":661,"622":661,"623":1,"624":1,"625":1,"626":1,"627":1,"628":0,"629":0,"630":0,"631":0,"632":0,"633":0,"634":0,"635":0,"636":0,"637":0,"638":0,"639":0,"640":0,"641":0,"642":0,"643":0,"644":0,"645":0,"646":0,"647":0,"648":0,"649":0,"650":0,"651":0,"652":0,"653":1,"654":0,"655":0,"656":0,"657":0,"658":0,"659":0,"660":0,"661":0,"662":0,"663":0,"664":0,"665":0,"666":0,"667":0,"668":0,"669":0,"670":0,"671":0,"672":0,"673":0,"674":0,"675":0,"676":0,"677":0,"678":0,"679":0,"680":0,"681":0,"682":0,"683":0,"684":0,"685":0,"686":0,"687":0,"688":0,"689":0,"690":1,"691":1,"692":0,"693":1,"694":1,"695":1,"696":1,"697":1,"698":1,"699":1,"700":4,"701":3,"702":3,"703":3,"704":3,"705":2,"706":3,"707":1,"708":1,"709":1,"710":25,"711":25,"712":25,"713":25,"714":12,"715":8,"716":8,"717":8,"718":8,"719":40,"720":8,"721":8,"722":8,"723":3,"724":3,"725":3,"726":3,"727":8,"728":286,"729":286,"730":286,"731":0,"732":0,"733":0,"734":0,"735":0,"736":0,"737":0,"738":0,"739":0,"740":0,"741":0,"742":0,"743":0,"744":3,"745":3,"746":3,"747":3,"748":49,"749":49,"750":49,"751":49,"752":0,"753":49,"754":78,"755":5,"756":12,"757":12,"758":12,"759":12,"760":12,"761":12,"762":12,"763":12,"764":12,"765":12,"766":12,"767":0,"768":12,"769":12,"770":12,"771":12,"772":12,"773":0,"774":0,"775":0,"776":12,"777":12,"778":0,"779":0,"780":0,"781":0,"782":0,"783":0,"784":0,"785":0,"786":0,"787":0,"788":0,"789":0,"790":0,"791":0,"792":0,"793":0,"794":0,"795":0,"796":0,"797":0,"798":0,"799":0,"800":0,"801":0,"802":0,"803":0,"804":0,"805":0,"806":0,"807":0,"808":0,"809":0,"810":0,"811":0,"812":0,"813":0,"814":0,"815":0,"816":0,"817":0,"818":0,"819":0,"820":12,"821":12,"822":12,"823":663,"824":679,"825":17,"826":17,"827":17,"828":10,"829":11,"830":17,"831":4,"832":17,"833":7,"834":7,"835":7,"836":7,"837":4,"838":1,"839":3,"840":3,"841":3,"842":3,"843":2,"844":2,"845":3,"846":1,"847":1,"848":3,"849":3,"850":3,"851":3,"852":1,"853":2,"854":1,"855":679,"856":1,"857":7,"858":6,"859":6,"860":2,"861":4,"862":6,"863":6,"864":1,"865":5,"866":1,"867":4,"868":9,"869":9,"870":9,"871":8,"872":7,"873":7,"874":2,"875":5,"876":7,"877":7,"878":1,"879":6,"880":1,"881":5,"882":11,"883":11,"884":11,"885":1,"886":481,"887":1402,"888":266,"889":1136,"890":1136,"891":69,"892":18,"893":51,"894":1067,"895":313,"896":8501,"897":8501,"898":1,"899":0,"900":1,"901":1,"902":470,"903":740,"904":740,"905":740,"906":740,"907":740,"908":740,"909":740,"910":740,"911":740,"912":740,"913":740,"914":740,"915":740,"916":740,"917":740,"918":740,"919":740,"920":740,"921":740,"922":740,"923":740,"924":740,"925":740,"926":740,"927":1,"928":10,"929":10,"930":50,"931":10,"932":10,"933":3,"934":7,"935":10,"936":5,"937":10,"938":740,"939":727,"940":740,"941":2,"942":2,"943":738,"944":738,"945":740,"946":740,"947":740,"948":1084,"949":260,"950":824,"951":824,"952":69,"953":755,"954":755,"955":755,"956":755,"957":759,"958":754,"959":755,"960":1,"961":754,"962":754,"963":789,"964":789,"965":789,"966":2,"967":787,"968":2,"969":2,"970":1,"971":1,"972":785,"973":9,"974":9,"975":9,"976":0,"977":776,"978":824,"979":740,"980":2,"981":740,"982":740,"983":740,"984":1063,"985":2,"986":1061,"987":1,"988":1061,"989":1061,"990":33,"991":1061,"992":2,"993":1061,"994":1061,"995":17,"996":11,"997":28,"998":12,"999":16,"1000":16,"1001":1791,"1002":740,"1003":319,"1004":310,"1005":9,"1006":8,"1007":1,"1008":740,"1009":28,"1010":28,"1011":28,"1012":740,"1013":964,"1014":964,"1015":1957,"1016":740,"1017":278,"1018":278,"1019":224,"1020":278,"1021":224,"1022":277,"1023":34,"1024":12,"1025":34,"1026":11,"1027":243,"1028":243,"1029":135,"1030":135,"1031":90,"1032":277,"1033":740,"1034":624,"1035":740,"1036":740,"1037":17,"1038":17,"1039":17,"1040":12,"1041":12,"1042":12,"1043":4,"1044":12,"1045":2,"1046":2,"1047":740,"1048":11,"1049":11,"1050":11,"1051":4,"1052":4,"1053":4,"1054":4,"1055":4,"1056":2,"1057":2,"1058":740,"1059":187,"1060":184,"1061":740,"1062":1084,"1063":740,"1064":18,"1065":30,"1066":740,"1067":740,"1068":740,"1069":740,"1070":740,"1071":928,"1072":740,"1073":727,"1074":727,"1075":295,"1076":8,"1077":6,"1078":295,"1079":5,"1080":0,"1081":5,"1082":5,"1083":5,"1084":5,"1085":5,"1086":4,"1087":4,"1088":3,"1089":3,"1090":1,"1091":1,"1092":5,"1093":295,"1094":49,"1095":49,"1096":31,"1097":49,"1098":295,"1099":325,"1100":358,"1101":295,"1102":13,"1103":13,"1104":13,"1105":13,"1106":13,"1107":28,"1108":28,"1109":2,"1110":2,"1111":26,"1112":1,"1113":1,"1114":25,"1115":0,"1116":25,"1117":2,"1118":23,"1119":13,"1120":13,"1121":295,"1122":393,"1123":393,"1124":312,"1125":312,"1126":330,"1127":330,"1128":2,"1129":2,"1130":328,"1131":1,"1132":1,"1133":327,"1134":0,"1135":327,"1136":17,"1137":327,"1138":11,"1139":316,"1140":393,"1141":432,"1142":432,"1143":23,"1144":23,"1145":23,"1146":22,"1147":0,"1148":0,"1149":0,"1150":0,"1151":0,"1152":0,"1153":0,"1154":0,"1155":0,"1156":0,"1157":0,"1158":0,"1159":0,"1160":0,"1161":0,"1162":0,"1163":0,"1164":0,"1165":0,"1166":0,"1167":0,"1168":0,"1169":0,"1170":0,"1171":0,"1172":0,"1173":0,"1174":0,"1175":0,"1176":0,"1177":0,"1178":0,"1179":0,"1180":0,"1181":0,"1182":0,"1183":0,"1184":0,"1185":0,"1186":0,"1187":0,"1188":0,"1189":0,"1190":0,"1191":0,"1192":0,"1193":0,"1194":0,"1195":0,"1196":0,"1197":0,"1198":0,"1199":0,"1200":0,"1201":0,"1202":0,"1203":0,"1204":0,"1205":0,"1206":0,"1207":0,"1208":0,"1209":0,"1210":0,"1211":0,"1212":0,"1213":0,"1214":0,"1215":0,"1216":0,"1217":0,"1218":0,"1219":0,"1220":0,"1221":0,"1222":0,"1223":0,"1224":0,"1225":0,"1226":0,"1227":22,"1228":22,"1229":0,"1230":0,"1231":0,"1232":0,"1233":0,"1234":0,"1235":0,"1236":0,"1237":0,"1238":22,"1239":0,"1240":0,"1241":22,"1242":22,"1243":0,"1244":22,"1245":0,"1246":0,"1247":0,"1248":0,"1249":22,"1250":22,"1251":22,"1252":22,"1253":22,"1254":22,"1255":22,"1256":22,"1257":22,"1258":22,"1259":22,"1260":22,"1261":22,"1262":22,"1263":22,"1264":22,"1265":22,"1266":0,"1267":0,"1268":0,"1269":0,"1270":0,"1271":0,"1272":22,"1273":2,"1274":22,"1275":22,"1276":22,"1277":22,"1278":16,"1279":16,"1280":16,"1281":1,"1282":1,"1283":432,"1284":26,"1285":22,"1286":26,"1287":3,"1288":3,"1289":3,"1290":23,"1291":23,"1292":23,"1293":23,"1294":23,"1295":0,"1296":0,"1297":0,"1298":0,"1299":0,"1300":23,"1301":22,"1302":22,"1303":22,"1304":22,"1305":20,"1306":2,"1307":2,"1308":22,"1309":22,"1310":22,"1311":22,"1312":1,"1313":1,"1314":1,"1315":1,"1316":1,"1317":1,"1318":1,"1319":1,"1320":432,"1321":2,"1322":1,"1323":1,"1324":1,"1325":432,"1326":10,"1327":2,"1328":10,"1329":1,"1330":9,"1331":10,"1332":10,"1333":10,"1334":0,"1335":0,"1336":0,"1337":0,"1338":0,"1339":0,"1340":0,"1341":10,"1342":0,"1343":10,"1344":5,"1345":5,"1346":10,"1347":10,"1348":2,"1349":2,"1350":10,"1351":3,"1352":3,"1353":10,"1354":1,"1355":1,"1356":1,"1357":1,"1358":0,"1359":1,"1360":1,"1361":1,"1362":0,"1363":1,"1364":1,"1365":1,"1366":1,"1367":1,"1368":1,"1369":1,"1370":1,"1371":1,"1372":1,"1373":1,"1374":1,"1375":1,"1376":0,"1377":0,"1378":0,"1379":0,"1380":0,"1381":432,"1382":432,"1383":68,"1384":0,"1385":68,"1386":68,"1387":0,"1388":0,"1389":0,"1390":0,"1391":68,"1392":1,"1393":68,"1394":1,"1395":68,"1396":1,"1397":68,"1398":41,"1399":41,"1400":4,"1401":4,"1402":1,"1403":4,"1404":3,"1405":1,"1406":1,"1407":1,"1408":1,"1409":1,"1410":0,"1411":0,"1412":0,"1413":0,"1414":0,"1415":41,"1416":41,"1417":1,"1418":1,"1419":40,"1420":41,"1421":41,"1422":1,"1423":41,"1424":38,"1425":41,"1426":36,"1427":34,"1428":41,"1429":432,"1430":432,"1431":31,"1432":30,"1433":0,"1434":30,"1435":0,"1436":0,"1437":0,"1438":0,"1439":0,"1440":0,"1441":432,"1442":27,"1443":27,"1444":27,"1445":0,"1446":0,"1447":432,"1448":18,"1449":18,"1450":17,"1451":1,"1452":17,"1453":17,"1454":431,"1455":107,"1456":107,"1457":107,"1458":431,"1459":2,"1460":2,"1461":1,"1462":431,"1463":1,"1464":0,"1465":1,"1466":739,"1467":28,"1468":0,"1469":28,"1470":13,"1471":13,"1472":13,"1473":7,"1474":6,"1475":13,"1476":13,"1477":13,"1478":13,"1479":739,"1480":739,"1481":739,"1482":1204,"1483":0,"1484":1204,"1485":1204,"1486":1204,"1487":999,"1488":61,"1489":61,"1490":1,"1491":61,"1492":1,"1493":0,"1494":0,"1495":1,"1496":999,"1497":593,"1498":21,"1499":12,"1500":9,"1501":572,"1502":593,"1503":578,"1504":578,"1505":15,"1506":406,"1507":14,"1508":392,"1509":1204,"1510":27,"1511":14,"1512":1,"1513":13,"1514":13,"1515":1204,"1516":739,"1517":44,"1518":44,"1519":32,"1520":32,"1521":15,"1522":32,"1523":15,"1524":12,"1525":12,"1526":4,"1527":8,"1528":6,"1529":44,"1530":62,"1531":44,"1532":18,"1533":8,"1534":8,"1535":3,"1536":8,"1537":4,"1538":8,"1539":16,"1540":8,"1541":10,"1542":10,"1543":4,"1544":6,"1545":5,"1546":10,"1547":20,"1548":10,"1549":18,"1550":739,"1551":416,"1552":852,"1553":416,"1554":1,"1555":1,"1556":1,"1557":759,"1558":23043,"1559":1,"1560":255,"1561":256,"1562":256,"1563":256,"1564":256,"1565":37,"1566":3,"1567":256,"1568":256,"1569":78,"1570":2,"1571":76,"1572":2,"1573":74,"1574":74,"1575":12,"1576":74,"1577":256,"1578":5,"1579":256,"1580":5,"1581":256,"1582":5,"1583":256,"1584":2,"1585":2,"1586":1,"1587":256,"1588":2,"1589":256,"1590":2,"1591":256,"1592":4,"1593":252,"1594":256,"1595":256,"1596":256,"1597":256,"1598":256,"1599":256,"1600":256,"1601":1,"1602":0,"1603":1,"1604":1,"1605":256,"1606":0,"1607":0,"1608":0,"1609":0,"1610":0,"1611":0,"1612":256,"1613":256,"1614":256,"1615":131,"1616":131,"1617":131,"1618":131,"1619":131,"1620":27,"1621":0,"1622":104,"1623":104,"1624":104,"1625":256,"1626":262,"1627":262,"1628":52,"1629":262,"1630":0,"1631":0,"1632":262,"1633":2,"1634":260,"1635":208,"1636":52,"1637":256,"1638":26,"1639":26,"1640":26,"1641":3,"1642":26,"1643":26,"1644":26,"1645":26,"1646":2,"1647":256,"1648":0,"1649":256,"1650":26,"1651":26,"1652":26,"1653":0,"1654":0,"1655":26,"1656":26,"1657":26,"1658":26,"1659":26,"1660":26,"1661":26,"1662":26,"1663":26,"1664":26,"1665":256,"1666":15,"1667":15,"1668":15,"1669":15,"1670":15,"1671":256,"1672":256,"1673":1024,"1674":256,"1675":256,"1676":256,"1677":0,"1678":256,"1679":11,"1680":11,"1681":11,"1682":256,"1683":11,"1684":11,"1685":0,"1686":0,"1687":0,"1688":0,"1689":0,"1690":0,"1691":0,"1692":0,"1693":0,"1694":0,"1695":0,"1696":0,"1697":0,"1698":0,"1699":0,"1700":0,"1701":0,"1702":1,"1703":0,"1704":0,"1705":0,"1706":0,"1707":0,"1708":0,"1709":0,"1710":0,"1711":0,"1712":0,"1713":0,"1714":0,"1715":0,"1716":0,"1717":11,"1718":11,"1719":11,"1720":11,"1721":0,"1722":256,"1723":0,"1724":0,"1725":256,"1726":256,"1727":256,"1728":256,"1729":256,"1730":256,"1731":2,"1732":256,"1733":4,"1734":4,"1735":256,"1736":2,"1737":2,"1738":256,"1739":256,"1740":256,"1741":256,"1742":256,"1743":256,"1744":3,"1745":3,"1746":3,"1747":256,"1748":2,"1749":2,"1750":256,"1751":3,"1752":3,"1753":3,"1754":3,"1755":6,"1756":6,"1757":4,"1758":2,"1759":256,"1760":1,"1761":1,"1762":1,"1763":256,"1764":256,"1765":256,"1766":256,"1767":256,"1768":256,"1769":256,"1770":256,"1771":336,"1772":0,"1773":256,"1774":256,"1775":256,"1776":84,"1777":84,"1778":84,"1779":84,"1780":84,"1781":84,"1782":84,"1783":84,"1784":84,"1785":84,"1786":84,"1787":84,"1788":84,"1789":84,"1790":84,"1791":10,"1792":9,"1793":256,"1794":153,"1795":153,"1796":80,"1797":2,"1798":78,"1799":80,"1800":153,"1801":153,"1802":153,"1803":149,"1804":256,"1805":99,"1806":99,"1807":99,"1808":99,"1809":99,"1810":99,"1811":13,"1812":256,"1813":256,"1814":256,"1815":14,"1816":13,"1817":13,"1818":13,"1819":4,"1820":4,"1821":4,"1822":14,"1823":14,"1824":256,"1825":256,"1826":256,"1827":1,"1828":256,"1829":1642,"1830":256,"1831":1558,"1832":256,"1833":7,"1834":7,"1835":7,"1836":7,"1837":4,"1838":2,"1839":2,"1840":2,"1841":3,"1842":2,"1843":2,"1844":2,"1845":256,"1846":98,"1847":98,"1848":108,"1849":98,"1850":98,"1851":98,"1852":2,"1853":108,"1854":108,"1855":98,"1856":12,"1857":21,"1858":21,"1859":158,"1860":158,"1861":256,"1862":352,"1863":103,"1864":30,"1865":103,"1866":256,"1867":3,"1868":253,"1869":253,"1870":6,"1871":253,"1872":1,"1873":253,"1874":1,"1875":253,"1876":1,"1877":253,"1878":1,"1879":253,"1880":5,"1881":253,"1882":253,"1883":253,"1884":256,"1885":256,"1886":256,"1887":256,"1888":256,"1889":256,"1890":25,"1891":24,"1892":256,"1893":7,"1894":6,"1895":6,"1896":6,"1897":6,"1898":6,"1899":5,"1900":1,"1901":6,"1902":6,"1903":1,"1904":1,"1905":256,"1906":256,"1907":0,"1908":0,"1909":256,"1910":167,"1911":167,"1912":0,"1913":167,"1914":61,"1915":106,"1916":167,"1917":1,"1918":256,"1919":1,"1920":0,"1921":0,"1922":1,"1923":1,"1924":1,"1925":1,"1926":256,"1927":256,"1928":256,"1929":15,"1930":256,"1931":256,"1932":256,"1933":2,"1934":2,"1935":2,"1936":0,"1937":0,"1938":0,"1939":0,"1940":2,"1941":1,"1942":2,"1943":2,"1944":1,"1945":1,"1946":1,"1947":1,"1948":256,"1949":256,"1950":256,"1951":1,"1952":1,"1953":0,"1954":256,"1955":256,"1956":1,"1957":558,"1958":558,"1959":558,"1960":2,"1961":2,"1962":558,"1963":558,"1964":558,"1965":337,"1966":337,"1967":0,"1968":0,"1969":558,"1970":0,"1971":0,"1972":0,"1973":558,"1974":1389,"1975":337,"1976":558,"1977":277,"1978":2,"1979":275,"1980":1,"1981":274,"1982":1,"1983":273,"1984":4,"1985":3,"1986":2,"1987":4,"1988":1,"1989":2,"1990":121,"1991":123,"1992":123,"1993":123,"1994":121,"1995":14,"1996":15,"1997":15,"1998":14,"1999":175,"2000":175,"2001":4953,"2002":4092,"2003":4092,"2004":8,"2005":8,"2006":6,"2007":221,"2008":7,"2009":7,"2010":6,"2011":6,"2012":6,"2013":8,"2014":31,"2015":51,"2016":51,"2017":67,"2018":51,"2019":31,"2020":31,"2021":31,"2022":31,"2023":31,"2024":31,"2025":981,"2026":56,"2027":56,"2028":35,"2029":31,"2030":3,"2031":8,"2032":5,"2033":3,"2034":3,"2035":28,"2036":27,"2037":31,"2038":30,"2039":30,"2040":30,"2041":30,"2042":30,"2043":29,"2044":29,"2045":29,"2046":30,"2047":29,"2048":31,"2049":273,"2050":271,"2051":268,"2052":273,"2053":273,"2054":270,"2055":258,"2056":258,"2057":372,"2058":1,"2059":371,"2060":2,"2061":369,"2062":1,"2063":368,"2064":368,"2065":4,"2066":368,"2067":69,"2068":5,"2069":5,"2070":5,"2071":5,"2072":346,"2073":346,"2074":23,"2075":23,"2076":69,"2077":2,"2078":2,"2079":61,"2080":2,"2081":73,"2082":73,"2083":107,"2084":72,"2085":63,"2086":63,"2087":190,"2088":63,"2089":112,"2090":111,"2091":1,"2092":193,"2093":192,"2094":1,"2095":2,"2096":2,"2097":4,"2098":4,"2099":16,"2100":16,"2101":40,"2102":3,"2103":3,"2104":37,"2105":9,"2106":16,"2107":12,"2108":12,"2109":2,"2110":2,"2111":2,"2112":4,"2113":2,"2114":2,"2115":2,"2116":2,"2117":2,"2118":1,"2119":1,"2120":1,"2121":1,"2122":1,"2123":6,"2124":6,"2125":1,"2126":1,"2127":1,"2128":1,"2129":3,"2130":4,"2131":4,"2132":3,"2133":4,"2134":1,"2135":314,"2136":344,"2137":1,"2138":343,"2139":343,"2140":8,"2141":343,"2142":2,"2143":343,"2144":2,"2145":343,"2146":2,"2147":343,"2148":2,"2149":343,"2150":7,"2151":343,"2152":343,"2153":343,"2154":343,"2155":343,"2156":343,"2157":415,"2158":161,"2159":254,"2160":343,"2161":8501,"2162":8501,"2163":424,"2164":8077,"2165":8501,"2166":18,"2167":8483,"2168":8501,"2169":8501,"2170":8501,"2171":8501,"2172":8501,"2173":8501,"2174":8501,"2175":7668,"2176":8501,"2177":7950,"2178":7950,"2179":2638,"2180":7950,"2181":5367,"2182":5367,"2183":5367,"2184":5367,"2185":5367,"2186":55,"2187":8501,"2188":8501,"2189":343,"2190":343,"2191":20,"2192":16,"2193":343,"2194":41597,"2195":30169,"2196":352,"2197":29817,"2198":30190,"2199":343,"2200":1153,"2201":1153,"2202":1153,"2203":8306,"2204":8306,"2205":8306,"2206":1153,"2207":343,"2208":303,"2209":303,"2210":187,"2211":111,"2212":187,"2213":1,"2214":186,"2215":4,"2216":186,"2217":4,"2218":186,"2219":4,"2220":186,"2221":186,"2222":186,"2223":343,"2224":9,"2225":9,"2226":9,"2227":9,"2228":1,"2229":9,"2230":9,"2231":1,"2232":1,"2233":8,"2234":8,"2235":343,"2236":343,"2237":343,"2238":1,"2239":1,"2240":1,"2241":1},"b":{"1":[0,1],"2":[1,0],"3":[1,0,0,0,0,0],"4":[1138,65,21],"5":[0,1],"6":[1,0],"7":[1,1],"8":[1,0],"9":[1,0],"10":[0,1],"11":[0,0],"12":[1,0],"13":[1,0],"14":[17,0],"15":[0,0],"16":[17,0],"17":[17,0],"18":[0,0],"19":[17,0],"20":[17,0],"21":[0,17],"22":[17,17],"23":[17,0],"24":[339,137],"25":[0,339],"26":[0,137],"27":[0,0],"28":[0,0],"29":[0,137],"30":[18,4],"31":[22,18],"32":[4,0],"33":[4,4],"34":[2,3],"35":[5,3,3,2],"36":[1,1],"37":[242,853],"38":[1095,853,853],"39":[1,852],"40":[844,9],"41":[5,56],"42":[1,4],"43":[59,794],"44":[0,1056],"45":[4,1],"46":[3,1],"47":[242,899],"48":[1141,899,899],"49":[90,1],"50":[3,87],"51":[90,90],"52":[4,4],"53":[1,2],"54":[1,2],"55":[2,897],"56":[242,922],"57":[1164,922,922],"58":[1,4],"59":[1,0],"60":[4,2],"61":[1138,26],"62":[922,242],"63":[22,1136],"64":[6,1],"65":[1172,8],"66":[80,8],"67":[85,3],"68":[88,81],"69":[5,5],"70":[4,1],"71":[4,1],"72":[2,3],"73":[1,4],"74":[1,3],"75":[12,26],"76":[4,2],"77":[3,3],"78":[3,3],"79":[2,4],"80":[3,1],"81":[2,21],"82":[0,76],"83":[76,41],"84":[0,35],"85":[0,35],"86":[82,76],"87":[158,0],"88":[0,158],"89":[158,36,0,0,0,0],"90":[0,0],"91":[0,0],"92":[0,0],"93":[0,0],"94":[0,0],"95":[0,158],"96":[158,0,0,0,0],"97":[0,0],"98":[0,0],"99":[0,0],"100":[0,0],"101":[0,0],"102":[0,158],"103":[158,77,62,61,0],"104":[0,0],"105":[0,158],"106":[158,4,0,0],"107":[0,0],"108":[0,158],"109":[158,158,158,0],"110":[57,101],"111":[158,128],"112":[30,27],"113":[6,51],"114":[57,22,22],"115":[4,47],"116":[2,2],"117":[4,2],"118":[1,46],"119":[47,2,1],"120":[1,45],"121":[46,1,1],"122":[23,22],"123":[45,44],"124":[17,6],"125":[3,14],"126":[17,3],"127":[2,18],"128":[20,19],"129":[4,12],"130":[2,16],"131":[21,1],"132":[4,17],"133":[5,12],"134":[17,5,3],"135":[3,2],"136":[24,0],"137":[0,24],"138":[10,14],"139":[24,20],"140":[2,12],"141":[14,2,2],"142":[46,55],"143":[5,41],"144":[2,44],"145":[58,58,12],"146":[12,0],"147":[6,40],"148":[8,8],"149":[1,5],"150":[5,35],"151":[40,5],"152":[0,5],"153":[5,5],"154":[3,32],"155":[18,14],"156":[10,40],"157":[50,44],"158":[24,18,18],"159":[8,24],"160":[23,1],"161":[1,31],"162":[7,24],"163":[9,0],"164":[0,24],"165":[24,3],"166":[0,0],"167":[18,17],"168":[15,40],"169":[0,15],"170":[2,13],"171":[2,13],"172":[12,1],"173":[7,33],"174":[0,1322],"175":[1322,179,0,0],"176":[504,157],"177":[0,504],"178":[504,0],"179":[0,661],"180":[661,52],"181":[0,661],"182":[661,661],"183":[1,0],"184":[1,1],"185":[1,0],"186":[0,0],"187":[0,0],"188":[0,0],"189":[0,0],"190":[0,0],"191":[0,0],"192":[0,0],"193":[0,0],"194":[0,0],"195":[0,1],"196":[0,0],"197":[0,0],"198":[0,0],"199":[0,0],"200":[0,0],"201":[0,0],"202":[0,0],"203":[0,0],"204":[0,0],"205":[0,0],"206":[0,0],"207":[0,0],"208":[0,0],"209":[0,0],"210":[0,0],"211":[0,0],"212":[0,0],"213":[0,0,0],"214":[0,1],"215":[0,1],"216":[1,0],"217":[1,0],"218":[3,1],"219":[2,1],"220":[21,4],"221":[0,8],"222":[3,5],"223":[8,3],"224":[3,2],"225":[286,0],"226":[0,49],"227":[49,49,39],"228":[12,0],"229":[0,12],"230":[12,0],"231":[12,12],"232":[0,12],"233":[12,0,0],"234":[12,0],"235":[0,0],"236":[0,0],"237":[0,0],"238":[0,0],"239":[0,0],"240":[0,0],"241":[0,0],"242":[0,0],"243":[0,0],"244":[0,0],"245":[0,0],"246":[12,0],"247":[10,7],"248":[4,13],"249":[1,3],"250":[4,3],"251":[5,5,3,3],"252":[1,2],"253":[3,1,1],"254":[2,4],"255":[1,5],"256":[1,4],"257":[2,5],"258":[1,6],"259":[1,5],"260":[11,5],"261":[266,1136],"262":[69,1067],"263":[18,51],"264":[0,1],"265":[740,740],"266":[740,432],"267":[740,308,25],"268":[740,728],"269":[740,736],"270":[10,40],"271":[4,6],"272":[6,4],"273":[2,8],"274":[2,8],"275":[3,7],"276":[5,2],"277":[727,13],"278":[2,738],"279":[2,0],"280":[0,0],"281":[0,0],"282":[738,0],"283":[738,0],"284":[0,738],"285":[0,0],"286":[738,0],"287":[738,0],"288":[0,738],"289":[0,0],"290":[740,0],"291":[260,824],"292":[69,755],"293":[754,5],"294":[1,754],"295":[2,787],"296":[2,785],"297":[1,1],"298":[9,776],"299":[9,0],"300":[9,0],"301":[2,738],"302":[740,186],"303":[2,1061],"304":[1063,1063,1063,338,338],"305":[1,1060],"306":[33,1028],"307":[2,1059],"308":[12,16],"309":[28,23],"310":[310,9],"311":[8,1],"312":[740,186],"313":[964,0],"314":[278,16],"315":[224,54],"316":[278,54],"317":[224,224],"318":[224,54],"319":[278,54],"320":[34,243],"321":[12,22],"322":[11,23],"323":[34,27],"324":[135,108],"325":[90,45],"326":[740,186],"327":[17,0],"328":[17,17],"329":[12,5],"330":[17,12],"331":[4,8],"332":[740,186],"333":[11,0],"334":[11,11],"335":[4,7],"336":[11,4],"337":[4,0],"338":[740,186],"339":[184,3],"340":[18,722],"341":[30,18],"342":[928,230],"343":[727,13],"344":[295,432],"345":[6,2],"346":[0,5],"347":[5,0],"348":[4,1],"349":[3,1],"350":[4,3],"351":[2,26],"352":[1,25],"353":[0,25],"354":[2,23],"355":[25,23],"356":[312,81],"357":[2,328],"358":[1,327],"359":[0,327],"360":[17,310],"361":[11,316],"362":[327,320],"363":[23,0],"364":[22,1],"365":[23,22],"366":[0,22],"367":[22,22,22],"368":[0,0],"369":[0,0],"370":[0,0],"371":[0,0],"372":[0,0],"373":[0,0],"374":[0,0],"375":[0,0,0,0,0,0,0,0,0],"376":[0,0],"377":[0,0],"378":[0,0],"379":[0,0],"380":[0,0,0],"381":[0,0],"382":[0,0],"383":[0,0],"384":[0,0],"385":[0,0],"386":[0,0],"387":[0,0],"388":[0,0,0,0,0,0,0,0],"389":[0,0],"390":[0,0],"391":[0,0],"392":[0,0],"393":[0,0],"394":[0,0],"395":[0,0],"396":[0,0],"397":[0,0],"398":[0,0],"399":[0,0],"400":[0,0],"401":[0,0],"402":[0,22],"403":[0,0],"404":[0,22],"405":[0,0],"406":[0,22],"407":[22,0],"408":[22,22,22],"409":[0,0],"410":[0,0],"411":[0,0],"412":[2,20],"413":[2,0],"414":[22,4],"415":[3,23],"416":[26,23],"417":[23,19],"418":[0,23],"419":[23,1,0],"420":[22,1],"421":[23,22,22],"422":[20,2],"423":[2,0],"424":[1,1],"425":[2,8],"426":[1,9],"427":[0,0],"428":[0,0],"429":[0,0],"430":[0,0],"431":[0,0],"432":[0,10],"433":[5,5],"434":[10,5,2],"435":[10,0],"436":[2,8],"437":[3,7],"438":[1,9],"439":[10,1,1,1,1],"440":[1,0],"441":[0,1],"442":[1,0],"443":[1,0],"444":[1,1],"445":[1,0],"446":[0,1],"447":[0,68],"448":[0,68],"449":[0,0],"450":[0,0],"451":[1,67],"452":[68,1],"453":[1,67],"454":[68,1],"455":[1,67],"456":[41,27],"457":[68,67],"458":[0,41],"459":[41,4,4,4],"460":[4,37],"461":[41,40,40,4,4,4],"462":[5,1],"463":[3,1],"464":[1,2],"465":[3,3,1,1],"466":[0,1],"467":[1,1,1,1,0],"468":[0,0],"469":[1,40],"470":[41,40,39],"471":[1,39],"472":[40,2],"473":[41,8],"474":[1,40],"475":[41,41],"476":[36,5],"477":[30,1],"478":[0,30],"479":[0,0],"480":[0,0],"481":[27,0],"482":[18,414],"483":[432,18,18],"484":[17,1],"485":[1,1],"486":[2,2,1],"487":[0,1],"488":[0,28],"489":[13,15],"490":[28,13],"491":[7,6],"492":[0,1204],"493":[1204,264],"494":[999,205],"495":[61,938],"496":[999,593],"497":[1,60],"498":[0,1],"499":[593,406],"500":[21,572],"501":[12,9],"502":[136,436],"503":[578,15],"504":[14,392],"505":[406,27],"506":[27,1177],"507":[1204,796],"508":[14,13],"509":[1,13],"510":[44,695],"511":[32,12],"512":[15,17],"513":[32,23],"514":[15,17],"515":[32,15],"516":[4,8],"517":[12,10],"51
[...]
74":1138,"75":1138,"76":1138,"77":1138,"78":1138,"79":1138,"82":1,"84":1,"85":1,"86":1,"92":1,"93":1,"95":1,"100":1,"101":1,"102":1,"110":1,"112":1,"113":1,"115":1,"116":1,"117":1,"118":1,"119":1,"120":1,"126":1,"128":1,"130":1,"132":1,"135":1,"137":1,"142":1,"143":17,"145":1,"146":17,"147":17,"150":17,"151":1,"154":17,"155":17,"158":1,"161":17,"162":1,"164":17,"167":1,"168":17,"169":17,"171":17,"172":17,"173":17,"176":17,"179":1,"180":17,"183":1,"184":17,"185":17,"186":17,"187":17,"188":17,"190":1,"195":1,"197":555,"199":476,"200":137,"201":137,"204":470,"205":14,"206":14,"208":14,"209":22,"211":22,"212":18,"214":4,"215":4,"217":22,"218":5,"219":5,"220":2,"221":3,"225":14,"230":480,"231":1095,"236":853,"239":853,"240":853,"241":853,"245":853,"246":1,"247":1,"248":1,"249":1,"252":853,"254":1,"255":1,"256":1,"257":1,"272":853,"273":844,"274":61,"275":61,"277":61,"278":61,"279":5,"281":5,"282":1,"285":56,"287":61,"289":844,"293":853,"295":59,"296":59,"297":794,"299":480,"302":528,"315":528,"316":528,"317":1056,"318":1056,"320":1056,"321":1056,"323":1056,"324":1056,"326":528,"328":1,"329":3,"330":3,"331":3,"332":3,"333":3,"334":5,"335":5,"336":4,"337":1,"338":1,"340":3,"347":1,"348":1141,"349":899,"350":899,"351":899,"352":899,"355":90,"356":90,"358":90,"360":3,"362":3,"364":3,"365":4,"366":8,"367":4,"372":3,"374":3,"375":1,"376":2,"378":3,"380":3,"381":3,"382":3,"384":3,"385":3,"388":899,"389":2,"391":897,"392":899,"395":1,"396":1164,"398":922,"399":922,"401":922,"403":5,"405":5,"407":5,"409":5,"411":1,"414":4,"416":5,"418":5,"421":922,"425":528,"426":528,"427":528,"429":528,"431":1164,"432":1138,"433":1138,"441":1164,"446":1164,"447":922,"448":922,"449":922,"450":922,"451":922,"456":1164,"457":1164,"458":1164,"460":1158,"462":6,"467":1164,"468":1164,"469":1164,"470":1164,"471":1164,"472":1164,"473":1164,"474":1164,"475":8,"476":8,"477":8,"479":1164,"483":567,"484":677,"485":88,"489":88,"490":88,"491":88,"493":86,"494":84,"497":2,"499":88,"501":85,"506":1,"508":337,"509":6,"512":6,"513":6,"514":6,"515":6,"517":6,"518":6,"520":337,"521":5,"524":5,"525":5,"526":5,"527":5,"528":5,"529":10,"531":5,"532":5,"533":4,"535":5,"536":4,"538":5,"543":5,"544":5,"545":2,"547":3,"548":3,"549":3,"551":5,"553":5,"555":1,"556":1,"557":1,"558":1,"559":1,"560":1,"561":4,"563":1,"564":1,"565":1,"567":3,"569":3,"570":3,"571":3,"572":3,"573":3,"575":3,"576":3,"577":3,"578":3,"579":3,"581":3,"583":3,"584":3,"585":3,"586":3,"588":3,"591":337,"592":6,"594":6,"595":6,"597":6,"598":6,"599":6,"600":19,"601":38,"603":12,"607":6,"608":4,"610":6,"611":3,"615":6,"616":6,"617":3,"618":6,"619":6,"622":3,"623":3,"624":6,"625":6,"627":3,"629":6,"630":6,"632":2,"633":2,"634":2,"635":2,"636":2,"637":4,"639":3,"640":3,"641":3,"644":1,"645":1,"646":1,"647":1,"648":1,"650":1,"651":1,"652":1,"653":1,"654":1,"656":1,"657":1,"658":1,"659":1,"660":1,"662":1,"665":337,"666":23,"667":21,"669":337,"670":5,"671":5,"672":5,"673":5,"675":337,"676":18,"677":18,"678":20,"680":18,"681":18,"682":18,"683":18,"685":337,"686":35,"687":76,"689":76,"690":1,"694":35,"696":1,"699":35,"700":1,"703":35,"704":35,"705":35,"706":35,"707":35,"710":337,"713":340,"714":340,"715":158,"716":158,"717":158,"718":158,"719":82,"721":158,"723":158,"725":158,"726":158,"733":1,"734":1,"736":1,"738":1,"740":1,"743":1,"744":1,"747":1,"748":1,"750":1,"752":1,"755":1,"756":1,"757":1,"758":1,"759":158,"765":1,"766":1,"768":1,"770":1,"772":1,"775":1,"776":1,"779":1,"780":1,"782":1,"784":1,"789":1,"790":1,"791":1,"792":1,"794":158,"800":1,"801":1,"803":1,"804":1,"806":158,"810":1,"811":1,"813":1,"814":1,"821":158,"822":158,"823":158,"825":158,"826":57,"827":57,"829":57,"830":6,"832":51,"836":4,"837":2,"838":2,"840":2,"842":47,"846":1,"847":46,"851":1,"852":45,"855":23,"856":17,"858":3,"859":3,"862":20,"864":2,"866":18,"867":18,"868":16,"869":4,"872":18,"873":2,"875":16,"878":22,"880":21,"882":21,"884":4,"885":4,"886":4,"887":17,"888":5,"890":3,"892":2,"895":12,"896":12,"897":12,"899":24,"900":24,"902":24,"903":24,"904":10,"905":14,"906":2,"908":12,"910":24,"914":12,"915":12,"916":12,"918":16,"919":16,"921":101,"922":46,"923":46,"924":5,"925":5,"927":46,"928":2,"931":44,"934":46,"935":12,"937":12,"939":46,"941":6,"942":6,"943":6,"944":8,"946":6,"947":1,"948":1,"949":1,"950":1,"952":5,"953":5,"954":5,"955":5,"957":40,"960":5,"961":5,"962":5,"964":5,"965":1,"966":1,"967":1,"969":5,"971":5,"972":35,"974":3,"977":32,"978":32,"980":18,"983":32,"984":50,"985":10,"986":14,"991":32,"992":50,"995":32,"996":8,"997":23,"1000":32,"1001":1,"1002":1,"1003":1,"1004":31,"1006":7,"1007":7,"1008":9,"1010":7,"1011":7,"1012":7,"1013":7,"1015":9,"1018":24,"1021":1,"1022":1,"1023":1,"1025":1,"1026":1,"1027":1,"1028":1,"1030":1,"1036":24,"1037":35,"1038":35,"1039":18,"1044":46,"1047":46,"1048":46,"1049":55,"1051":15,"1053":1,"1054":1,"1056":15,"1061":15,"1064":2,"1065":13,"1066":12,"1067":12,"1069":15,"1070":40,"1072":7,"1073":7,"1075":34,"1076":34,"1084":663,"1085":663,"1086":663,"1092":1322,"1093":1,"1098":1322,"1104":663,"1106":661,"1107":661,"1109":661,"1112":1,"1114":661,"1115":661,"1140":661,"1141":504,"1146":504,"1149":661,"1153":1,"1154":1,"1155":1,"1157":661,"1159":1,"1161":661,"1165":661,"1170":1,"1171":1,"1172":1,"1173":1,"1174":1,"1175":1,"1176":1,"1177":1,"1178":1,"1180":1,"1181":1,"1183":1,"1185":1,"1189":1,"1192":1,"1199":1,"1200":1,"1201":1,"1205":1,"1208":1,"1209":1,"1212":1,"1215":1,"1217":1,"1218":1,"1221":1,"1222":1,"1226":1,"1231":1,"1232":1,"1233":1,"1234":1,"1235":1,"1236":1,"1237":1,"1238":1,"1239":1,"1240":1,"1242":1,"1243":1,"1244":1,"1248":1,"1249":1,"1250":1,"1251":1,"1252":1,"1254":1,"1257":1,"1260":1,"1261":1,"1264":1,"1266":1,"1267":1,"1268":1,"1271":1,"1275":1,"1276":1,"1277":1,"1278":1,"1279":1,"1280":1,"1281":1,"1284":1,"1293":1,"1294":1,"1295":1,"1297":1,"1298":1,"1300":1,"1304":1,"1305":1,"1309":1,"1310":1,"1311":4,"1312":3,"1313":3,"1314":3,"1315":3,"1316":2,"1318":3,"1321":1,"1324":1,"1325":1,"1328":25,"1329":25,"1334":25,"1337":25,"1338":12,"1343":8,"1344":8,"1349":8,"1352":8,"1353":40,"1355":8,"1357":8,"1361":8,"1365":3,"1366":3,"1367":3,"1368":3,"1371":8,"1375":286,"1376":286,"1377":286,"1379":1,"1383":1,"1385":1,"1386":1,"1388":1,"1391":1,"1393":1,"1394":1,"1396":1,"1399":1,"1401":1,"1402":1,"1404":1,"1407":3,"1409":3,"1410":3,"1412":3,"1415":49,"1417":49,"1418":49,"1419":49,"1420":1,"1422":49,"1425":78,"1428":5,"1433":12,"1434":12,"1435":12,"1436":12,"1437":12,"1438":12,"1440":12,"1444":12,"1445":12,"1446":12,"1447":12,"1449":1,"1466":12,"1467":12,"1469":12,"1470":12,"1472":12,"1475":1,"1478":1,"1480":1,"1484":12,"1485":12,"1487":1,"1488":1,"1490":1,"1491":1,"1493":1,"1494":1,"1497":1,"1498":1,"1502":1,"1503":1,"1504":1,"1506":1,"1509":1,"1510":1,"1511":1,"1512":1,"1513":1,"1515":1,"1518":1,"1519":1,"1520":1,"1523":1,"1526":1,"1527":1,"1529":1,"1530":1,"1531":1,"1532":1,"1534":1,"1535":1,"1536":1,"1537":1,"1538":1,"1539":1,"1540":1,"1541":1,"1543":1,"1544":1,"1545":1,"1546":1,"1551":1,"1555":12,"1556":12,"1557":12,"1586":663,"1588":679,"1591":17,"1592":17,"1593":17,"1594":10,"1595":11,"1598":17,"1599":17,"1604":7,"1605":7,"1606":7,"1610":4,"1611":3,"1612":3,"1613":3,"1615":3,"1616":2,"1617":2,"1620":3,"1621":1,"1622":1,"1624":3,"1626":3,"1627":3,"1631":2,"1632":1,"1635":679,"1638":1,"1640":7,"1644":6,"1645":6,"1646":2,"1648":4,"1649":6,"1650":6,"1651":1,"1653":5,"1654":1,"1657":4,"1658":9,"1659":9,"1660":9,"1665":8,"1669":7,"1670":7,"1671":2,"1673":5,"1674":7,"1675":7,"1676":1,"1678":6,"1679":1,"1682":5,"1683":11,"1684":11,"1685":11,"1690":1,"1692":481,"1697":1402,"1701":1136,"1704":1136,"1706":69,"1707":18,"1709":51,"1711":1067,"1716":313,"1718":8501,"1719":8501,"1721":1,"1723":1,"1724":1,"1739":470,"1743":740,"1744":740,"1746":740,"1747":740,"1748":740,"1749":740,"1750":740,"1751":740,"1752":740,"1753":740,"1761":740,"1767":740,"1768":740,"1772":740,"1774":740,"1775":740,"1776":740,"1777":740,"1779":740,"1780":740,"1781":740,"1782":740,"1783":740,"1786":740,"1823":1,"1824":10,"1825":10,"1826":50,"1827":10,"1831":10,"1832":10,"1833":5,"1837":10,"1841":740,"1843":740,"1844":2,"1845":2,"1847":738,"1852":738,"1860":740,"1862":740,"1863":1084,"1864":824,"1868":824,"1871":69,"1873":755,"1874":755,"1875":755,"1876":755,"1877":759,"1879":755,"1880":1,"1883":754,"1884":754,"1885":789,"1886":789,"1888":789,"1889":2,"1890":787,"1893":2,"1894":2,"1896":1,"1899":1,"1901":785,"1903":9,"1905":9,"1906":9,"1907":1,"1909":776,"1916":824,"1919":740,"1920":2,"1923":740,"1925":740,"1927":740,"1932":1063,"1933":2,"1934":1061,"1935":1,"1937":1061,"1938":1061,"1939":1061,"1940":1061,"1941":1061,"1944":17,"1947":11,"1950":28,"1951":12,"1953":16,"1954":16,"1957":1791,"1962":740,"1963":319,"1964":310,"1966":9,"1967":8,"1969":1,"1972":740,"1974":28,"1975":28,"1976":28,"1980":740,"1982":964,"1984":1957,"1990":740,"1991":278,"1992":278,"1993":278,"1994":277,"1996":34,"1997":34,"1999":243,"2000":243,"2001":135,"2002":135,"2005":277,"2008":740,"2009":624,"2012":740,"2013":740,"2015":17,"2016":17,"2017":17,"2018":12,"2019":12,"2020":12,"2021":12,"2022":2,"2023":2,"2029":740,"2031":11,"2032":11,"2033":11,"2034":4,"2035":4,"2037":4,"2038":4,"2039":2,"2040":2,"2047":740,"2048":187,"2053":740,"2054":1084,"2058":740,"2059":30,"2062":740,"2063":740,"2065":740,"2066":740,"2067":740,"2068":928,"2072":740,"2073":727,"2074":727,"2076":295,"2077":8,"2080":295,"2082":5,"2085":5,"2087":5,"2088":5,"2090":5,"2091":5,"2093":4,"2094":4,"2096":3,"2099":3,"2103":1,"2106":1,"2109":5,"2113":295,"2114":49,"2115":49,"2116":49,"2120":295,"2121":325,"2122":358,"2127":295,"2128":13,"2129":13,"2130":13,"2132":13,"2133":13,"2135":28,"2136":28,"2137":2,"2138":2,"2140":26,"2141":1,"2142":1,"2145":25,"2147":1,"2149":25,"2150":2,"2154":23,"2158":13,"2159":13,"2170":295,"2178":393,"2179":393,"2181":312,"2182":312,"2183":330,"2184":330,"2185":2,"2186":2,"2188":328,"2189":1,"2190":1,"2193":327,"2196":1,"2198":327,"2200":17,"2202":327,"2204":11,"2208":316,"2212":393,"2216":432,"2218":432,"2219":23,"2220":23,"2223":23,"2225":22,"2226":1,"2227":1,"2228":1,"2229":1,"2230":1,"2231":1,"2232":1,"2238":1,"2239":1,"2240":1,"2242":1,"2243":1,"2244":1,"2245":1,"2246":1,"2247":1,"2248":1,"2250":1,"2252":1,"2253":1,"2254":1,"2256":1,"2257":1,"2266":1,"2269":1,"2270":1,"2272":1,"2273":1,"2274":1,"2276":1,"2277":1,"2278":1,"2279":1,"2282":1,"2284":1,"2285":1,"2286":1,"2287":1,"2288":1,"2289":1,"2290":1,"2291":1,"2292":1,"2293":1,"2294":1,"2295":1,"2296":1,"2298":1,"2300":1,"2302":1,"2303":1,"2304":1,"2305":1,"2309":1,"2310":1,"2311":1,"2312":1,"2313":1,"2314":1,"2316":1,"2317":1,"2320":1,"2321":1,"2322":1,"2323":1,"2326":1,"2327":1,"2328":1,"2330":1,"2332":1,"2333":1,"2334":1,"2337":1,"2340":22,"2341":22,"2343":1,"2344":1,"2345":1,"2346":1,"2347":1,"2348":1,"2349":1,"2351":1,"2353":1,"2355":22,"2359":1,"2360":1,"2364":22,"2367":22,"2369":1,"2373":22,"2374":1,"2375":1,"2376":1,"2378":1,"2383":22,"2384":22,"2385":22,"2386":22,"2387":22,"2388":22,"2389":22,"2390":22,"2391":22,"2392":22,"2393":22,"2394":22,"2395":22,"2396":22,"2397":22,"2398":22,"2400":22,"2401":1,"2402":1,"2403":1,"2407":22,"2410":22,"2412":22,"2415":22,"2416":22,"2417":16,"2418":16,"2419":16,"2422":1,"2423":1,"2427":432,"2429":26,"2430":26,"2431":3,"2432":3,"2433":3,"2437":23,"2438":23,"2439":23,"2440":23,"2442":23,"2443":1,"2444":1,"2445":1,"2446":1,"2447":1,"2449":23,"2450":22,"2451":22,"2452":22,"2455":22,"2456":20,"2457":2,"2458":2,"2460":22,"2461":22,"2462":22,"2463":22,"2465":1,"2467":1,"2468":1,"2469":1,"2471":1,"2472":1,"2473":1,"2474":1,"2478":432,"2480":2,"2481":1,"2483":1,"2486":432,"2488":10,"2489":10,"2490":1,"2492":9,"2494":10,"2495":10,"2497":10,"2498":1,"2501":1,"2503":1,"2504":1,"2506":1,"2508":1,"2509":1,"2514":10,"2515":1,"2518":10,"2521":5,"2522":5,"2525":10,"2526":10,"2527":2,"2528":2,"2530":10,"2531":3,"2532":3,"2535":10,"2537":1,"2538":1,"2539":1,"2540":1,"2543":1,"2545":1,"2546":1,"2548":1,"2549":1,"2552":1,"2553":1,"2554":1,"2556":1,"2557":1,"2558":1,"2559":1,"2560":1,"2561":1,"2562":1,"2564":1,"2565":1,"2566":1,"2567":1,"2568":1,"2569":1,"2575":432,"2576":432,"2578":68,"2579":68,"2581":68,"2582":1,"2583":1,"2584":1,"2587":68,"2588":1,"2591":68,"2592":1,"2594":68,"2595":68,"2597":41,"2601":41,"2602":4,"2603":4,"2604":1,"2606":4,"2610":3,"2617":1,"2618":1,"2619":1,"2623":1,"2630":1,"2635":1,"2638":1,"2639":1,"2640":1,"2641":1,"2646":41,"2647":41,"2648":1,"2649":1,"2650":40,"2659":41,"2660":41,"2661":41,"2662":38,"2664":41,"2665":41,"2674":432,"2675":432,"2676":31,"2681":30,"2683":30,"2684":1,"2685":1,"2686":1,"2690":1,"2694":1,"2695":1,"2701":432,"2702":27,"2704":27,"2705":27,"2707":1,"2708":1,"2713":432,"2714":18,"2715":18,"2716":1,"2718":17,"2719":17,"2723":431,"2724":107,"2725":107,"2726":107,"2729":431,"2730":2,"2731":2,"2735":431,"2737":1,"2738":1,"2743":739,"2745":28,"2747":28,"2748":13,"2749":13,"2750":13,"2751":6,"2752":13,"2753":13,"2754":13,"2755":13,"2760":739,"2761":739,"2763":739,"2765":1204,"2766":1204,"2768":1204,"2770":1204,"2772":999,"2774":61,"2776":61,"2777":61,"2779":1,"2780":1,"2781":1,"2783":1,"2786":999,"2788":593,"2789":21,"2791":12,"2794":9,"2797":572,"2800":593,"2801":578,"2802":578,"2804":15,"2806":406,"2808":14,"2811":392,"2814":1204,"2815":27,"2816":14,"2817":13,"2819":13,"2822":1204,"2825":739,"2827":44,"2828":44,"2829":32,"2831":32,"2832":15,"2834":32,"2835":15,"2838":12,"2840":12,"2841":4,"2842":8,"2843":6,"2848":44,"2849":62,"2850":18,"2851":8,"2853":8,"2854":3,"2856":8,"2857":4,"2860":8,"2861":16,"2863":8,"2865":10,"2867":10,"2868":4,"2869":6,"2870":5,"2873":10,"2874":20,"2876":10,"2878":18,"2884":739,"2885":416,"2886":852,"2888":416,"2895":1,"2896":1,"2898":1,"2900":23043,"2903":1,"2908":255,"2915":256,"2919":256,"2921":256,"2923":256,"2924":37,"2925":3,"2928":256,"2930":256,"2936":78,"2937":2,"2938":76,"2939":2,"2942":74,"2943":74,"2945":12,"2949":74,"2955":256,"2956":256,"2957":256,"2958":256,"2959":2,"2961":2,"2963":1,"2967":256,"2968":256,"2970":256,"2971":252,"2973":256,"2975":256,"2978":256,"3003":256,"3004":256,"3005":256,"3007":256,"3009":1,"3011":1,"3012":1,"3016":256,"3017":1,"3018":1,"3019":1,"3021":1,"3022":1,"3028":256,"3031":256,"3035":256,"3036":131,"3037":131,"3041":131,"3042":131,"3043":131,"3044":27,"3048":1,"3050":104,"3051":104,"3052":104,"3070":256,"3071":262,"3072":262,"3073":52,"3076":262,"3078":1,"3079":1,"3082":262,"3083":2,"3086":260,"3087":208,"3089":52,"3094":256,"3095":26,"3096":26,"3100":26,"3101":3,"3103":26,"3104":26,"3105":26,"3106":26,"3110":256,"3111":1,"3114":256,"3115":26,"3116":26,"3121":26,"3122":1,"3123":1,"3125":26,"3126":26,"3128":26,"3129":26,"3130":26,"3131":26,"3132":26,"3133":26,"3134":26,"3135":26,"3137":256,"3138":15,"3139":15,"3140":15,"3141":15,"3142":15,"3146":256,"3147":1024,"3148":256,"3149":256,"3153":256,"3154":1,"3158":256,"3159":11,"3160":11,"3167":11,"3170":256,"3171":11,"3172":11,"3173":1,"3179":1,"3180":1,"3181":1,"3182":1,"3183":1,"3185":1,"3193":1,"3196":1,"3197":1,"3198":1,"3199":1,"3200":1,"3201":1,"3203":1,"3204":1,"3205":1,"3207":1,"3208":1,"3211":1,"3213":1,"3214":1,"3215":1,"3216":1,"3217":1,"3222":1,"3223":1,"3224":1,"3227":1,"3228":1,"3231":11,"3232":11,"3234":11,"3235":11,"3238":256,"3239":1,"3240":1,"3244":256,"3245":256,"3246":256,"3253":256,"3260":256,"3261":256,"3263":2,"3266":256,"3267":4,"3268":4,"3271":256,"3272":2,"3273":2,"3277":256,"3278":256,"3279":256,"3281":256,"3282":256,"3284":256,"3285":3,"3286":3,"3287":3,"3290":256,"3291":2,"3292":2,"3295":256,"3296":3,"3297":3,"3298":3,"3299":3,"3300":6,"3301":6,"3302":4,"3304":2,"3309":256,"3310":1,"3311":1,"3313":1,"3317":256,"3318":256,"3320":256,"3321":256,"3324":256,"3325":256,"3326":256,"3328":256,"3330":336,"3331":1,"3335":256,"3336":256,"3337":256,"3338":84,"3339":84,"3340":84,"3341":84,"3342":84,"3343":84,"3344":84,"3345":84,"3346":84,"3349":84,"3353":84,"3354":84,"3355":84,"3356":84,"3358":84,"3359":10,"3364":256,"3365":153,"3366":153,"3367":80,"3368":2,"3370":78,"3373":80,"3375":153,"3376":153,"3378":153,"3383":256,"3384":99,"3385":99,"3393":99,"3394":99,"3398":99,"3404":99,"3405":13,"3409":256,"3410":256,"3411":256,"3424":14,"3428":13,"3429":13,"3431":13,"3432":4,"3433":4,"3434":4,"3437":14,"3438":14,"3440":256,"3441":256,"3443":256,"3444":1,"3449":256,"3451":1642,"3453":256,"3455":1558,"3457":256,"3458":7,"3459":7,"3460":7,"3478":7,"3480":4,"3481":2,"3482":2,"3484":2,"3489":3,"3490":2,"3491":2,"3493":2,"3500":256,"3501":98,"3502":98,"3503":108,"3505":98,"3507":98,"3508":98,"3510":2,"3513":108,"3515":108,"3518":98,"3519":21,"3520":21,"3524":158,"3525":158,"3529":256,"3530":352,"3531":103,"3532":30,"3534":103,"3538":256,"3539":3,"3542":253,"3544":253,"3545":253,"3546":253,"3547":253,"3548":253,"3549":253,"3551":253,"3552":253,"3553":253,"3556":256,"3557":256,"3558":256,"3559":256,"3560":256,"3564":256,"3565":25,"3566":24,"3618":256,"3619":7,"3620":6,"3623":6,"3624":6,"3628":6,"3629":6,"3632":5,"3635":1,"3638":6,"3639":6,"3642":1,"3643":1,"3649":256,"3651":256,"3652":1,"3653":1,"3656":256,"3657":167,"3659":167,"3661":167,"3662":61,"3663":106,"3666":167,"3669":256,"3671":1,"3672":1,"3673":1,"3676":1,"3677":1,"3678":1,"3679":1,"3683":256,"3684":256,"3686":256,"3687":15,"3689":256,"3690":256,"3692":256,"3696":2,"3697":2,"3701":2,"3703":1,"3707":1,"3709":1,"3713":1,"3718":2,"3719":2,"3720":2,"3722":1,"3723":1,"3725":1,"3726":1,"3730":256,"3731":256,"3733":256,"3735":1,"3740":1,"3742":256,"3743":256,"3748":1,"3753":558,"3756":558,"3757":558,"3758":2,"3759":2,"3762":558,"3763":558,"3764":558,"3765":337,"3767":337,"3768":1,"3769":1,"3773":558,"3774":1,"3775":1,"3776":1,"3779":558,"3780":1389,"3782":337,"3787":558,"3793":277,"3794":275,"3795":274,"3796":273,"3803":4,"3805":3,"3812":2,"3813":4,"3818":1,"3819":2,"3824":121,"3825":123,"3826":123,"3827":123,"3829":121,"3833":14,"3834":15,"3835":15,"3837":14,"3841":175,"3842":175,"3843":4953,"3844":4092,"3846":4092,"3853":8,"3854":8,"3855":221,"3856":7,"3857":7,"3858":6,"3859":6,"3860":6,"3865":8,"3871":31,"3872":51,"3873":67,"3874":51,"3876":31,"3877":31,"3878":31,"3879":31,"3881":31,"3882":31,"3883":981,"3890":56,"3892":56,"3896":31,"3897":3,"3898":8,"3901":3,"3902":3,"3905":28,"3906":27,"3910":31,"3911":30,"3912":30,"3913":30,"3914":30,"3915":30,"3916":29,"3917":29,"3918":29,"3921":30,"3924":31,"3928":273,"3929":271,"3930":268,"3934":273,"3935":273,"3939":270,"3942":258,"3943":258,"3947":372,"3948":371,"3949":369,"3950":368,"3954":368,"3955":4,"3957":368,"3961":69,"3965":5,"3966":5,"3967":5,"3969":5,"3972":346,"3973":346,"3978":23,"3979":23,"3980":69,"3985":2,"3986":2,"3987":61,"3989":2,"3993":73,"3994":73,"3995":107,"3997":72,"4001":63,"4002":63,"4003":190,"4005":63,"4009":112,"4010":1,"4014":193,"4015":1,"4019":2,"4020":2,"4021":4,"4022":4,"4023":16,"4024":16,"4025":40,"4026":3,"4030":3,"4032":37,"4034":16,"4035":12,"4036":12,"4040":2,"4044":2,"4045":2,"4046":4,"4048":2,"4052":2,"4053":2,"4054":2,"4059":2,"4060":1,"4062":1,"4063":1,"4064":1,"4068":6,"4070":6,"4072":1,"4073":1,"4075":1,"4076":1,"4087":3,"4090":4,"4091":4,"4092":3,"4094":4,"4115":1,"4118":314,"4124":344,"4125":343,"4126":343,"4127":343,"4128":343,"4129":343,"4130":343,"4131":343,"4133":343,"4134":343,"4135":343,"4136":343,"4137":343,"4139":343,"4140":415,"4141":254,"4144":343,"4145":8501,"4146":8501,"4147":424,"4149":8077,"4151":8501,"4152":8483,"4154":8501,"4156":8501,"4157":8501,"4158":8501,"4159":8501,"4160":8501,"4162":8501,"4163":7668,"4165":8501,"4167":7950,"4169":7950,"4171":7950,"4172":5367,"4173":5367,"4174":5367,"4175":5367,"4176":5367,"4180":8501,"4182":8501,"4186":343,"4189":343,"4192":20,"4193":16,"4195":343,"4199":41597,"4203":30169,"4204":352,"4207":29817,"4219":30190,"4224":343,"4226":1153,"4227":1153,"4228":1153,"4233":8306,"4234":8306,"4236":8306,"4239":1153,"4246":343,"4247":303,"4248":303,"4250":187,"4251":187,"4252":1,"4255":186,"4256":4,"4258":186,"4259":4,"4261":186,"4262":4,"4265":186,"4266":186,"4267":186,"4272":343,"4273":9,"4274":9,"4275":9,"4276":9,"4277":9,"4279":9,"4280":1,"4281":1,"4283":8,"4284":8,"4288":343,"4290":343,"4291":343,"4297":1,"4299":1,"4300":1,"4303":1}}}
