TN:
SF:/Users/ioakeimidisg/Repos/eip-tools/eip-npm-modules/eip-textAngular/dist/textAngularSetup.js
FN:3,validElementString
FN:56,registerTextAngularTool
FN:123,(anonymous_3)
FN:125,(anonymous_4)
FN:129,(anonymous_5)
FN:132,(anonymous_6)
FN:160,(anonymous_7)
FN:164,(anonymous_8)
FN:274,(anonymous_9)
FN:276,(anonymous_10)
FN:279,(anonymous_11)
FN:289,(anonymous_12)
FN:298,(anonymous_13)
FN:307,(anonymous_14)
FN:316,(anonymous_15)
FN:332,(anonymous_16)
FN:343,(anonymous_17)
FN:354,(anonymous_18)
FN:371,(anonymous_19)
FN:382,(anonymous_20)
FN:402,(anonymous_21)
FN:414,(anonymous_22)
FN:425,(anonymous_23)
FN:438,(anonymous_24)
FN:450,(anonymous_25)
FN:458,(anonymous_26)
FN:469,(anonymous_27)
FN:472,(anonymous_28)
FN:478,(anonymous_29)
FN:479,(anonymous_30)
FN:481,(anonymous_31)
FN:484,(anonymous_32)
FN:495,(anonymous_33)
FN:498,(anonymous_34)
FN:504,(anonymous_35)
FN:507,(anonymous_36)
FN:512,(anonymous_37)
FN:515,(anonymous_38)
FN:520,(anonymous_39)
FN:523,(anonymous_40)
FN:528,(anonymous_41)
FN:531,(anonymous_42)
FN:536,(anonymous_43)
FN:543,(anonymous_44)
FN:550,(anonymous_45)
FN:553,(anonymous_46)
FN:561,(anonymous_47)
FN:564,(anonymous_48)
FN:593,(anonymous_49)
FN:596,(anonymous_50)
FN:618,(anonymous_51)
FN:621,(anonymous_52)
FN:641,(anonymous_53)
FN:644,(anonymous_54)
FN:667,(anonymous_55)
FN:670,(anonymous_56)
FN:678,(anonymous_57)
FN:681,(anonymous_58)
FN:689,(anonymous_59)
FN:692,(anonymous_60)
FN:700,(anonymous_61)
FN:703,(anonymous_62)
FN:711,(anonymous_63)
FN:714,(anonymous_64)
FN:721,(anonymous_65)
FN:729,(anonymous_66)
FN:735,(anonymous_67)
FN:750,(anonymous_68)
FN:763,(anonymous_69)
FN:874,(anonymous_70)
FN:884,(anonymous_71)
FN:918,(anonymous_72)
FN:959,(anonymous_73)
FN:976,(anonymous_74)
FN:989,(anonymous_75)
FN:1018,(anonymous_76)
FNF:76
FNH:75
FNDA:1537,validElementString
FNDA:23083,registerTextAngularTool
FNDA:254,(anonymous_3)
FNDA:254,(anonymous_4)
FNDA:1,(anonymous_5)
FNDA:0,(anonymous_6)
FNDA:1,(anonymous_7)
FNDA:7,(anonymous_8)
FNDA:759,(anonymous_9)
FNDA:11,(anonymous_10)
FNDA:9,(anonymous_11)
FNDA:1,(anonymous_12)
FNDA:1,(anonymous_13)
FNDA:1,(anonymous_14)
FNDA:1,(anonymous_15)
FNDA:2,(anonymous_16)
FNDA:1,(anonymous_17)
FNDA:1,(anonymous_18)
FNDA:1,(anonymous_19)
FNDA:11,(anonymous_20)
FNDA:2,(anonymous_21)
FNDA:1,(anonymous_22)
FNDA:4,(anonymous_23)
FNDA:0,(anonymous_24)
FNDA:17,(anonymous_25)
FNDA:759,(anonymous_26)
FNDA:4,(anonymous_27)
FNDA:166,(anonymous_28)
FNDA:4554,(anonymous_29)
FNDA:996,(anonymous_30)
FNDA:12,(anonymous_31)
FNDA:4554,(anonymous_32)
FNDA:2,(anonymous_33)
FNDA:166,(anonymous_34)
FNDA:2,(anonymous_35)
FNDA:166,(anonymous_36)
FNDA:2,(anonymous_37)
FNDA:166,(anonymous_38)
FNDA:2,(anonymous_39)
FNDA:166,(anonymous_40)
FNDA:2,(anonymous_41)
FNDA:166,(anonymous_42)
FNDA:2,(anonymous_43)
FNDA:2,(anonymous_44)
FNDA:2,(anonymous_45)
FNDA:166,(anonymous_46)
FNDA:2,(anonymous_47)
FNDA:166,(anonymous_48)
FNDA:2,(anonymous_49)
FNDA:166,(anonymous_50)
FNDA:2,(anonymous_51)
FNDA:152,(anonymous_52)
FNDA:2,(anonymous_53)
FNDA:166,(anonymous_54)
FNDA:2,(anonymous_55)
FNDA:166,(anonymous_56)
FNDA:2,(anonymous_57)
FNDA:166,(anonymous_58)
FNDA:2,(anonymous_59)
FNDA:166,(anonymous_60)
FNDA:2,(anonymous_61)
FNDA:166,(anonymous_62)
FNDA:2,(anonymous_63)
FNDA:166,(anonymous_64)
FNDA:8,(anonymous_65)
FNDA:11,(anonymous_66)
FNDA:24,(anonymous_67)
FNDA:21,(anonymous_68)
FNDA:54,(anonymous_69)
FNDA:13,(anonymous_70)
FNDA:2,(anonymous_71)
FNDA:2,(anonymous_72)
FNDA:11,(anonymous_73)
FNDA:166,(anonymous_74)
FNDA:156,(anonymous_75)
FNDA:156,(anonymous_76)
DA:3,1
DA:4,1537
DA:5,1537
DA:7,0
DA:13,1
DA:56,1
DA:57,23083
DA:58,23080
DA:62,2
DA:63,23078
DA:66,1
DA:130,1
DA:131,1
DA:132,1
DA:133,1
DA:136,1
DA:138,1
DA:140,1
DA:161,1
DA:162,1
DA:164,1
DA:165,7
DA:167,1
DA:168,1
DA:275,759
DA:279,11
DA:280,9
DA:281,9
DA:283,11
DA:284,11
DA:285,11
DA:286,11
DA:287,11
DA:288,11
DA:289,11
DA:290,1
DA:291,1
DA:295,1
DA:297,11
DA:298,11
DA:299,1
DA:300,1
DA:304,1
DA:306,11
DA:307,11
DA:308,1
DA:309,1
DA:313,1
DA:315,11
DA:316,11
DA:317,1
DA:318,1
DA:322,1
DA:324,11
DA:325,11
DA:326,11
DA:327,11
DA:328,11
DA:330,11
DA:331,11
DA:332,11
DA:333,2
DA:335,2
DA:337,2
DA:339,2
DA:340,2
DA:342,11
DA:343,11
DA:344,1
DA:346,1
DA:348,1
DA:350,1
DA:351,1
DA:353,11
DA:354,11
DA:355,1
DA:357,1
DA:359,1
DA:361,1
DA:362,1
DA:364,11
DA:365,11
DA:366,11
DA:367,11
DA:369,11
DA:370,11
DA:371,11
DA:372,1
DA:373,1
DA:374,1
DA:376,11
DA:377,11
DA:379,11
DA:380,11
DA:385,11
DA:386,11
DA:387,11
DA:388,11
DA:389,11
DA:390,11
DA:391,11
DA:399,11
DA:400,11
DA:401,11
DA:402,11
DA:403,2
DA:404,2
DA:405,2
DA:406,1
DA:407,1
DA:409,2
DA:411,11
DA:412,11
DA:414,11
DA:415,1
DA:416,1
DA:417,1
DA:418,1
DA:420,11
DA:421,11
DA:422,11
DA:423,2
DA:425,11
DA:426,4
DA:427,4
DA:428,4
DA:429,4
DA:431,11
DA:434,11
DA:435,11
DA:436,0
DA:438,11
DA:439,0
DA:440,0
DA:441,0
DA:442,0
DA:444,11
DA:447,11
DA:448,11
DA:451,17
DA:452,17
DA:453,17
DA:461,759
DA:463,759
DA:464,1
DA:466,759
DA:470,4
DA:473,166
DA:478,759
DA:479,4554
DA:481,759
DA:482,12
DA:484,759
DA:485,4554
DA:492,759
DA:496,2
DA:498,166
DA:501,759
DA:505,2
DA:507,166
DA:509,759
DA:513,2
DA:515,166
DA:517,759
DA:521,2
DA:523,166
DA:525,759
DA:529,2
DA:531,166
DA:533,759
DA:537,2
DA:540,759
DA:544,2
DA:547,759
DA:551,2
DA:554,166
DA:558,759
DA:562,2
DA:566,166
DA:567,166
DA:568,166
DA:571,58
DA:572,58
DA:583,1
DA:586,166
DA:587,166
DA:590,759
DA:594,2
DA:598,166
DA:599,166
DA:600,166
DA:603,58
DA:604,58
DA:608,1
DA:611,166
DA:612,166
DA:615,759
DA:619,2
DA:622,152
DA:623,152
DA:626,46
DA:627,46
DA:631,1
DA:634,152
DA:635,152
DA:638,759
DA:642,2
DA:646,166
DA:647,166
DA:648,166
DA:651,58
DA:652,58
DA:656,1
DA:660,166
DA:661,166
DA:664,759
DA:668,2
DA:671,166
DA:675,759
DA:679,2
DA:682,166
DA:686,759
DA:690,2
DA:693,166
DA:697,759
DA:701,2
DA:704,166
DA:708,759
DA:712,2
DA:715,166
DA:718,759
DA:722,8
DA:724,8
DA:725,8
DA:726,8
DA:729,8
DA:730,11
DA:731,11
DA:732,11
DA:733,7
DA:735,11
DA:736,24
DA:738,4
DA:740,20
DA:741,20
DA:742,20
DA:743,20
DA:746,11
DA:747,11
DA:750,8
DA:751,21
DA:754,7
DA:758,8
DA:759,8
DA:762,8
DA:763,8
DA:764,54
DA:766,54
DA:767,54
DA:769,54
DA:771,8
DA:773,8
DA:777,4
DA:779,8
DA:874,759
DA:875,13
DA:876,1
DA:878,13
DA:881,759
DA:885,2
DA:886,2
DA:887,2
DA:890,1
DA:891,1
DA:895,1
DA:905,1
DA:906,1
DA:915,759
DA:919,2
DA:920,2
DA:923,2
DA:925,2
DA:927,1
DA:930,1
DA:932,1
DA:936,1
DA:938,1
DA:942,1
DA:945,1
DA:956,759
DA:960,11
DA:963,11
DA:964,1
DA:966,11
DA:968,11
DA:971,10
DA:972,10
DA:977,166
DA:978,108
DA:985,759
DA:990,156
DA:992,156
DA:993,156
DA:996,156
DA:997,152
DA:998,152
DA:1007,156
DA:1009,156
DA:1011,156
DA:1014,759
DA:1019,156
DA:1020,156
DA:1023,156
DA:1025,156
DA:1027,156
DA:1028,156
LF:316
LH:310
BRDA:57,1,0,3
BRDA:57,1,1,23080
BRDA:57,2,0,23083
BRDA:57,2,1,23081
BRDA:57,2,2,23081
BRDA:58,3,0,2
BRDA:58,3,1,23078
BRDA:59,4,0,23080
BRDA:59,4,1,1537
BRDA:59,4,2,1537
BRDA:59,4,3,23079
BRDA:59,4,4,21543
BRDA:59,4,5,15202
BRDA:131,5,0,0
BRDA:131,5,1,0
BRDA:133,6,0,0
BRDA:133,6,1,0
BRDA:405,7,0,1
BRDA:405,7,1,1
BRDA:405,8,0,2
BRDA:405,8,1,1
BRDA:405,8,2,1
BRDA:422,9,0,2
BRDA:422,9,1,9
BRDA:427,10,0,1
BRDA:427,10,1,3
BRDA:435,11,0,0
BRDA:435,11,1,11
BRDA:440,12,0,0
BRDA:440,12,1,0
BRDA:453,13,0,17
BRDA:453,13,1,9
BRDA:453,13,2,8
BRDA:463,14,0,0
BRDA:463,14,1,759
BRDA:463,15,0,759
BRDA:463,15,1,759
BRDA:566,16,0,0
BRDA:566,16,1,166
BRDA:566,17,0,166
BRDA:566,17,1,58
BRDA:568,18,0,58
BRDA:568,18,1,108
BRDA:573,19,0,58
BRDA:573,19,1,50
BRDA:573,19,2,50
BRDA:573,19,3,50
BRDA:573,19,4,50
BRDA:573,19,5,50
BRDA:573,19,6,50
BRDA:573,19,7,50
BRDA:586,20,0,166
BRDA:586,20,1,108
BRDA:598,21,0,0
BRDA:598,21,1,166
BRDA:598,22,0,166
BRDA:598,22,1,58
BRDA:600,23,0,58
BRDA:600,23,1,108
BRDA:611,24,0,166
BRDA:611,24,1,166
BRDA:623,25,0,46
BRDA:623,25,1,106
BRDA:634,26,0,152
BRDA:634,26,1,152
BRDA:646,27,0,0
BRDA:646,27,1,166
BRDA:646,28,0,166
BRDA:646,28,1,58
BRDA:648,29,0,58
BRDA:648,29,1,108
BRDA:660,30,0,166
BRDA:660,30,1,166
BRDA:732,31,0,7
BRDA:732,31,1,4
BRDA:736,32,0,4
BRDA:736,32,1,20
BRDA:736,33,0,24
BRDA:736,33,1,20
BRDA:751,34,0,7
BRDA:751,34,1,14
BRDA:751,35,0,21
BRDA:751,35,1,14
BRDA:766,36,0,54
BRDA:766,36,1,0
BRDA:773,37,0,4
BRDA:773,37,1,4
BRDA:773,38,0,8
BRDA:773,38,1,8
BRDA:773,38,2,8
BRDA:773,38,3,8
BRDA:773,38,4,4
BRDA:875,39,0,0
BRDA:875,39,1,13
BRDA:887,40,0,1
BRDA:887,40,1,1
BRDA:887,41,0,2
BRDA:887,41,1,1
BRDA:887,41,2,1
BRDA:890,42,0,1
BRDA:890,42,1,0
BRDA:891,43,0,0
BRDA:891,43,1,1
BRDA:891,44,0,1
BRDA:891,44,1,1
BRDA:923,45,0,2
BRDA:923,45,1,0
BRDA:925,46,0,1
BRDA:925,46,1,1
BRDA:925,47,0,2
BRDA:925,47,1,1
BRDA:925,47,2,1
BRDA:930,48,0,1
BRDA:930,48,1,0
BRDA:938,49,0,0
BRDA:938,49,1,1
BRDA:938,50,0,1
BRDA:938,50,1,1
BRDA:963,51,0,0
BRDA:963,51,1,11
BRDA:963,52,0,11
BRDA:963,52,1,11
BRDA:968,53,0,10
BRDA:968,53,1,1
BRDA:968,54,0,11
BRDA:968,54,1,10
BRDA:968,54,2,10
BRDA:971,55,0,10
BRDA:971,55,1,0
BRDA:977,56,0,58
BRDA:977,56,1,108
BRDA:992,57,0,156
BRDA:992,57,1,0
BRDA:996,58,0,152
BRDA:996,58,1,4
BRDA:997,59,0,152
BRDA:997,59,1,0
BRDA:1020,60,0,156
BRDA:1020,60,1,4
BRF:139
BRH:136
end_of_record
TN:
SF:/Users/ioakeimidisg/Repos/eip-tools/eip-npm-modules/eip-textAngular/dist/textAngular.js
FN:35,(anonymous_1)
FN:56,(anonymous_2)
FN:62,(anonymous_3)
FN:72,stripHtmlToText
FN:82,getDomFromHtml
FN:101,(anonymous_6)
FN:128,(anonymous_7)
FN:142,(anonymous_8)
FN:145,(anonymous_9)
FN:167,(anonymous_10)
FN:179,(anonymous_11)
FN:183,(anonymous_12)
FN:196,(anonymous_13)
FN:197,(anonymous_14)
FN:203,(anonymous_15)
FN:204,(anonymous_16)
FN:208,(anonymous_17)
FN:217,(anonymous_18)
FN:227,(anonymous_19)
FN:230,(anonymous_20)
FN:300,taSanitizeFactory
FN:328,wrapNested
FN:347,transformLegacyStyles
FN:395,transformLegacyAttributes
FN:429,taSanitize
FN:481,(anonymous_26)
FN:483,(anonymous_27)
FN:484,(anonymous_28)
FN:493,(anonymous_29)
FN:507,(anonymous_30)
FN:508,(anonymous_31)
FN:520,(anonymous_32)
FN:591,(anonymous_33)
FN:665,(anonymous_34)
FN:669,(anonymous_35)
FN:675,(anonymous_36)
FN:685,(anonymous_37)
FN:710,(anonymous_38)
FN:714,(anonymous_39)
FN:867,(anonymous_40)
FN:916,(anonymous_41)
FN:991,(anonymous_42)
FN:996,(anonymous_43)
FN:1082,(anonymous_44)
FN:1086,(anonymous_45)
FN:1105,(anonymous_46)
FN:1169,(anonymous_47)
FN:1175,(anonymous_48)
FN:1183,(anonymous_49)
FN:1185,(anonymous_50)
FN:1229,(anonymous_51)
FN:1237,(anonymous_52)
FN:1248,(anonymous_53)
FN:1292,(anonymous_54)
FN:1310,addNodes
FN:1313,(anonymous_56)
FN:1327,(anonymous_57)
FN:1337,(anonymous_58)
FN:1342,(anonymous_59)
FN:1352,(anonymous_60)
FN:1374,(anonymous_61)
FN:1382,(anonymous_62)
FN:1390,(anonymous_63)
FN:1398,(anonymous_64)
FN:1406,(anonymous_65)
FN:1414,(anonymous_66)
FN:1424,(anonymous_67)
FN:1427,(anonymous_68)
FN:1432,(anonymous_69)
FN:1587,(anonymous_70)
FN:1590,(anonymous_71)
FN:1594,(anonymous_72)
FN:1602,(anonymous_73)
FN:1609,(anonymous_74)
FN:1630,(anonymous_75)
FN:1639,(anonymous_76)
FN:1643,(anonymous_77)
FN:1648,(anonymous_78)
FN:1657,(anonymous_79)
FN:1664,(anonymous_80)
FN:1668,(anonymous_81)
FN:1673,(anonymous_82)
FN:1682,(anonymous_83)
FN:1691,(anonymous_84)
FN:1692,(anonymous_85)
FN:1715,(anonymous_86)
FN:1717,(anonymous_87)
FN:1719,(anonymous_88)
FN:1733,(anonymous_89)
FN:1742,(anonymous_90)
FN:1823,_mapKeys
FN:1825,(anonymous_92)
FN:1832,(anonymous_93)
FN:1862,(anonymous_94)
FN:1931,(anonymous_95)
FN:1943,(anonymous_96)
FN:1946,(anonymous_97)
FN:1949,(anonymous_98)
FN:1956,(anonymous_99)
FN:1962,(anonymous_100)
FN:1972,(anonymous_101)
FN:1980,(anonymous_102)
FN:1982,(anonymous_103)
FN:1990,(anonymous_104)
FN:2008,(anonymous_105)
FN:2013,(anonymous_106)
FN:2021,(anonymous_107)
FN:2029,(anonymous_108)
FN:2038,(anonymous_109)
FN:2047,(anonymous_110)
FN:2053,(anonymous_111)
FN:2058,(anonymous_112)
FN:2067,(anonymous_113)
FN:2076,(anonymous_114)
FN:2080,(anonymous_115)
FN:2113,(anonymous_116)
FN:2120,(anonymous_117)
FN:2127,(anonymous_118)
FN:2133,(anonymous_119)
FN:2170,(anonymous_120)
FN:2182,(anonymous_121)
FN:2218,(anonymous_122)
FN:2238,(anonymous_123)
FN:2242,(anonymous_124)
FN:2246,(anonymous_125)
FN:2320,(anonymous_126)
FN:2326,(anonymous_127)
FN:2373,(anonymous_128)
FN:2416,(anonymous_129)
FN:2427,(anonymous_130)
FN:2469,(anonymous_131)
FN:2478,(anonymous_132)
FN:2480,(anonymous_133)
FN:2486,(anonymous_134)
FN:2497,(anonymous_135)
FN:2537,(anonymous_136)
FN:2576,(anonymous_137)
FN:2661,(anonymous_138)
FN:2664,(anonymous_139)
FN:2675,(anonymous_140)
FN:2683,(anonymous_141)
FN:2701,(anonymous_142)
FN:2718,(anonymous_143)
FN:2723,(anonymous_144)
FN:2729,(anonymous_145)
FN:2735,(anonymous_146)
FN:2743,(anonymous_147)
FN:2753,(anonymous_148)
FN:2763,(anonymous_149)
FN:2777,(anonymous_150)
FN:2848,(anonymous_151)
FN:2860,(anonymous_152)
FN:2873,(anonymous_153)
FN:2885,(anonymous_154)
FN:2898,(anonymous_155)
FN:2900,(anonymous_156)
FN:2906,(anonymous_157)
FN:2913,(anonymous_158)
FN:2923,(anonymous_159)
FN:2924,(anonymous_160)
FN:2932,(anonymous_161)
FN:3007,(anonymous_162)
FN:3016,(anonymous_163)
FN:3019,(anonymous_164)
FN:3035,(anonymous_165)
FN:3070,(anonymous_166)
FN:3094,(anonymous_167)
FN:3100,(anonymous_168)
FN:3106,(anonymous_169)
FN:3110,(anonymous_170)
FN:3114,(anonymous_171)
FN:3137,(anonymous_172)
FN:3147,(anonymous_173)
FN:3153,(anonymous_174)
FN:3158,(anonymous_175)
FN:3170,(anonymous_176)
FN:3172,(anonymous_177)
FN:3183,(anonymous_178)
FN:3204,roundedMaxVal
FN:3214,(anonymous_180)
FN:3222,(anonymous_181)
FN:3235,(anonymous_182)
FN:3238,(anonymous_183)
FN:3299,(anonymous_184)
FN:3310,(anonymous_185)
FN:3328,(anonymous_186)
FN:3337,(anonymous_187)
FN:3358,(anonymous_188)
FN:3364,(anonymous_189)
FN:3383,(anonymous_190)
FN:3404,(anonymous_191)
FN:3411,(anonymous_192)
FN:3431,(anonymous_193)
FN:3443,(anonymous_194)
FN:3449,(anonymous_195)
FN:3453,(anonymous_196)
FN:3457,(anonymous_197)
FN:3480,(anonymous_198)
FN:3489,(anonymous_199)
FN:3502,(anonymous_200)
FN:3518,(anonymous_201)
FN:3529,(anonymous_202)
FN:3556,(anonymous_203)
FN:3564,(anonymous_204)
FN:3618,(anonymous_205)
FN:3624,(anonymous_206)
FN:3631,(anonymous_207)
FN:3642,(anonymous_208)
FN:3651,(anonymous_209)
FN:3656,(anonymous_210)
FN:3669,(anonymous_211)
FN:3678,(anonymous_212)
FN:3686,(anonymous_213)
FN:3692,(anonymous_214)
FN:3719,(anonymous_215)
FN:3733,(anonymous_216)
FN:3740,(anonymous_217)
FN:3749,(anonymous_218)
FN:3757,(anonymous_219)
FN:3758,(anonymous_220)
FN:3764,(anonymous_221)
FN:3767,(anonymous_222)
FN:3773,(anonymous_223)
FN:3779,(anonymous_224)
FN:3789,(anonymous_225)
FN:3801,(anonymous_226)
FN:3810,(anonymous_227)
FN:3812,(anonymous_228)
FN:3816,(anonymous_229)
FN:3818,(anonymous_230)
FN:3822,(anonymous_231)
FN:3824,(anonymous_232)
FN:3831,(anonymous_233)
FN:3833,(anonymous_234)
FN:3839,(anonymous_235)
FN:3841,(anonymous_236)
FN:3842,(anonymous_237)
FN:3851,(anonymous_238)
FN:3854,(anonymous_239)
FN:3867,(anonymous_240)
FN:3871,(anonymous_241)
FN:3882,(anonymous_242)
FN:3897,(anonymous_243)
FN:3901,(anonymous_244)
FN:3905,(anonymous_245)
FN:3928,(anonymous_246)
FN:3938,(anonymous_247)
FN:3941,(anonymous_248)
FN:3946,(anonymous_249)
FN:3954,(anonymous_250)
FN:3960,(anonymous_251)
FN:3964,(anonymous_252)
FN:3966,(anonymous_253)
FN:3971,(anonymous_254)
FN:3976,(anonymous_255)
FN:3979,(anonymous_256)
FN:3984,(anonymous_257)
FN:3986,(anonymous_258)
FN:3992,(anonymous_259)
FN:3994,(anonymous_260)
FN:4000,(anonymous_261)
FN:4002,(anonymous_262)
FN:4008,(anonymous_263)
FN:4013,(anonymous_264)
FN:4018,(anonymous_265)
FN:4020,(anonymous_266)
FN:4043,(anonymous_267)
FN:4045,(anonymous_268)
FN:4051,(anonymous_269)
FN:4058,(anonymous_270)
FN:4067,(anonymous_271)
FN:4087,(anonymous_272)
FN:4089,(anonymous_273)
FN:4091,(anonymous_274)
FN:4117,(anonymous_275)
FN:4123,(anonymous_276)
FN:4139,(anonymous_277)
FN:4144,(anonymous_278)
FN:4192,(anonymous_279)
FN:4193,(anonymous_280)
FN:4197,(anonymous_281)
FN:4201,(anonymous_282)
FN:4218,(anonymous_283)
FN:4224,(anonymous_284)
FN:4228,(anonymous_285)
FN:4246,(anonymous_286)
FN:4272,(anonymous_287)
FN:4290,(anonymous_288)
FN:4298,(anonymous_289)
FN:4302,(anonymous_290)
FNF:290
FNH:290
FNDA:1,(anonymous_1)
FNDA:1,(anonymous_2)
FNDA:0,(anonymous_3)
FNDA:1138,stripHtmlToText
FNDA:1,getDomFromHtml
FNDA:0,(anonymous_6)
FNDA:1,(anonymous_7)
FNDA:17,(anonymous_8)
FNDA:17,(anonymous_9)
FNDA:17,(anonymous_10)
FNDA:17,(anonymous_11)
FNDA:17,(anonymous_12)
FNDA:555,(anonymous_13)
FNDA:476,(anonymous_14)
FNDA:470,(anonymous_15)
FNDA:14,(anonymous_16)
FNDA:22,(anonymous_17)
FNDA:5,(anonymous_18)
FNDA:480,(anonymous_19)
FNDA:1095,(anonymous_20)
FNDA:528,taSanitizeFactory
FNDA:3,wrapNested
FNDA:1141,transformLegacyStyles
FNDA:1164,transformLegacyAttributes
FNDA:1164,taSanitize
FNDA:567,(anonymous_26)
FNDA:88,(anonymous_27)
FNDA:677,(anonymous_28)
FNDA:84,(anonymous_29)
FNDA:337,(anonymous_30)
FNDA:6,(anonymous_31)
FNDA:5,(anonymous_32)
FNDA:6,(anonymous_33)
FNDA:23,(anonymous_34)
FNDA:5,(anonymous_35)
FNDA:18,(anonymous_36)
FNDA:35,(anonymous_37)
FNDA:340,(anonymous_38)
FNDA:158,(anonymous_39)
FNDA:16,(anonymous_40)
FNDA:12,(anonymous_41)
FNDA:50,(anonymous_42)
FNDA:23,(anonymous_43)
FNDA:663,(anonymous_44)
FNDA:1322,(anonymous_45)
FNDA:661,(anonymous_46)
FNDA:1,(anonymous_47)
FNDA:0,(anonymous_48)
FNDA:0,(anonymous_49)
FNDA:0,(anonymous_50)
FNDA:1,(anonymous_51)
FNDA:0,(anonymous_52)
FNDA:0,(anonymous_53)
FNDA:1,(anonymous_54)
FNDA:4,addNodes
FNDA:3,(anonymous_56)
FNDA:25,(anonymous_57)
FNDA:12,(anonymous_58)
FNDA:8,(anonymous_59)
FNDA:40,(anonymous_60)
FNDA:286,(anonymous_61)
FNDA:0,(anonymous_62)
FNDA:0,(anonymous_63)
FNDA:0,(anonymous_64)
FNDA:3,(anonymous_65)
FNDA:49,(anonymous_66)
FNDA:78,(anonymous_67)
FNDA:5,(anonymous_68)
FNDA:12,(anonymous_69)
FNDA:679,(anonymous_70)
FNDA:17,(anonymous_71)
FNDA:11,(anonymous_72)
FNDA:7,(anonymous_73)
FNDA:4,(anonymous_74)
FNDA:1,(anonymous_75)
FNDA:7,(anonymous_76)
FNDA:6,(anonymous_77)
FNDA:6,(anonymous_78)
FNDA:9,(anonymous_79)
FNDA:8,(anonymous_80)
FNDA:7,(anonymous_81)
FNDA:7,(anonymous_82)
FNDA:11,(anonymous_83)
FNDA:481,(anonymous_84)
FNDA:1402,(anonymous_85)
FNDA:313,(anonymous_86)
FNDA:8501,(anonymous_87)
FNDA:1,(anonymous_88)
FNDA:470,(anonymous_89)
FNDA:740,(anonymous_90)
FNDA:10,_mapKeys
FNDA:50,(anonymous_92)
FNDA:10,(anonymous_93)
FNDA:1084,(anonymous_94)
FNDA:1063,(anonymous_95)
FNDA:17,(anonymous_96)
FNDA:11,(anonymous_97)
FNDA:28,(anonymous_98)
FNDA:1791,(anonymous_99)
FNDA:319,(anonymous_100)
FNDA:28,(anonymous_101)
FNDA:964,(anonymous_102)
FNDA:1957,(anonymous_103)
FNDA:278,(anonymous_104)
FNDA:624,(anonymous_105)
FNDA:17,(anonymous_106)
FNDA:2,(anonymous_107)
FNDA:11,(anonymous_108)
FNDA:2,(anonymous_109)
FNDA:187,(anonymous_110)
FNDA:1084,(anonymous_111)
FNDA:30,(anonymous_112)
FNDA:928,(anonymous_113)
FNDA:8,(anonymous_114)
FNDA:5,(anonymous_115)
FNDA:49,(anonymous_116)
FNDA:325,(anonymous_117)
FNDA:13,(anonymous_118)
FNDA:28,(anonymous_119)
FNDA:393,(anonymous_120)
FNDA:330,(anonymous_121)
FNDA:23,(anonymous_122)
FNDA:0,(anonymous_123)
FNDA:0,(anonymous_124)
FNDA:0,(anonymous_125)
FNDA:0,(anonymous_126)
FNDA:0,(anonymous_127)
FNDA:0,(anonymous_128)
FNDA:16,(anonymous_129)
FNDA:26,(anonymous_130)
FNDA:1,(anonymous_131)
FNDA:2,(anonymous_132)
FNDA:1,(anonymous_133)
FNDA:10,(anonymous_134)
FNDA:0,(anonymous_135)
FNDA:1,(anonymous_136)
FNDA:68,(anonymous_137)
FNDA:38,(anonymous_138)
FNDA:34,(anonymous_139)
FNDA:31,(anonymous_140)
FNDA:0,(anonymous_141)
FNDA:27,(anonymous_142)
FNDA:17,(anonymous_143)
FNDA:107,(anonymous_144)
FNDA:2,(anonymous_145)
FNDA:1,(anonymous_146)
FNDA:28,(anonymous_147)
FNDA:13,(anonymous_148)
FNDA:1204,(anonymous_149)
FNDA:1,(anonymous_150)
FNDA:62,(anonymous_151)
FNDA:16,(anonymous_152)
FNDA:20,(anonymous_153)
FNDA:852,(anonymous_154)
FNDA:759,(anonymous_155)
FNDA:23043,(anonymous_156)
FNDA:255,(anonymous_157)
FNDA:256,(anonymous_158)
FNDA:37,(anonymous_159)
FNDA:3,(anonymous_160)
FNDA:78,(anonymous_161)
FNDA:1,(anonymous_162)
FNDA:0,(anonymous_163)
FNDA:0,(anonymous_164)
FNDA:131,(anonymous_165)
FNDA:262,(anonymous_166)
FNDA:26,(anonymous_167)
FNDA:3,(anonymous_168)
FNDA:2,(anonymous_169)
FNDA:0,(anonymous_170)
FNDA:26,(anonymous_171)
FNDA:15,(anonymous_172)
FNDA:1024,(anonymous_173)
FNDA:0,(anonymous_174)
FNDA:11,(anonymous_175)
FNDA:11,(anonymous_176)
FNDA:0,(anonymous_177)
FNDA:0,(anonymous_178)
FNDA:0,roundedMaxVal
FNDA:0,(anonymous_180)
FNDA:0,(anonymous_181)
FNDA:0,(anonymous_182)
FNDA:0,(anonymous_183)
FNDA:6,(anonymous_184)
FNDA:1,(anonymous_185)
FNDA:336,(anonymous_186)
FNDA:84,(anonymous_187)
FNDA:10,(anonymous_188)
FNDA:153,(anonymous_189)
FNDA:99,(anonymous_190)
FNDA:13,(anonymous_191)
FNDA:14,(anonymous_192)
FNDA:4,(anonymous_193)
FNDA:1,(anonymous_194)
FNDA:1642,(anonymous_195)
FNDA:1558,(anonymous_196)
FNDA:7,(anonymous_197)
FNDA:2,(anonymous_198)
FNDA:2,(anonymous_199)
FNDA:108,(anonymous_200)
FNDA:21,(anonymous_201)
FNDA:352,(anonymous_202)
FNDA:256,(anonymous_203)
FNDA:25,(anonymous_204)
FNDA:7,(anonymous_205)
FNDA:6,(anonymous_206)
FNDA:5,(anonymous_207)
FNDA:1,(anonymous_208)
FNDA:0,(anonymous_209)
FNDA:167,(anonymous_210)
FNDA:1,(anonymous_211)
FNDA:1,(anonymous_212)
FNDA:15,(anonymous_213)
FNDA:2,(anonymous_214)
FNDA:2,(anonymous_215)
FNDA:1,(anonymous_216)
FNDA:0,(anonymous_217)
FNDA:558,(anonymous_218)
FNDA:2,(anonymous_219)
FNDA:2,(anonymous_220)
FNDA:337,(anonymous_221)
FNDA:0,(anonymous_222)
FNDA:0,(anonymous_223)
FNDA:1389,(anonymous_224)
FNDA:277,(anonymous_225)
FNDA:4,(anonymous_226)
FNDA:2,(anonymous_227)
FNDA:4,(anonymous_228)
FNDA:1,(anonymous_229)
FNDA:2,(anonymous_230)
FNDA:121,(anonymous_231)
FNDA:123,(anonymous_232)
FNDA:14,(anonymous_233)
FNDA:15,(anonymous_234)
FNDA:175,(anonymous_235)
FNDA:175,(anonymous_236)
FNDA:4953,(anonymous_237)
FNDA:8,(anonymous_238)
FNDA:221,(anonymous_239)
FNDA:31,(anonymous_240)
FNDA:51,(anonymous_241)
FNDA:981,(anonymous_242)
FNDA:8,(anonymous_243)
FNDA:3,(anonymous_244)
FNDA:27,(anonymous_245)
FNDA:271,(anonymous_246)
FNDA:270,(anonymous_247)
FNDA:258,(anonymous_248)
FNDA:372,(anonymous_249)
FNDA:4,(anonymous_250)
FNDA:69,(anonymous_251)
FNDA:5,(anonymous_252)
FNDA:5,(anonymous_253)
FNDA:346,(anonymous_254)
FNDA:23,(anonymous_255)
FNDA:69,(anonymous_256)
FNDA:2,(anonymous_257)
FNDA:61,(anonymous_258)
FNDA:73,(anonymous_259)
FNDA:107,(anonymous_260)
FNDA:63,(anonymous_261)
FNDA:190,(anonymous_262)
FNDA:112,(anonymous_263)
FNDA:193,(anonymous_264)
FNDA:2,(anonymous_265)
FNDA:4,(anonymous_266)
FNDA:2,(anonymous_267)
FNDA:4,(anonymous_268)
FNDA:2,(anonymous_269)
FNDA:2,(anonymous_270)
FNDA:6,(anonymous_271)
FNDA:3,(anonymous_272)
FNDA:4,(anonymous_273)
FNDA:3,(anonymous_274)
FNDA:314,(anonymous_275)
FNDA:344,(anonymous_276)
FNDA:415,(anonymous_277)
FNDA:8501,(anonymous_278)
FNDA:20,(anonymous_279)
FNDA:16,(anonymous_280)
FNDA:41597,(anonymous_281)
FNDA:30169,(anonymous_282)
FNDA:30190,(anonymous_283)
FNDA:1153,(anonymous_284)
FNDA:8306,(anonymous_285)
FNDA:303,(anonymous_286)
FNDA:9,(anonymous_287)
FNDA:343,(anonymous_288)
FNDA:1,(anonymous_289)
FNDA:1,(anonymous_290)
DA:16,1
DA:34,1
DA:36,1
DA:41,1
DA:46,1
DA:54,1
DA:56,1
DA:57,1
DA:62,1
DA:72,1
DA:74,1138
DA:75,1138
DA:76,1138
DA:77,1138
DA:78,1138
DA:79,1138
DA:82,1
DA:84,1
DA:85,1
DA:86,1
DA:92,1
DA:93,1
DA:95,1
DA:100,1
DA:101,1
DA:102,1
DA:110,1
DA:112,1
DA:113,1
DA:115,1
DA:116,1
DA:117,1
DA:118,1
DA:119,1
DA:120,1
DA:126,1
DA:128,1
DA:130,1
DA:132,1
DA:135,1
DA:137,1
DA:142,1
DA:143,17
DA:145,1
DA:146,17
DA:147,17
DA:150,17
DA:151,1
DA:154,17
DA:155,17
DA:158,1
DA:161,17
DA:162,1
DA:164,17
DA:167,1
DA:168,17
DA:169,17
DA:171,17
DA:172,17
DA:173,17
DA:176,17
DA:179,1
DA:180,17
DA:183,1
DA:184,17
DA:185,17
DA:186,17
DA:187,17
DA:188,17
DA:190,1
DA:195,1
DA:197,555
DA:199,476
DA:200,137
DA:201,137
DA:204,470
DA:205,14
DA:206,14
DA:208,14
DA:209,22
DA:211,22
DA:212,18
DA:214,4
DA:215,4
DA:217,22
DA:218,5
DA:219,5
DA:220,2
DA:221,3
DA:225,14
DA:230,480
DA:231,1095
DA:236,853
DA:239,853
DA:240,853
DA:241,853
DA:245,853
DA:246,1
DA:247,1
DA:248,1
DA:249,1
DA:252,853
DA:254,1
DA:255,1
DA:256,1
DA:257,1
DA:272,853
DA:273,844
DA:274,61
DA:275,61
DA:277,61
DA:278,61
DA:279,5
DA:281,5
DA:282,1
DA:285,56
DA:287,61
DA:289,844
DA:293,853
DA:295,59
DA:296,59
DA:297,794
DA:299,480
DA:302,528
DA:315,528
DA:316,528
DA:317,1056
DA:318,1056
DA:320,1056
DA:321,1056
DA:323,1056
DA:324,1056
DA:326,528
DA:328,1
DA:329,3
DA:330,3
DA:331,3
DA:332,3
DA:333,3
DA:334,5
DA:335,5
DA:336,4
DA:337,1
DA:338,1
DA:340,3
DA:347,1
DA:348,1141
DA:349,899
DA:350,899
DA:351,899
DA:352,899
DA:355,90
DA:356,90
DA:358,90
DA:360,3
DA:362,3
DA:364,3
DA:365,4
DA:366,8
DA:367,4
DA:372,3
DA:374,3
DA:375,1
DA:376,2
DA:378,3
DA:380,3
DA:381,3
DA:382,3
DA:384,3
DA:385,3
DA:388,899
DA:389,2
DA:391,897
DA:392,899
DA:395,1
DA:396,1164
DA:398,922
DA:399,922
DA:401,922
DA:403,5
DA:405,5
DA:407,5
DA:409,5
DA:411,1
DA:414,4
DA:416,5
DA:418,5
DA:421,922
DA:425,528
DA:426,528
DA:427,528
DA:429,528
DA:431,1164
DA:432,1138
DA:433,1138
DA:441,1164
DA:446,1164
DA:447,922
DA:448,922
DA:449,922
DA:450,922
DA:451,922
DA:456,1164
DA:457,1164
DA:458,1164
DA:460,1158
DA:462,6
DA:467,1164
DA:468,1164
DA:469,1164
DA:470,1164
DA:471,1164
DA:472,1164
DA:473,1164
DA:474,1164
DA:475,8
DA:476,8
DA:477,8
DA:479,1164
DA:483,567
DA:484,677
DA:485,88
DA:489,88
DA:490,88
DA:491,88
DA:493,86
DA:494,84
DA:497,2
DA:499,88
DA:501,85
DA:506,1
DA:508,337
DA:509,6
DA:512,6
DA:513,6
DA:514,6
DA:515,6
DA:517,6
DA:518,6
DA:520,337
DA:521,5
DA:524,5
DA:525,5
DA:526,5
DA:527,5
DA:528,5
DA:529,10
DA:531,5
DA:532,5
DA:533,4
DA:535,5
DA:536,4
DA:538,5
DA:543,5
DA:544,5
DA:545,2
DA:547,3
DA:548,3
DA:549,3
DA:551,5
DA:553,5
DA:555,1
DA:556,1
DA:557,1
DA:558,1
DA:559,1
DA:560,1
DA:561,4
DA:563,1
DA:564,1
DA:565,1
DA:567,3
DA:569,3
DA:570,3
DA:571,3
DA:572,3
DA:573,3
DA:575,3
DA:576,3
DA:577,3
DA:578,3
DA:579,3
DA:581,3
DA:583,3
DA:584,3
DA:585,3
DA:586,3
DA:588,3
DA:591,337
DA:592,6
DA:594,6
DA:595,6
DA:597,6
DA:598,6
DA:599,6
DA:600,19
DA:601,38
DA:603,12
DA:607,6
DA:608,4
DA:610,6
DA:611,3
DA:615,6
DA:616,6
DA:617,3
DA:618,6
DA:619,6
DA:622,3
DA:623,3
DA:624,6
DA:625,6
DA:627,3
DA:629,6
DA:630,6
DA:632,2
DA:633,2
DA:634,2
DA:635,2
DA:636,2
DA:637,4
DA:639,3
DA:640,3
DA:641,3
DA:644,1
DA:645,1
DA:646,1
DA:647,1
DA:648,1
DA:650,1
DA:651,1
DA:652,1
DA:653,1
DA:654,1
DA:656,1
DA:657,1
DA:658,1
DA:659,1
DA:660,1
DA:662,1
DA:665,337
DA:666,23
DA:667,21
DA:669,337
DA:670,5
DA:671,5
DA:672,5
DA:673,5
DA:675,337
DA:676,18
DA:677,18
DA:678,20
DA:680,18
DA:681,18
DA:682,18
DA:683,18
DA:685,337
DA:686,35
DA:687,76
DA:689,76
DA:690,1
DA:694,35
DA:696,1
DA:699,35
DA:700,1
DA:703,35
DA:704,35
DA:705,35
DA:706,35
DA:707,35
DA:710,337
DA:713,340
DA:714,340
DA:715,158
DA:716,158
DA:717,158
DA:718,158
DA:719,82
DA:721,158
DA:723,158
DA:725,158
DA:726,158
DA:733,1
DA:734,1
DA:736,1
DA:738,1
DA:740,1
DA:743,1
DA:744,1
DA:747,1
DA:748,1
DA:750,1
DA:752,1
DA:755,1
DA:756,1
DA:757,1
DA:758,1
DA:759,158
DA:765,1
DA:766,1
DA:768,1
DA:770,1
DA:772,1
DA:775,1
DA:776,1
DA:779,1
DA:780,1
DA:782,1
DA:784,1
DA:789,1
DA:790,1
DA:791,1
DA:792,1
DA:794,158
DA:800,1
DA:801,1
DA:803,1
DA:804,1
DA:806,158
DA:810,1
DA:811,1
DA:813,1
DA:814,1
DA:821,158
DA:822,158
DA:823,158
DA:825,158
DA:826,57
DA:827,57
DA:829,57
DA:830,6
DA:832,51
DA:836,4
DA:837,2
DA:838,2
DA:840,2
DA:842,47
DA:846,1
DA:847,46
DA:851,1
DA:852,45
DA:855,23
DA:856,17
DA:858,3
DA:859,3
DA:862,20
DA:864,2
DA:866,18
DA:867,18
DA:868,16
DA:869,4
DA:872,18
DA:873,2
DA:875,16
DA:878,22
DA:880,21
DA:882,21
DA:884,4
DA:885,4
DA:886,4
DA:887,17
DA:888,5
DA:890,3
DA:892,2
DA:895,12
DA:896,12
DA:897,12
DA:899,24
DA:900,24
DA:902,24
DA:903,24
DA:904,10
DA:905,14
DA:906,2
DA:908,12
DA:910,24
DA:914,12
DA:915,12
DA:916,12
DA:918,16
DA:919,16
DA:921,101
DA:922,46
DA:923,46
DA:924,5
DA:925,5
DA:927,46
DA:928,2
DA:931,44
DA:934,46
DA:935,12
DA:937,12
DA:939,46
DA:941,6
DA:942,6
DA:943,6
DA:944,8
DA:946,6
DA:947,1
DA:948,1
DA:949,1
DA:950,1
DA:952,5
DA:953,5
DA:954,5
DA:955,5
DA:957,40
DA:960,5
DA:961,5
DA:962,5
DA:964,5
DA:965,1
DA:966,1
DA:967,1
DA:969,5
DA:971,5
DA:972,35
DA:974,3
DA:977,32
DA:978,32
DA:980,18
DA:983,32
DA:984,50
DA:985,10
DA:986,14
DA:991,32
DA:992,50
DA:995,32
DA:996,8
DA:997,23
DA:1000,32
DA:1001,1
DA:1002,1
DA:1003,1
DA:1004,31
DA:1006,7
DA:1007,7
DA:1008,9
DA:1010,7
DA:1011,7
DA:1012,7
DA:1013,7
DA:1015,9
DA:1018,24
DA:1021,1
DA:1022,1
DA:1023,1
DA:1025,1
DA:1026,1
DA:1027,1
DA:1028,1
DA:1030,1
DA:1036,24
DA:1037,35
DA:1038,35
DA:1039,18
DA:1044,46
DA:1047,46
DA:1048,46
DA:1049,55
DA:1051,15
DA:1053,1
DA:1054,1
DA:1056,15
DA:1061,15
DA:1064,2
DA:1065,13
DA:1066,12
DA:1067,12
DA:1069,15
DA:1070,40
DA:1072,7
DA:1073,7
DA:1075,34
DA:1076,34
DA:1084,663
DA:1085,663
DA:1086,663
DA:1092,1322
DA:1093,1
DA:1098,1322
DA:1104,663
DA:1106,661
DA:1107,661
DA:1109,661
DA:1112,1
DA:1114,661
DA:1115,661
DA:1140,661
DA:1141,504
DA:1146,504
DA:1149,661
DA:1153,1
DA:1154,1
DA:1155,1
DA:1157,661
DA:1159,1
DA:1161,661
DA:1165,661
DA:1170,1
DA:1171,1
DA:1172,1
DA:1173,1
DA:1174,1
DA:1175,1
DA:1176,1
DA:1177,1
DA:1178,1
DA:1180,1
DA:1181,1
DA:1183,1
DA:1185,1
DA:1189,1
DA:1192,1
DA:1199,1
DA:1200,1
DA:1201,1
DA:1205,1
DA:1208,1
DA:1209,1
DA:1212,1
DA:1215,1
DA:1217,1
DA:1218,1
DA:1221,1
DA:1222,1
DA:1226,1
DA:1231,1
DA:1232,1
DA:1233,1
DA:1234,1
DA:1235,1
DA:1236,1
DA:1237,1
DA:1238,1
DA:1239,1
DA:1240,1
DA:1242,1
DA:1243,1
DA:1244,1
DA:1248,1
DA:1249,1
DA:1250,1
DA:1251,1
DA:1252,1
DA:1254,1
DA:1257,1
DA:1260,1
DA:1261,1
DA:1264,1
DA:1266,1
DA:1267,1
DA:1268,1
DA:1271,1
DA:1275,1
DA:1276,1
DA:1277,1
DA:1278,1
DA:1279,1
DA:1280,1
DA:1281,1
DA:1284,1
DA:1293,1
DA:1294,1
DA:1295,1
DA:1297,1
DA:1298,1
DA:1300,1
DA:1304,1
DA:1305,1
DA:1309,1
DA:1310,1
DA:1311,4
DA:1312,3
DA:1313,3
DA:1314,3
DA:1315,3
DA:1316,2
DA:1318,3
DA:1321,1
DA:1324,1
DA:1325,1
DA:1328,25
DA:1329,25
DA:1334,25
DA:1337,25
DA:1338,12
DA:1343,8
DA:1344,8
DA:1349,8
DA:1352,8
DA:1353,40
DA:1355,8
DA:1357,8
DA:1361,8
DA:1365,3
DA:1366,3
DA:1367,3
DA:1368,3
DA:1371,8
DA:1375,286
DA:1376,286
DA:1377,286
DA:1379,1
DA:1383,1
DA:1385,1
DA:1386,1
DA:1388,1
DA:1391,1
DA:1393,1
DA:1394,1
DA:1396,1
DA:1399,1
DA:1401,1
DA:1402,1
DA:1404,1
DA:1407,3
DA:1409,3
DA:1410,3
DA:1412,3
DA:1415,49
DA:1417,49
DA:1418,49
DA:1419,49
DA:1420,1
DA:1422,49
DA:1425,78
DA:1428,5
DA:1433,12
DA:1434,12
DA:1435,12
DA:1436,12
DA:1437,12
DA:1438,12
DA:1440,12
DA:1444,12
DA:1445,12
DA:1446,12
DA:1447,12
DA:1449,1
DA:1466,12
DA:1467,12
DA:1469,12
DA:1470,12
DA:1472,12
DA:1475,1
DA:1478,1
DA:1480,1
DA:1484,12
DA:1485,12
DA:1487,1
DA:1488,1
DA:1490,1
DA:1491,1
DA:1493,1
DA:1494,1
DA:1497,1
DA:1498,1
DA:1502,1
DA:1503,1
DA:1504,1
DA:1506,1
DA:1509,1
DA:1510,1
DA:1511,1
DA:1512,1
DA:1513,1
DA:1515,1
DA:1518,1
DA:1519,1
DA:1520,1
DA:1523,1
DA:1526,1
DA:1527,1
DA:1529,1
DA:1530,1
DA:1531,1
DA:1532,1
DA:1534,1
DA:1535,1
DA:1536,1
DA:1537,1
DA:1538,1
DA:1539,1
DA:1540,1
DA:1541,1
DA:1543,1
DA:1544,1
DA:1545,1
DA:1546,1
DA:1551,1
DA:1555,12
DA:1556,12
DA:1557,12
DA:1586,663
DA:1588,679
DA:1591,17
DA:1592,17
DA:1593,17
DA:1594,10
DA:1595,11
DA:1598,17
DA:1599,17
DA:1604,7
DA:1605,7
DA:1606,7
DA:1610,4
DA:1611,3
DA:1612,3
DA:1613,3
DA:1615,3
DA:1616,2
DA:1617,2
DA:1620,3
DA:1621,1
DA:1622,1
DA:1624,3
DA:1626,3
DA:1627,3
DA:1631,2
DA:1632,1
DA:1635,679
DA:1638,1
DA:1640,7
DA:1644,6
DA:1645,6
DA:1646,2
DA:1648,4
DA:1649,6
DA:1650,6
DA:1651,1
DA:1653,5
DA:1654,1
DA:1657,4
DA:1658,9
DA:1659,9
DA:1660,9
DA:1665,8
DA:1669,7
DA:1670,7
DA:1671,2
DA:1673,5
DA:1674,7
DA:1675,7
DA:1676,1
DA:1678,6
DA:1679,1
DA:1682,5
DA:1683,11
DA:1684,11
DA:1685,11
DA:1690,1
DA:1692,481
DA:1697,1402
DA:1701,1136
DA:1704,1136
DA:1706,69
DA:1707,18
DA:1709,51
DA:1711,1067
DA:1716,313
DA:1718,8501
DA:1719,8501
DA:1721,1
DA:1723,1
DA:1724,1
DA:1739,470
DA:1743,740
DA:1744,740
DA:1746,740
DA:1747,740
DA:1748,740
DA:1749,740
DA:1750,740
DA:1751,740
DA:1752,740
DA:1753,740
DA:1761,740
DA:1767,740
DA:1768,740
DA:1772,740
DA:1774,740
DA:1775,740
DA:1776,740
DA:1777,740
DA:1779,740
DA:1780,740
DA:1781,740
DA:1782,740
DA:1783,740
DA:1786,740
DA:1823,1
DA:1824,10
DA:1825,10
DA:1826,50
DA:1827,10
DA:1831,10
DA:1832,10
DA:1833,5
DA:1837,10
DA:1841,740
DA:1843,740
DA:1844,2
DA:1845,2
DA:1847,738
DA:1852,738
DA:1860,740
DA:1862,740
DA:1863,1084
DA:1864,824
DA:1868,824
DA:1871,69
DA:1873,755
DA:1874,755
DA:1875,755
DA:1876,755
DA:1877,759
DA:1879,755
DA:1880,1
DA:1883,754
DA:1884,754
DA:1885,789
DA:1886,789
DA:1888,789
DA:1889,2
DA:1890,787
DA:1893,2
DA:1894,2
DA:1896,1
DA:1899,1
DA:1901,785
DA:1903,9
DA:1905,9
DA:1906,9
DA:1907,1
DA:1909,776
DA:1916,824
DA:1919,740
DA:1920,2
DA:1923,740
DA:1925,740
DA:1927,740
DA:1932,1063
DA:1933,2
DA:1934,1061
DA:1935,1
DA:1937,1061
DA:1938,1061
DA:1939,1061
DA:1940,1061
DA:1941,1061
DA:1944,17
DA:1947,11
DA:1950,28
DA:1951,12
DA:1953,16
DA:1954,16
DA:1957,1791
DA:1962,740
DA:1963,319
DA:1964,310
DA:1966,9
DA:1967,8
DA:1969,1
DA:1972,740
DA:1974,28
DA:1975,28
DA:1976,28
DA:1980,740
DA:1982,964
DA:1984,1957
DA:1990,740
DA:1991,278
DA:1992,278
DA:1993,278
DA:1994,277
DA:1996,34
DA:1997,34
DA:1999,243
DA:2000,243
DA:2001,135
DA:2002,135
DA:2005,277
DA:2008,740
DA:2009,624
DA:2012,740
DA:2013,740
DA:2015,17
DA:2016,17
DA:2017,17
DA:2018,12
DA:2019,12
DA:2020,12
DA:2021,12
DA:2022,2
DA:2023,2
DA:2029,740
DA:2031,11
DA:2032,11
DA:2033,11
DA:2034,4
DA:2035,4
DA:2037,4
DA:2038,4
DA:2039,2
DA:2040,2
DA:2047,740
DA:2048,187
DA:2053,740
DA:2054,1084
DA:2058,740
DA:2059,30
DA:2062,740
DA:2063,740
DA:2065,740
DA:2066,740
DA:2067,740
DA:2068,928
DA:2072,740
DA:2073,727
DA:2074,727
DA:2076,295
DA:2077,8
DA:2080,295
DA:2082,5
DA:2085,5
DA:2087,5
DA:2088,5
DA:2090,5
DA:2091,5
DA:2093,4
DA:2094,4
DA:2096,3
DA:2099,3
DA:2103,1
DA:2106,1
DA:2109,5
DA:2113,295
DA:2114,49
DA:2115,49
DA:2116,49
DA:2120,295
DA:2121,325
DA:2122,358
DA:2127,295
DA:2128,13
DA:2129,13
DA:2130,13
DA:2132,13
DA:2133,13
DA:2135,28
DA:2136,28
DA:2137,2
DA:2138,2
DA:2140,26
DA:2141,1
DA:2142,1
DA:2145,25
DA:2147,1
DA:2149,25
DA:2150,2
DA:2154,23
DA:2158,13
DA:2159,13
DA:2170,295
DA:2178,393
DA:2179,393
DA:2181,312
DA:2182,312
DA:2183,330
DA:2184,330
DA:2185,2
DA:2186,2
DA:2188,328
DA:2189,1
DA:2190,1
DA:2193,327
DA:2196,1
DA:2198,327
DA:2200,17
DA:2202,327
DA:2204,11
DA:2208,316
DA:2212,393
DA:2216,432
DA:2218,432
DA:2219,23
DA:2220,23
DA:2223,23
DA:2225,22
DA:2226,1
DA:2227,1
DA:2228,1
DA:2229,1
DA:2230,1
DA:2231,1
DA:2232,1
DA:2238,1
DA:2239,1
DA:2240,1
DA:2242,1
DA:2243,1
DA:2244,1
DA:2245,1
DA:2246,1
DA:2247,1
DA:2248,1
DA:2250,1
DA:2252,1
DA:2253,1
DA:2254,1
DA:2256,1
DA:2257,1
DA:2266,1
DA:2269,1
DA:2270,1
DA:2272,1
DA:2273,1
DA:2274,1
DA:2276,1
DA:2277,1
DA:2278,1
DA:2279,1
DA:2282,1
DA:2284,1
DA:2285,1
DA:2286,1
DA:2287,1
DA:2288,1
DA:2289,1
DA:2290,1
DA:2291,1
DA:2292,1
DA:2293,1
DA:2294,1
DA:2295,1
DA:2296,1
DA:2298,1
DA:2300,1
DA:2302,1
DA:2303,1
DA:2304,1
DA:2305,1
DA:2309,1
DA:2310,1
DA:2311,1
DA:2312,1
DA:2313,1
DA:2314,1
DA:2316,1
DA:2317,1
DA:2320,1
DA:2321,1
DA:2322,1
DA:2323,1
DA:2326,1
DA:2327,1
DA:2328,1
DA:2330,1
DA:2332,1
DA:2333,1
DA:2334,1
DA:2337,1
DA:2340,22
DA:2341,22
DA:2343,1
DA:2344,1
DA:2345,1
DA:2346,1
DA:2347,1
DA:2348,1
DA:2349,1
DA:2351,1
DA:2353,1
DA:2355,22
DA:2359,1
DA:2360,1
DA:2364,22
DA:2367,22
DA:2369,1
DA:2373,22
DA:2374,1
DA:2375,1
DA:2376,1
DA:2378,1
DA:2383,22
DA:2384,22
DA:2385,22
DA:2386,22
DA:2387,22
DA:2388,22
DA:2389,22
DA:2390,22
DA:2391,22
DA:2392,22
DA:2393,22
DA:2394,22
DA:2395,22
DA:2396,22
DA:2397,22
DA:2398,22
DA:2400,22
DA:2401,1
DA:2402,1
DA:2403,1
DA:2407,22
DA:2410,22
DA:2412,22
DA:2415,22
DA:2416,22
DA:2417,16
DA:2418,16
DA:2419,16
DA:2422,1
DA:2423,1
DA:2427,432
DA:2429,26
DA:2430,26
DA:2431,3
DA:2432,3
DA:2433,3
DA:2437,23
DA:2438,23
DA:2439,23
DA:2440,23
DA:2442,23
DA:2443,1
DA:2444,1
DA:2445,1
DA:2446,1
DA:2447,1
DA:2449,23
DA:2450,22
DA:2451,22
DA:2452,22
DA:2455,22
DA:2456,20
DA:2457,2
DA:2458,2
DA:2460,22
DA:2461,22
DA:2462,22
DA:2463,22
DA:2465,1
DA:2467,1
DA:2468,1
DA:2469,1
DA:2471,1
DA:2472,1
DA:2473,1
DA:2474,1
DA:2478,432
DA:2480,2
DA:2481,1
DA:2483,1
DA:2486,432
DA:2488,10
DA:2489,10
DA:2490,1
DA:2492,9
DA:2494,10
DA:2495,10
DA:2497,10
DA:2498,1
DA:2501,1
DA:2503,1
DA:2504,1
DA:2506,1
DA:2508,1
DA:2509,1
DA:2514,10
DA:2515,1
DA:2518,10
DA:2521,5
DA:2522,5
DA:2525,10
DA:2526,10
DA:2527,2
DA:2528,2
DA:2530,10
DA:2531,3
DA:2532,3
DA:2535,10
DA:2537,1
DA:2538,1
DA:2539,1
DA:2540,1
DA:2543,1
DA:2545,1
DA:2546,1
DA:2548,1
DA:2549,1
DA:2552,1
DA:2553,1
DA:2554,1
DA:2556,1
DA:2557,1
DA:2558,1
DA:2559,1
DA:2560,1
DA:2561,1
DA:2562,1
DA:2564,1
DA:2565,1
DA:2566,1
DA:2567,1
DA:2568,1
DA:2569,1
DA:2575,432
DA:2576,432
DA:2578,68
DA:2579,68
DA:2581,68
DA:2582,1
DA:2583,1
DA:2584,1
DA:2587,68
DA:2588,1
DA:2591,68
DA:2592,1
DA:2594,68
DA:2595,68
DA:2597,41
DA:2601,41
DA:2602,4
DA:2603,4
DA:2604,1
DA:2606,4
DA:2610,3
DA:2617,1
DA:2618,1
DA:2619,1
DA:2623,1
DA:2630,1
DA:2635,1
DA:2638,1
DA:2639,1
DA:2640,1
DA:2641,1
DA:2646,41
DA:2647,41
DA:2648,1
DA:2649,1
DA:2650,40
DA:2659,41
DA:2660,41
DA:2661,41
DA:2662,38
DA:2664,41
DA:2665,41
DA:2674,432
DA:2675,432
DA:2676,31
DA:2681,30
DA:2683,30
DA:2684,1
DA:2685,1
DA:2686,1
DA:2690,1
DA:2694,1
DA:2695,1
DA:2701,432
DA:2702,27
DA:2704,27
DA:2705,27
DA:2707,1
DA:2708,1
DA:2713,432
DA:2714,18
DA:2715,18
DA:2716,1
DA:2718,17
DA:2719,17
DA:2723,431
DA:2724,107
DA:2725,107
DA:2726,107
DA:2729,431
DA:2730,2
DA:2731,2
DA:2735,431
DA:2737,1
DA:2738,1
DA:2743,739
DA:2745,28
DA:2747,28
DA:2748,13
DA:2749,13
DA:2750,13
DA:2751,6
DA:2752,13
DA:2753,13
DA:2754,13
DA:2755,13
DA:2760,739
DA:2761,739
DA:2763,739
DA:2765,1204
DA:2766,1204
DA:2768,1204
DA:2770,1204
DA:2772,999
DA:2774,61
DA:2776,61
DA:2777,61
DA:2779,1
DA:2780,1
DA:2781,1
DA:2783,1
DA:2786,999
DA:2788,593
DA:2789,21
DA:2791,12
DA:2794,9
DA:2797,572
DA:2800,593
DA:2801,578
DA:2802,578
DA:2804,15
DA:2806,406
DA:2808,14
DA:2811,392
DA:2814,1204
DA:2815,27
DA:2816,14
DA:2817,13
DA:2819,13
DA:2822,1204
DA:2825,739
DA:2827,44
DA:2828,44
DA:2829,32
DA:2831,32
DA:2832,15
DA:2834,32
DA:2835,15
DA:2838,12
DA:2840,12
DA:2841,4
DA:2842,8
DA:2843,6
DA:2848,44
DA:2849,62
DA:2850,18
DA:2851,8
DA:2853,8
DA:2854,3
DA:2856,8
DA:2857,4
DA:2860,8
DA:2861,16
DA:2863,8
DA:2865,10
DA:2867,10
DA:2868,4
DA:2869,6
DA:2870,5
DA:2873,10
DA:2874,20
DA:2876,10
DA:2878,18
DA:2884,739
DA:2885,416
DA:2886,852
DA:2888,416
DA:2895,1
DA:2896,1
DA:2898,1
DA:2900,23043
DA:2903,1
DA:2908,255
DA:2915,256
DA:2919,256
DA:2921,256
DA:2923,256
DA:2924,37
DA:2925,3
DA:2928,256
DA:2930,256
DA:2936,78
DA:2937,2
DA:2938,76
DA:2939,2
DA:2942,74
DA:2943,74
DA:2945,12
DA:2949,74
DA:2955,256
DA:2956,256
DA:2957,256
DA:2958,256
DA:2959,2
DA:2961,2
DA:2963,1
DA:2967,256
DA:2968,256
DA:2970,256
DA:2971,252
DA:2973,256
DA:2975,256
DA:2978,256
DA:3003,256
DA:3004,256
DA:3005,256
DA:3007,256
DA:3009,1
DA:3011,1
DA:3012,1
DA:3016,256
DA:3017,1
DA:3018,1
DA:3019,1
DA:3021,1
DA:3022,1
DA:3028,256
DA:3031,256
DA:3035,256
DA:3036,131
DA:3037,131
DA:3041,131
DA:3042,131
DA:3043,131
DA:3044,27
DA:3048,1
DA:3050,104
DA:3051,104
DA:3052,104
DA:3070,256
DA:3071,262
DA:3072,262
DA:3073,52
DA:3076,262
DA:3078,1
DA:3079,1
DA:3082,262
DA:3083,2
DA:3086,260
DA:3087,208
DA:3089,52
DA:3094,256
DA:3095,26
DA:3096,26
DA:3100,26
DA:3101,3
DA:3103,26
DA:3104,26
DA:3105,26
DA:3106,26
DA:3110,256
DA:3111,1
DA:3114,256
DA:3115,26
DA:3116,26
DA:3121,26
DA:3122,1
DA:3123,1
DA:3125,26
DA:3126,26
DA:3128,26
DA:3129,26
DA:3130,26
DA:3131,26
DA:3132,26
DA:3133,26
DA:3134,26
DA:3135,26
DA:3137,256
DA:3138,15
DA:3139,15
DA:3140,15
DA:3141,15
DA:3142,15
DA:3146,256
DA:3147,1024
DA:3148,256
DA:3149,256
DA:3153,256
DA:3154,1
DA:3158,256
DA:3159,11
DA:3160,11
DA:3167,11
DA:3170,256
DA:3171,11
DA:3172,11
DA:3173,1
DA:3179,1
DA:3180,1
DA:3181,1
DA:3182,1
DA:3183,1
DA:3185,1
DA:3193,1
DA:3196,1
DA:3197,1
DA:3198,1
DA:3199,1
DA:3200,1
DA:3201,1
DA:3203,1
DA:3204,1
DA:3205,1
DA:3207,1
DA:3208,1
DA:3211,1
DA:3213,1
DA:3214,1
DA:3215,1
DA:3216,1
DA:3217,1
DA:3222,1
DA:3223,1
DA:3224,1
DA:3227,1
DA:3228,1
DA:3231,11
DA:3232,11
DA:3234,11
DA:3235,11
DA:3238,256
DA:3239,1
DA:3240,1
DA:3244,256
DA:3245,256
DA:3246,256
DA:3253,256
DA:3260,256
DA:3261,256
DA:3263,2
DA:3266,256
DA:3267,4
DA:3268,4
DA:3271,256
DA:3272,2
DA:3273,2
DA:3277,256
DA:3278,256
DA:3279,256
DA:3281,256
DA:3282,256
DA:3284,256
DA:3285,3
DA:3286,3
DA:3287,3
DA:3290,256
DA:3291,2
DA:3292,2
DA:3295,256
DA:3296,3
DA:3297,3
DA:3298,3
DA:3299,3
DA:3300,6
DA:3301,6
DA:3302,4
DA:3304,2
DA:3309,256
DA:3310,1
DA:3311,1
DA:3313,1
DA:3317,256
DA:3318,256
DA:3320,256
DA:3321,256
DA:3324,256
DA:3325,256
DA:3326,256
DA:3328,256
DA:3330,336
DA:3331,1
DA:3335,256
DA:3336,256
DA:3337,256
DA:3338,84
DA:3339,84
DA:3340,84
DA:3341,84
DA:3342,84
DA:3343,84
DA:3344,84
DA:3345,84
DA:3346,84
DA:3349,84
DA:3353,84
DA:3354,84
DA:3355,84
DA:3356,84
DA:3358,84
DA:3359,10
DA:3364,256
DA:3365,153
DA:3366,153
DA:3367,80
DA:3368,2
DA:3370,78
DA:3373,80
DA:3375,153
DA:3376,153
DA:3378,153
DA:3383,256
DA:3384,99
DA:3385,99
DA:3393,99
DA:3394,99
DA:3398,99
DA:3404,99
DA:3405,13
DA:3409,256
DA:3410,256
DA:3411,256
DA:3424,14
DA:3428,13
DA:3429,13
DA:3431,13
DA:3432,4
DA:3433,4
DA:3434,4
DA:3437,14
DA:3438,14
DA:3440,256
DA:3441,256
DA:3443,256
DA:3444,1
DA:3449,256
DA:3451,1642
DA:3453,256
DA:3455,1558
DA:3457,256
DA:3458,7
DA:3459,7
DA:3460,7
DA:3478,7
DA:3480,4
DA:3481,2
DA:3482,2
DA:3484,2
DA:3489,3
DA:3490,2
DA:3491,2
DA:3493,2
DA:3500,256
DA:3501,98
DA:3502,98
DA:3503,108
DA:3505,98
DA:3507,98
DA:3508,98
DA:3510,2
DA:3513,108
DA:3515,108
DA:3518,98
DA:3519,21
DA:3520,21
DA:3524,158
DA:3525,158
DA:3529,256
DA:3530,352
DA:3531,103
DA:3532,30
DA:3534,103
DA:3538,256
DA:3539,3
DA:3542,253
DA:3544,253
DA:3545,253
DA:3546,253
DA:3547,253
DA:3548,253
DA:3549,253
DA:3551,253
DA:3552,253
DA:3553,253
DA:3556,256
DA:3557,256
DA:3558,256
DA:3559,256
DA:3560,256
DA:3564,256
DA:3565,25
DA:3566,24
DA:3618,256
DA:3619,7
DA:3620,6
DA:3623,6
DA:3624,6
DA:3628,6
DA:3629,6
DA:3632,5
DA:3635,1
DA:3638,6
DA:3639,6
DA:3642,1
DA:3643,1
DA:3649,256
DA:3651,256
DA:3652,1
DA:3653,1
DA:3656,256
DA:3657,167
DA:3659,167
DA:3661,167
DA:3662,61
DA:3663,106
DA:3666,167
DA:3669,256
DA:3671,1
DA:3672,1
DA:3673,1
DA:3676,1
DA:3677,1
DA:3678,1
DA:3679,1
DA:3683,256
DA:3684,256
DA:3686,256
DA:3687,15
DA:3689,256
DA:3690,256
DA:3692,256
DA:3696,2
DA:3697,2
DA:3701,2
DA:3703,1
DA:3707,1
DA:3709,1
DA:3713,1
DA:3718,2
DA:3719,2
DA:3720,2
DA:3722,1
DA:3723,1
DA:3725,1
DA:3726,1
DA:3730,256
DA:3731,256
DA:3733,256
DA:3735,1
DA:3740,1
DA:3742,256
DA:3743,256
DA:3748,1
DA:3753,558
DA:3756,558
DA:3757,558
DA:3758,2
DA:3759,2
DA:3762,558
DA:3763,558
DA:3764,558
DA:3765,337
DA:3767,337
DA:3768,1
DA:3769,1
DA:3773,558
DA:3774,1
DA:3775,1
DA:3776,1
DA:3779,558
DA:3780,1389
DA:3782,337
DA:3787,558
DA:3793,277
DA:3794,275
DA:3795,274
DA:3796,273
DA:3803,4
DA:3805,3
DA:3812,2
DA:3813,4
DA:3818,1
DA:3819,2
DA:3824,121
DA:3825,123
DA:3826,123
DA:3827,123
DA:3829,121
DA:3833,14
DA:3834,15
DA:3835,15
DA:3837,14
DA:3841,175
DA:3842,175
DA:3843,4953
DA:3844,4092
DA:3846,4092
DA:3853,8
DA:3854,8
DA:3855,221
DA:3856,7
DA:3857,7
DA:3858,6
DA:3859,6
DA:3860,6
DA:3865,8
DA:3871,31
DA:3872,51
DA:3873,67
DA:3874,51
DA:3876,31
DA:3877,31
DA:3878,31
DA:3879,31
DA:3881,31
DA:3882,31
DA:3883,981
DA:3890,56
DA:3892,56
DA:3896,31
DA:3897,3
DA:3898,8
DA:3901,3
DA:3902,3
DA:3905,28
DA:3906,27
DA:3910,31
DA:3911,30
DA:3912,30
DA:3913,30
DA:3914,30
DA:3915,30
DA:3916,29
DA:3917,29
DA:3918,29
DA:3921,30
DA:3924,31
DA:3928,273
DA:3929,271
DA:3930,268
DA:3934,273
DA:3935,273
DA:3939,270
DA:3942,258
DA:3943,258
DA:3947,372
DA:3948,371
DA:3949,369
DA:3950,368
DA:3954,368
DA:3955,4
DA:3957,368
DA:3961,69
DA:3965,5
DA:3966,5
DA:3967,5
DA:3969,5
DA:3972,346
DA:3973,346
DA:3978,23
DA:3979,23
DA:3980,69
DA:3985,2
DA:3986,2
DA:3987,61
DA:3989,2
DA:3993,73
DA:3994,73
DA:3995,107
DA:3997,72
DA:4001,63
DA:4002,63
DA:4003,190
DA:4005,63
DA:4009,112
DA:4010,1
DA:4014,193
DA:4015,1
DA:4019,2
DA:4020,2
DA:4021,4
DA:4022,4
DA:4023,16
DA:4024,16
DA:4025,40
DA:4026,3
DA:4030,3
DA:4032,37
DA:4034,16
DA:4035,12
DA:4036,12
DA:4040,2
DA:4044,2
DA:4045,2
DA:4046,4
DA:4048,2
DA:4052,2
DA:4053,2
DA:4054,2
DA:4059,2
DA:4060,1
DA:4062,1
DA:4063,1
DA:4064,1
DA:4068,6
DA:4070,6
DA:4072,1
DA:4073,1
DA:4075,1
DA:4076,1
DA:4087,3
DA:4090,4
DA:4091,4
DA:4092,3
DA:4094,4
DA:4115,1
DA:4118,314
DA:4124,344
DA:4125,343
DA:4126,343
DA:4127,343
DA:4128,343
DA:4129,343
DA:4130,343
DA:4131,343
DA:4133,343
DA:4134,343
DA:4135,343
DA:4136,343
DA:4137,343
DA:4139,343
DA:4140,415
DA:4141,254
DA:4144,343
DA:4145,8501
DA:4146,8501
DA:4147,424
DA:4149,8077
DA:4151,8501
DA:4152,8483
DA:4154,8501
DA:4156,8501
DA:4157,8501
DA:4158,8501
DA:4159,8501
DA:4160,8501
DA:4162,8501
DA:4163,7668
DA:4165,8501
DA:4167,7950
DA:4169,7950
DA:4171,7950
DA:4172,5367
DA:4173,5367
DA:4174,5367
DA:4175,5367
DA:4176,5367
DA:4180,8501
DA:4182,8501
DA:4186,343
DA:4189,343
DA:4192,20
DA:4193,16
DA:4195,343
DA:4199,41597
DA:4203,30169
DA:4204,352
DA:4207,29817
DA:4219,30190
DA:4224,343
DA:4226,1153
DA:4227,1153
DA:4228,1153
DA:4233,8306
DA:4234,8306
DA:4236,8306
DA:4239,1153
DA:4246,343
DA:4247,303
DA:4248,303
DA:4250,187
DA:4251,187
DA:4252,1
DA:4255,186
DA:4256,4
DA:4258,186
DA:4259,4
DA:4261,186
DA:4262,4
DA:4265,186
DA:4266,186
DA:4267,186
DA:4272,343
DA:4273,9
DA:4274,9
DA:4275,9
DA:4276,9
DA:4277,9
DA:4279,9
DA:4280,1
DA:4281,1
DA:4283,8
DA:4284,8
DA:4288,343
DA:4290,343
DA:4291,343
DA:4297,1
DA:4299,1
DA:4300,1
DA:4303,1
LF:2097
LH:2097
BRDA:46,1,0,0
BRDA:46,1,1,1
BRDA:54,2,0,1
BRDA:54,2,1,0
BRDA:57,3,0,1
BRDA:57,3,1,0
BRDA:57,3,2,0
BRDA:57,3,3,0
BRDA:57,3,4,0
BRDA:57,3,5,0
BRDA:76,4,0,1138
BRDA:76,4,1,65
BRDA:76,4,2,21
BRDA:100,5,0,0
BRDA:100,5,1,1
BRDA:112,6,0,1
BRDA:112,6,1,0
BRDA:112,7,0,1
BRDA:112,7,1,1
BRDA:116,8,0,1
BRDA:116,8,1,0
BRDA:116,9,0,1
BRDA:116,9,1,0
BRDA:117,10,0,0
BRDA:117,10,1,1
BRDA:118,11,0,0
BRDA:118,11,1,0
BRDA:126,12,0,1
BRDA:126,12,1,0
BRDA:132,13,0,1
BRDA:132,13,1,0
BRDA:150,14,0,17
BRDA:150,14,1,0
BRDA:151,15,0,0
BRDA:151,15,1,0
BRDA:154,16,0,17
BRDA:154,16,1,0
BRDA:161,17,0,17
BRDA:161,17,1,0
BRDA:162,18,0,0
BRDA:162,18,1,0
BRDA:171,19,0,17
BRDA:171,19,1,0
BRDA:184,20,0,17
BRDA:184,20,1,0
BRDA:185,21,0,0
BRDA:185,21,1,17
BRDA:185,22,0,17
BRDA:185,22,1,17
BRDA:187,23,0,17
BRDA:187,23,1,0
BRDA:199,24,0,339
BRDA:199,24,1,137
BRDA:199,25,0,0
BRDA:199,25,1,339
BRDA:200,26,0,0
BRDA:200,26,1,137
BRDA:200,27,0,0
BRDA:200,27,1,0
BRDA:200,28,0,0
BRDA:200,28,1,0
BRDA:201,29,0,0
BRDA:201,29,1,137
BRDA:211,30,0,18
BRDA:211,30,1,4
BRDA:211,31,0,22
BRDA:211,31,1,18
BRDA:214,32,0,4
BRDA:214,32,1,0
BRDA:214,33,0,4
BRDA:214,33,1,4
BRDA:219,34,0,2
BRDA:219,34,1,3
BRDA:219,35,0,5
BRDA:219,35,1,3
BRDA:219,35,2,3
BRDA:219,35,3,2
BRDA:220,36,0,1
BRDA:220,36,1,1
BRDA:231,37,0,242
BRDA:231,37,1,853
BRDA:231,38,0,1095
BRDA:231,38,1,853
BRDA:231,38,2,853
BRDA:252,39,0,1
BRDA:252,39,1,852
BRDA:272,40,0,844
BRDA:272,40,1,9
BRDA:278,41,0,5
BRDA:278,41,1,56
BRDA:281,42,0,1
BRDA:281,42,1,4
BRDA:293,43,0,59
BRDA:293,43,1,794
BRDA:320,44,0,0
BRDA:320,44,1,1056
BRDA:335,45,0,4
BRDA:335,45,1,1
BRDA:336,46,0,3
BRDA:336,46,1,1
BRDA:348,47,0,242
BRDA:348,47,1,899
BRDA:348,48,0,1141
BRDA:348,48,1,899
BRDA:348,48,2,899
BRDA:355,49,0,90
BRDA:355,49,1,1
BRDA:358,50,0,3
BRDA:358,50,1,87
BRDA:358,51,0,90
BRDA:358,51,1,90
BRDA:366,52,0,4
BRDA:366,52,1,4
BRDA:374,53,0,1
BRDA:374,53,1,2
BRDA:381,54,0,1
BRDA:381,54,1,2
BRDA:388,55,0,2
BRDA:388,55,1,897
BRDA:396,56,0,242
BRDA:396,56,1,922
BRDA:396,57,0,1164
BRDA:396,57,1,922
BRDA:396,57,2,922
BRDA:409,58,0,1
BRDA:409,58,1,4
BRDA:411,59,0,1
BRDA:411,59,1,0
BRDA:414,60,0,4
BRDA:414,60,1,2
BRDA:431,61,0,1138
BRDA:431,61,1,26
BRDA:446,62,0,922
BRDA:446,62,1,242
BRDA:460,63,0,22
BRDA:460,63,1,1136
BRDA:462,64,0,6
BRDA:462,64,1,1
BRDA:474,65,0,1172
BRDA:474,65,1,8
BRDA:484,66,0,80
BRDA:484,66,1,8
BRDA:499,67,0,85
BRDA:499,67,1,3
BRDA:499,68,0,88
BRDA:499,68,1,81
BRDA:529,69,0,5
BRDA:529,69,1,5
BRDA:532,70,0,4
BRDA:532,70,1,1
BRDA:535,71,0,4
BRDA:535,71,1,1
BRDA:544,72,0,2
BRDA:544,72,1,3
BRDA:553,73,0,1
BRDA:553,73,1,4
BRDA:561,74,0,1
BRDA:561,74,1,3
BRDA:601,75,0,12
BRDA:601,75,1,26
BRDA:607,76,0,4
BRDA:607,76,1,2
BRDA:610,77,0,3
BRDA:610,77,1,3
BRDA:616,78,0,3
BRDA:616,78,1,3
BRDA:630,79,0,2
BRDA:630,79,1,4
BRDA:637,80,0,3
BRDA:637,80,1,1
BRDA:666,81,0,2
BRDA:666,81,1,21
BRDA:689,82,0,0
BRDA:689,82,1,76
BRDA:689,83,0,76
BRDA:689,83,1,41
BRDA:694,84,0,0
BRDA:694,84,1,35
BRDA:699,85,0,0
BRDA:699,85,1,35
BRDA:718,86,0,82
BRDA:718,86,1,76
BRDA:725,87,0,158
BRDA:725,87,1,0
BRDA:726,88,0,0
BRDA:726,88,1,158
BRDA:726,89,0,158
BRDA:726,89,1,36
BRDA:726,89,2,0
BRDA:726,89,3,0
BRDA:726,89,4,0
BRDA:726,89,5,0
BRDA:734,90,0,0
BRDA:734,90,1,0
BRDA:738,91,0,0
BRDA:738,91,1,0
BRDA:743,92,0,0
BRDA:743,92,1,0
BRDA:747,93,0,0
BRDA:747,93,1,0
BRDA:750,94,0,0
BRDA:750,94,1,0
BRDA:759,95,0,0
BRDA:759,95,1,158
BRDA:759,96,0,158
BRDA:759,96,1,0
BRDA:759,96,2,0
BRDA:759,96,3,0
BRDA:759,96,4,0
BRDA:766,97,0,0
BRDA:766,97,1,0
BRDA:770,98,0,0
BRDA:770,98,1,0
BRDA:775,99,0,0
BRDA:775,99,1,0
BRDA:779,100,0,0
BRDA:779,100,1,0
BRDA:782,101,0,0
BRDA:782,101,1,0
BRDA:794,102,0,0
BRDA:794,102,1,158
BRDA:794,103,0,158
BRDA:794,103,1,77
BRDA:794,103,2,62
BRDA:794,103,3,61
BRDA:794,103,4,0
BRDA:801,104,0,0
BRDA:801,104,1,0
BRDA:806,105,0,0
BRDA:806,105,1,158
BRDA:806,106,0,158
BRDA:806,106,1,4
BRDA:806,106,2,0
BRDA:806,106,3,0
BRDA:811,107,0,0
BRDA:811,107,1,0
BRDA:821,108,0,0
BRDA:821,108,1,158
BRDA:823,109,0,158
BRDA:823,109,1,158
BRDA:823,109,2,158
BRDA:823,109,3,0
BRDA:825,110,0,57
BRDA:825,110,1,101
BRDA:825,111,0,158
BRDA:825,111,1,128
BRDA:826,112,0,30
BRDA:826,112,1,27
BRDA:829,113,0,6
BRDA:829,113,1,51
BRDA:829,114,0,57
BRDA:829,114,1,22
BRDA:829,114,2,22
BRDA:832,115,0,4
BRDA:832,115,1,47
BRDA:836,116,0,2
BRDA:836,116,1,2
BRDA:836,117,0,4
BRDA:836,117,1,2
BRDA:842,118,0,1
BRDA:842,118,1,46
BRDA:842,119,0,47
BRDA:842,119,1,2
BRDA:842,119,2,1
BRDA:847,120,0,1
BRDA:847,120,1,45
BRDA:847,121,0,46
BRDA:847,121,1,1
BRDA:847,121,2,1
BRDA:852,122,0,23
BRDA:852,122,1,22
BRDA:852,123,0,45
BRDA:852,123,1,44
BRDA:855,124,0,17
BRDA:855,124,1,6
BRDA:856,125,0,3
BRDA:856,125,1,14
BRDA:856,126,0,17
BRDA:856,126,1,3
BRDA:862,127,0,2
BRDA:862,127,1,18
BRDA:862,128,0,20
BRDA:862,128,1,19
BRDA:868,129,0,4
BRDA:868,129,1,12
BRDA:872,130,0,2
BRDA:872,130,1,16
BRDA:878,131,0,21
BRDA:878,131,1,1
BRDA:882,132,0,4
BRDA:882,132,1,17
BRDA:887,133,0,5
BRDA:887,133,1,12
BRDA:887,134,0,17
BRDA:887,134,1,5
BRDA:887,134,2,3
BRDA:888,135,0,3
BRDA:888,135,1,2
BRDA:899,136,0,24
BRDA:899,136,1,0
BRDA:902,137,0,0
BRDA:902,137,1,24
BRDA:903,138,0,10
BRDA:903,138,1,14
BRDA:903,139,0,24
BRDA:903,139,1,20
BRDA:905,140,0,2
BRDA:905,140,1,12
BRDA:905,141,0,14
BRDA:905,141,1,2
BRDA:905,141,2,2
BRDA:921,142,0,46
BRDA:921,142,1,55
BRDA:923,143,0,5
BRDA:923,143,1,41
BRDA:927,144,0,2
BRDA:927,144,1,44
BRDA:934,145,0,58
BRDA:934,145,1,58
BRDA:934,145,2,12
BRDA:937,146,0,12
BRDA:937,146,1,0
BRDA:939,147,0,6
BRDA:939,147,1,40
BRDA:944,148,0,8
BRDA:944,148,1,8
BRDA:946,149,0,1
BRDA:946,149,1,5
BRDA:957,150,0,5
BRDA:957,150,1,35
BRDA:957,151,0,40
BRDA:957,151,1,5
BRDA:964,152,0,0
BRDA:964,152,1,5
BRDA:964,153,0,5
BRDA:964,153,1,5
BRDA:972,154,0,3
BRDA:972,154,1,32
BRDA:978,155,0,18
BRDA:978,155,1,14
BRDA:984,156,0,10
BRDA:984,156,1,40
BRDA:984,157,0,50
BRDA:984,157,1,44
BRDA:985,158,0,24
BRDA:985,158,1,18
BRDA:985,158,2,18
BRDA:995,159,0,8
BRDA:995,159,1,24
BRDA:997,160,0,23
BRDA:997,160,1,1
BRDA:1000,161,0,1
BRDA:1000,161,1,31
BRDA:1004,162,0,7
BRDA:1004,162,1,24
BRDA:1015,163,0,9
BRDA:1015,163,1,0
BRDA:1018,164,0,0
BRDA:1018,164,1,24
BRDA:1018,165,0,24
BRDA:1018,165,1,3
BRDA:1030,166,0,0
BRDA:1030,166,1,0
BRDA:1038,167,0,18
BRDA:1038,167,1,17
BRDA:1049,168,0,15
BRDA:1049,168,1,40
BRDA:1051,169,0,0
BRDA:1051,169,1,15
BRDA:1057,170,0,2
BRDA:1057,170,1,13
BRDA:1061,171,0,2
BRDA:1061,171,1,13
BRDA:1065,172,0,12
BRDA:1065,172,1,1
BRDA:1070,173,0,7
BRDA:1070,173,1,33
BRDA:1092,174,0,0
BRDA:1092,174,1,1322
BRDA:1092,175,0,1322
BRDA:1092,175,1,179
BRDA:1092,175,2,0
BRDA:1092,175,3,0
BRDA:1140,176,0,504
BRDA:1140,176,1,157
BRDA:1141,177,0,0
BRDA:1141,177,1,504
BRDA:1141,178,0,504
BRDA:1141,178,1,0
BRDA:1149,179,0,0
BRDA:1149,179,1,661
BRDA:1149,180,0,661
BRDA:1149,180,1,52
BRDA:1157,181,0,0
BRDA:1157,181,1,661
BRDA:1157,182,0,661
BRDA:1157,182,1,661
BRDA:1171,183,0,1
BRDA:1171,183,1,0
BRDA:1171,184,0,1
BRDA:1171,184,1,1
BRDA:1173,185,0,1
BRDA:1173,185,1,0
BRDA:1176,186,0,0
BRDA:1176,186,1,0
BRDA:1189,187,0,0
BRDA:1189,187,1,0
BRDA:1199,188,0,0
BRDA:1199,188,1,0
BRDA:1199,189,0,0
BRDA:1199,189,1,0
BRDA:1201,190,0,0
BRDA:1201,190,1,0
BRDA:1209,191,0,0
BRDA:1209,191,1,0
BRDA:1215,192,0,0
BRDA:1215,192,1,0
BRDA:1215,193,0,0
BRDA:1215,193,1,0
BRDA:1218,194,0,0
BRDA:1218,194,1,0
BRDA:1231,195,0,0
BRDA:1231,195,1,1
BRDA:1233,196,0,0
BRDA:1233,196,1,0
BRDA:1233,197,0,0
BRDA:1233,197,1,0
BRDA:1235,198,0,0
BRDA:1235,198,1,0
BRDA:1238,199,0,0
BRDA:1238,199,1,0
BRDA:1249,200,0,0
BRDA:1249,200,1,0
BRDA:1251,201,0,0
BRDA:1251,201,1,0
BRDA:1260,202,0,0
BRDA:1260,202,1,0
BRDA:1266,203,0,0
BRDA:1266,203,1,0
BRDA:1266,204,0,0
BRDA:1266,204,1,0
BRDA:1268,205,0,0
BRDA:1268,205,1,0
BRDA:1268,206,0,0
BRDA:1268,206,1,0
BRDA:1275,207,0,0
BRDA:1275,207,1,0
BRDA:1275,208,0,0
BRDA:1275,208,1,0
BRDA:1277,209,0,0
BRDA:1277,209,1,0
BRDA:1277,210,0,0
BRDA:1277,210,1,0
BRDA:1279,211,0,0
BRDA:1279,211,1,0
BRDA:1281,212,0,0
BRDA:1281,212,1,0
BRDA:1281,213,0,0
BRDA:1281,213,1,0
BRDA:1281,213,2,0
BRDA:1294,214,0,0
BRDA:1294,214,1,1
BRDA:1300,215,0,0
BRDA:1300,215,1,1
BRDA:1300,216,0,1
BRDA:1300,216,1,0
BRDA:1304,217,0,1
BRDA:1304,217,1,0
BRDA:1311,218,0,3
BRDA:1311,218,1,1
BRDA:1315,219,0,2
BRDA:1315,219,1,1
BRDA:1334,220,0,21
BRDA:1334,220,1,4
BRDA:1349,221,0,0
BRDA:1349,221,1,8
BRDA:1361,222,0,3
BRDA:1361,222,1,5
BRDA:1361,223,0,8
BRDA:1361,223,1,3
BRDA:1363,224,0,3
BRDA:1363,224,1,2
BRDA:1376,225,0,286
BRDA:1376,225,1,0
BRDA:1419,226,0,0
BRDA:1419,226,1,49
BRDA:1419,227,0,49
BRDA:1419,227,1,49
BRDA:1419,227,2,39
BRDA:1440,228,0,12
BRDA:1440,228,1,0
BRDA:1447,229,0,0
BRDA:1447,229,1,12
BRDA:1447,230,0,12
BRDA:1447,230,1,0
BRDA:1466,231,0,12
BRDA:1466,231,1,12
BRDA:1472,232,0,0
BRDA:1472,232,1,12
BRDA:1472,233,0,12
BRDA:1472,233,1,0
BRDA:1472,233,2,0
BRDA:1484,234,0,12
BRDA:1484,234,1,0
BRDA:1487,235,0,0
BRDA:1487,235,1,0
BRDA:1487,236,0,0
BRDA:1487,236,1,0
BRDA:1488,237,0,0
BRDA:1488,237,1,0
BRDA:1488,238,0,0
BRDA:1488,238,1,0
BRDA:1491,239,0,0
BRDA:1491,239,1,0
BRDA:1502,240,0,0
BRDA:1502,240,1,0
BRDA:1502,241,0,0
BRDA:1502,241,1,0
BRDA:1529,242,0,0
BRDA:1529,242,1,0
BRDA:1534,243,0,0
BRDA:1534,243,1,0
BRDA:1535,244,0,0
BRDA:1535,244,1,0
BRDA:1544,245,0,0
BRDA:1544,245,1,0
BRDA:1556,246,0,12
BRDA:1556,246,1,0
BRDA:1593,247,0,10
BRDA:1593,247,1,7
BRDA:1598,248,0,4
BRDA:1598,248,1,13
BRDA:1610,249,0,1
BRDA:1610,249,1,3
BRDA:1610,250,0,4
BRDA:1610,250,1,3
BRDA:1615,251,0,5
BRDA:1615,251,1,5
BRDA:1615,251,2,3
BRDA:1615,251,3,3
BRDA:1620,252,0,1
BRDA:1620,252,1,2
BRDA:1620,253,0,3
BRDA:1620,253,1,1
BRDA:1620,253,2,1
BRDA:1645,254,0,2
BRDA:1645,254,1,4
BRDA:1650,255,0,1
BRDA:1650,255,1,5
BRDA:1653,256,0,1
BRDA:1653,256,1,4
BRDA:1670,257,0,2
BRDA:1670,257,1,5
BRDA:1675,258,0,1
BRDA:1675,258,1,6
BRDA:1678,259,0,1
BRDA:1678,259,1,5
BRDA:1685,260,0,11
BRDA:1685,260,1,5
BRDA:1697,261,0,266
BRDA:1697,261,1,1136
BRDA:1704,262,0,69
BRDA:1704,262,1,1067
BRDA:1706,263,0,18
BRDA:1706,263,1,51
BRDA:1721,264,0,0
BRDA:1721,264,1,1
BRDA:1744,265,0,740
BRDA:1744,265,1,740
BRDA:1746,266,0,740
BRDA:1746,266,1,432
BRDA:1747,267,0,740
BRDA:1747,267,1,308
BRDA:1747,267,2,25
BRDA:1751,268,0,740
BRDA:1751,268,1,728
BRDA:1752,269,0,740
BRDA:1752,269,1,736
BRDA:1826,270,0,10
BRDA:1826,270,1,40
BRDA:1827,271,0,4
BRDA:1827,271,1,6
BRDA:1828,272,0,6
BRDA:1828,272,1,4
BRDA:1829,273,0,2
BRDA:1829,273,1,8
BRDA:1830,274,0,2
BRDA:1830,274,1,8
BRDA:1831,275,0,3
BRDA:1831,275,1,7
BRDA:1832,276,0,5
BRDA:1832,276,1,2
BRDA:1841,277,0,727
BRDA:1841,277,1,13
BRDA:1843,278,0,2
BRDA:1843,278,1,738
BRDA:1845,279,0,2
BRDA:1845,279,1,0
BRDA:1845,280,0,0
BRDA:1845,280,1,0
BRDA:1845,281,0,0
BRDA:1845,281,1,0
BRDA:1847,282,0,738
BRDA:1847,282,1,0
BRDA:1847,283,0,738
BRDA:1847,283,1,0
BRDA:1848,284,0,0
BRDA:1848,284,1,738
BRDA:1849,285,0,0
BRDA:1849,285,1,0
BRDA:1852,286,0,738
BRDA:1852,286,1,0
BRDA:1852,287,0,738
BRDA:1852,287,1,0
BRDA:1853,288,0,0
BRDA:1853,288,1,738
BRDA:1854,289,0,0
BRDA:1854,289,1,0
BRDA:1860,290,0,740
BRDA:1860,290,1,0
BRDA:1863,291,0,260
BRDA:1863,291,1,824
BRDA:1868,292,0,69
BRDA:1868,292,1,755
BRDA:1877,293,0,754
BRDA:1877,293,1,5
BRDA:1879,294,0,1
BRDA:1879,294,1,754
BRDA:1888,295,0,2
BRDA:1888,295,1,787
BRDA:1890,296,0,2
BRDA:1890,296,1,785
BRDA:1894,297,0,1
BRDA:1894,297,1,1
BRDA:1901,298,0,9
BRDA:1901,298,1,776
BRDA:1903,299,0,9
BRDA:1903,299,1,0
BRDA:1905,300,0,9
BRDA:1905,300,1,0
BRDA:1919,301,0,2
BRDA:1919,301,1,738
BRDA:1927,302,0,740
BRDA:1927,302,1,186
BRDA:1932,303,0,2
BRDA:1932,303,1,1061
BRDA:1932,304,0,1063
BRDA:1932,304,1,1063
BRDA:1932,304,2,1063
BRDA:1932,304,3,338
BRDA:1932,304,4,338
BRDA:1934,305,0,1
BRDA:1934,305,1,1060
BRDA:1938,306,0,33
BRDA:1938,306,1,1028
BRDA:1939,307,0,2
BRDA:1939,307,1,1059
BRDA:1950,308,0,12
BRDA:1950,308,1,16
BRDA:1950,309,0,28
BRDA:1950,309,1,23
BRDA:1963,310,0,310
BRDA:1963,310,1,9
BRDA:1966,311,0,8
BRDA:1966,311,1,1
BRDA:1980,312,0,740
BRDA:1980,312,1,186
BRDA:1982,313,0,964
BRDA:1982,313,1,0
BRDA:1991,314,0,278
BRDA:1991,314,1,16
BRDA:1992,315,0,224
BRDA:1992,315,1,54
BRDA:1992,316,0,278
BRDA:1992,316,1,54
BRDA:1992,317,0,224
BRDA:1992,317,1,224
BRDA:1993,318,0,224
BRDA:1993,318,1,54
BRDA:1993,319,0,278
BRDA:1993,319,1,54
BRDA:1994,320,0,34
BRDA:1994,320,1,243
BRDA:1996,321,0,12
BRDA:1996,321,1,22
BRDA:1997,322,0,11
BRDA:1997,322,1,23
BRDA:1997,323,0,34
BRDA:1997,323,1,27
BRDA:2000,324,0,135
BRDA:2000,324,1,108
BRDA:2002,325,0,90
BRDA:2002,325,1,45
BRDA:2013,326,0,740
BRDA:2013,326,1,186
BRDA:2015,327,0,17
BRDA:2015,327,1,0
BRDA:2015,328,0,17
BRDA:2015,328,1,17
BRDA:2017,329,0,12
BRDA:2017,329,1,5
BRDA:2017,330,0,17
BRDA:2017,330,1,12
BRDA:2020,331,0,4
BRDA:2020,331,1,8
BRDA:2029,332,0,740
BRDA:2029,332,1,186
BRDA:2031,333,0,11
BRDA:2031,333,1,0
BRDA:2031,334,0,11
BRDA:2031,334,1,11
BRDA:2033,335,0,4
BRDA:2033,335,1,7
BRDA:2033,336,0,11
BRDA:2033,336,1,4
BRDA:2037,337,0,4
BRDA:2037,337,1,0
BRDA:2047,338,0,740
BRDA:2047,338,1,186
BRDA:2048,339,0,184
BRDA:2048,339,1,3
BRDA:2058,340,0,18
BRDA:2058,340,1,722
BRDA:2059,341,0,30
BRDA:2059,341,1,18
BRDA:2068,342,0,928
BRDA:2068,342,1,230
BRDA:2072,343,0,727
BRDA:2072,343,1,13
BRDA:2074,344,0,295
BRDA:2074,344,1,432
BRDA:2077,345,0,6
BRDA:2077,345,1,2
BRDA:2082,346,0,0
BRDA:2082,346,1,5
BRDA:2085,347,0,5
BRDA:2085,347,1,0
BRDA:2091,348,0,4
BRDA:2091,348,1,1
BRDA:2094,349,0,3
BRDA:2094,349,1,1
BRDA:2094,350,0,4
BRDA:2094,350,1,3
BRDA:2136,351,0,2
BRDA:2136,351,1,26
BRDA:2140,352,0,1
BRDA:2140,352,1,25
BRDA:2145,353,0,0
BRDA:2145,353,1,25
BRDA:2149,354,0,2
BRDA:2149,354,1,23
BRDA:2149,355,0,25
BRDA:2149,355,1,23
BRDA:2179,356,0,312
BRDA:2179,356,1,81
BRDA:2184,357,0,2
BRDA:2184,357,1,328
BRDA:2188,358,0,1
BRDA:2188,358,1,327
BRDA:2193,359,0,0
BRDA:2193,359,1,327
BRDA:2198,360,0,17
BRDA:2198,360,1,310
BRDA:2202,361,0,11
BRDA:2202,361,1,316
BRDA:2202,362,0,327
BRDA:2202,362,1,320
BRDA:2220,363,0,23
BRDA:2220,363,1,0
BRDA:2223,364,0,22
BRDA:2223,364,1,1
BRDA:2223,365,0,23
BRDA:2223,365,1,22
BRDA:2225,366,0,0
BRDA:2225,366,1,22
BRDA:2225,367,0,22
BRDA:2225,367,1,22
BRDA:2225,367,2,22
BRDA:2227,368,0,0
BRDA:2227,368,1,0
BRDA:2240,369,0,0
BRDA:2240,369,1,0
BRDA:2244,370,0,0
BRDA:2244,370,1,0
BRDA:2248,371,0,0
BRDA:2248,371,1,0
BRDA:2253,372,0,0
BRDA:2253,372,1,0
BRDA:2253,373,0,0
BRDA:2253,373,1,0
BRDA:2257,374,0,0
BRDA:2257,374,1,0
BRDA:2257,375,0,0
BRDA:2257,375,1,0
BRDA:2257,375,2,0
BRDA:2257,375,3,0
BRDA:2257,375,4,0
BRDA:2257,375,5,0
BRDA:2257,375,6,0
BRDA:2257,375,7,0
BRDA:2257,375,8,0
BRDA:2270,376,0,0
BRDA:2270,376,1,0
BRDA:2272,377,0,0
BRDA:2272,377,1,0
BRDA:2273,378,0,0
BRDA:2273,378,1,0
BRDA:2273,379,0,0
BRDA:2273,379,1,0
BRDA:2276,380,0,0
BRDA:2276,380,1,0
BRDA:2276,380,2,0
BRDA:2276,381,0,0
BRDA:2276,381,1,0
BRDA:2277,382,0,0
BRDA:2277,382,1,0
BRDA:2278,383,0,0
BRDA:2278,383,1,0
BRDA:2279,384,0,0
BRDA:2279,384,1,0
BRDA:2282,385,0,0
BRDA:2282,385,1,0
BRDA:2282,386,0,0
BRDA:2282,386,1,0
BRDA:2284,387,0,0
BRDA:2284,387,1,0
BRDA:2284,388,0,0
BRDA:2284,388,1,0
BRDA:2284,388,2,0
BRDA:2284,388,3,0
BRDA:2284,388,4,0
BRDA:2284,388,5,0
BRDA:2284,388,6,0
BRDA:2284,388,7,0
BRDA:2287,389,0,0
BRDA:2287,389,1,0
BRDA:2287,390,0,0
BRDA:2287,390,1,0
BRDA:2288,391,0,0
BRDA:2288,391,1,0
BRDA:2290,392,0,0
BRDA:2290,392,1,0
BRDA:2290,393,0,0
BRDA:2290,393,1,0
BRDA:2291,394,0,0
BRDA:2291,394,1,0
BRDA:2292,395,0,0
BRDA:2292,395,1,0
BRDA:2295,396,0,0
BRDA:2295,396,1,0
BRDA:2303,397,0,0
BRDA:2303,397,1,0
BRDA:2310,398,0,0
BRDA:2310,398,1,0
BRDA:2328,399,0,0
BRDA:2328,399,1,0
BRDA:2333,400,0,0
BRDA:2333,400,1,0
BRDA:2334,401,0,0
BRDA:2334,401,1,0
BRDA:2341,402,0,0
BRDA:2341,402,1,22
BRDA:2343,403,0,0
BRDA:2343,403,1,0
BRDA:2355,404,0,0
BRDA:2355,404,1,22
BRDA:2359,405,0,0
BRDA:2359,405,1,0
BRDA:2367,406,0,0
BRDA:2367,406,1,22
BRDA:2367,407,0,22
BRDA:2367,407,1,0
BRDA:2400,408,0,22
BRDA:2400,408,1,22
BRDA:2400,408,2,22
BRDA:2401,409,0,0
BRDA:2401,409,1,0
BRDA:2402,410,0,0
BRDA:2402,410,1,0
BRDA:2403,411,0,0
BRDA:2403,411,1,0
BRDA:2407,412,0,2
BRDA:2407,412,1,20
BRDA:2407,413,0,2
BRDA:2407,413,1,0
BRDA:2429,414,0,22
BRDA:2429,414,1,4
BRDA:2430,415,0,3
BRDA:2430,415,1,23
BRDA:2430,416,0,26
BRDA:2430,416,1,23
BRDA:2440,417,0,23
BRDA:2440,417,1,19
BRDA:2442,418,0,0
BRDA:2442,418,1,23
BRDA:2442,419,0,23
BRDA:2442,419,1,1
BRDA:2442,419,2,0
BRDA:2449,420,0,22
BRDA:2449,420,1,1
BRDA:2449,421,0,23
BRDA:2449,421,1,22
BRDA:2449,421,2,22
BRDA:2455,422,0,20
BRDA:2455,422,1,2
BRDA:2457,423,0,2
BRDA:2457,423,1,0
BRDA:2480,424,0,1
BRDA:2480,424,1,1
BRDA:2488,425,0,2
BRDA:2488,425,1,8
BRDA:2489,426,0,1
BRDA:2489,426,1,9
BRDA:2498,427,0,0
BRDA:2498,427,1,0
BRDA:2503,428,0,0
BRDA:2503,428,1,0
BRDA:2506,429,0,0
BRDA:2506,429,1,0
BRDA:2506,430,0,0
BRDA:2506,430,1,0
BRDA:2508,431,0,0
BRDA:2508,431,1,0
BRDA:2514,432,0,0
BRDA:2514,432,1,10
BRDA:2518,433,0,5
BRDA:2518,433,1,5
BRDA:2518,434,0,10
BRDA:2518,434,1,5
BRDA:2518,434,2,2
BRDA:2525,435,0,10
BRDA:2525,435,1,0
BRDA:2526,436,0,2
BRDA:2526,436,1,8
BRDA:2530,437,0,3
BRDA:2530,437,1,7
BRDA:2535,438,0,1
BRDA:2535,438,1,9
BRDA:2535,439,0,10
BRDA:2535,439,1,1
BRDA:2535,439,2,1
BRDA:2535,439,3,1
BRDA:2535,439,4,1
BRDA:2539,440,0,1
BRDA:2539,440,1,0
BRDA:2548,441,0,0
BRDA:2548,441,1,1
BRDA:2553,442,0,1
BRDA:2553,442,1,0
BRDA:2554,443,0,1
BRDA:2554,443,1,0
BRDA:2554,444,0,1
BRDA:2554,444,1,1
BRDA:2560,445,0,1
BRDA:2560,445,1,0
BRDA:2564,446,0,0
BRDA:2564,446,1,1
BRDA:2578,447,0,0
BRDA:2578,447,1,68
BRDA:2581,448,0,0
BRDA:2581,448,1,68
BRDA:2583,449,0,0
BRDA:2583,449,1,0
BRDA:2583,450,0,0
BRDA:2583,450,1,0
BRDA:2587,451,0,1
BRDA:2587,451,1,67
BRDA:2587,452,0,68
BRDA:2587,452,1,1
BRDA:2591,453,0,1
BRDA:2591,453,1,67
BRDA:2591,454,0,68
BRDA:2591,454,1,1
BRDA:2594,455,0,1
BRDA:2594,455,1,67
BRDA:2595,456,0,41
BRDA:2595,456,1,27
BRDA:2595,457,0,68
BRDA:2595,457,1,67
BRDA:2597,458,0,0
BRDA:2597,458,1,41
BRDA:2597,459,0,41
BRDA:2597,459,1,4
BRDA:2597,459,2,4
BRDA:2597,459,3,4
BRDA:2601,460,0,4
BRDA:2601,460,1,37
BRDA:2601,461,0,41
BRDA:2601,461,1,40
BRDA:2601,461,2,40
BRDA:2601,461,3,4
BRDA:2601,461,4,4
BRDA:2601,461,5,4
BRDA:2603,462,0,5
BRDA:2603,462,1,1
BRDA:2606,463,0,3
BRDA:2606,463,1,1
BRDA:2610,464,0,1
BRDA:2610,464,1,2
BRDA:2610,465,0,3
BRDA:2610,465,1,3
BRDA:2610,465,2,1
BRDA:2610,465,3,1
BRDA:2630,466,0,0
BRDA:2630,466,1,1
BRDA:2630,467,0,1
BRDA:2630,467,1,1
BRDA:2630,467,2,1
BRDA:2630,467,3,1
BRDA:2630,467,4,0
BRDA:2638,468,0,0
BRDA:2638,468,1,0
BRDA:2647,469,0,1
BRDA:2647,469,1,40
BRDA:2647,470,0,41
BRDA:2647,470,1,40
BRDA:2647,470,2,39
BRDA:2650,471,0,1
BRDA:2650,471,1,39
BRDA:2650,472,0,40
BRDA:2650,472,1,2
BRDA:2659,473,0,41
BRDA:2659,473,1,8
BRDA:2660,474,0,1
BRDA:2660,474,1,40
BRDA:2663,475,0,41
BRDA:2663,475,1,41
BRDA:2664,476,0,36
BRDA:2664,476,1,5
BRDA:2676,477,0,30
BRDA:2676,477,1,1
BRDA:2681,478,0,0
BRDA:2681,478,1,30
BRDA:2686,479,0,0
BRDA:2686,479,1,0
BRDA:2694,480,0,0
BRDA:2694,480,1,0
BRDA:2704,481,0,27
BRDA:2704,481,1,0
BRDA:2713,482,0,18
BRDA:2713,482,1,414
BRDA:2713,483,0,432
BRDA:2713,483,1,18
BRDA:2713,483,2,18
BRDA:2715,484,0,17
BRDA:2715,484,1,1
BRDA:2731,485,0,1
BRDA:2731,485,1,1
BRDA:2731,486,0,2
BRDA:2731,486,1,2
BRDA:2731,486,2,1
BRDA:2737,487,0,0
BRDA:2737,487,1,1
BRDA:2745,488,0,0
BRDA:2745,488,1,28
BRDA:2747,489,0,13
BRDA:2747,489,1,15
BRDA:2747,490,0,28
BRDA:2747,490,1,13
BRDA:2750,491,0,7
BRDA:2750,491,1,6
BRDA:2765,492,0,0
BRDA:2765,492,1,1204
BRDA:2768,493,0,1204
BRDA:2768,493,1,264
BRDA:2770,494,0,999
BRDA:2770,494,1,205
BRDA:2772,495,0,61
BRDA:2772,495,1,938
BRDA:2772,496,0,999
BRDA:2772,496,1,593
BRDA:2776,497,0,1
BRDA:2776,497,1,60
BRDA:2779,498,0,0
BRDA:2779,498,1,1
BRDA:2786,499,0,593
BRDA:2786,499,1,406
BRDA:2788,500,0,21
BRDA:2788,500,1,572
BRDA:2789,501,0,12
BRDA:2789,501,1,9
BRDA:2797,502,0,136
BRDA:2797,502,1,436
BRDA:2800,503,0,578
BRDA:2800,503,1,15
BRDA:2806,504,0,14
BRDA:2806,504,1,392
BRDA:2806,505,0,406
BRDA:2806,505,1,27
BRDA:2814,506,0,27
BRDA:2814,506,1,1177
BRDA:2814,507,0,1204
BRDA:2814,507,1,796
BRDA:2815,508,0,14
BRDA:2815,508,1,13
BRDA:2816,509,0,1
BRDA:2816,509,1,13
BRDA:2825,510,0,44
BRDA:2825,510,1,695
BRDA:2828,511,0,32
BRDA:2828,511,1,12
BRDA:2831,512,0,15
BRDA:2831,512,1,17
BRDA:2831,513,0,32
BRDA:2831,513,1,23
BRDA:2834,514,0,15
BRDA:2834,514,1,17
BRDA:2834,515,0,32
BRDA:2834,515,1,15
BRDA:2840,516,0,4
BRDA:2840,516,1,8
BRDA:2840,517,0,12
BRDA:2840,517,1,10
BRDA:2842,518,0,6
BRDA:2842,518,1,2
BRDA:2849,519,0,44
BRDA:2849,519,1,18
BRDA:2850,520,0,8
BRDA:2850,520,1,10
BRDA:2853,521,0,3
BRDA:2853,521,1,5
BRDA:2853,522,0,8
BRDA:2853,522,1,6
BRDA:2856,523,0,4
BRDA:2856,523,1,4
BRDA:2856,524,0,8
BRDA:2856,524,1,4
BRDA:2867,525,0,4
BRDA:2867,525,1,6
BRDA:2867,526,0,10
BRDA:2867,526,1,7
BRDA:2869,527,0,5
BRDA:2869,527,1,1
BRDA:2884,528,0,416
BRDA:2884,528,1,323
BRDA:2884,529,0,739
BRDA:2884,529,1,431
BRDA:2917,530,0,3
BRDA:2917,530,1,253
BRDA:2921,531,0,248
BRDA:2921,531,1,8
BRDA:2936,532,0,2
BRDA:2936,532,1,76
BRDA:2938,533,0,2
BRDA:2938,533,1,74
BRDA:2943,534,0,12
BRDA:2943,534,1,62
BRDA:2952,535,0,256
BRDA:2952,535,1,255
BRDA:2955,536,0,5
BRDA:2955,536,1,251
BRDA:2956,537,0,5
BRDA:2956,537,1,251
BRDA:2957,538,0,5
BRDA:2957,538,1,251
BRDA:2958,539,0,2
BRDA:2958,539,1,254
BRDA:2967,540,0,2
BRDA:2967,540,1,254
BRDA:2968,541,0,2
BRDA:2968,541,1,254
BRDA:2970,542,0,4
BRDA:2970,542,1,252
BRDA:3009,543,0,0
BRDA:3009,543,1,1
BRDA:3017,544,0,0
BRDA:3017,544,1,0
BRDA:3018,545,0,0
BRDA:3018,545,1,0
BRDA:3043,546,0,27
BRDA:3043,546,1,104
BRDA:3053,547,0,104
BRDA:3053,547,1,104
BRDA:3053,547,2,0
BRDA:3056,548,0,104
BRDA:3056,548,1,104
BRDA:3056,548,2,0
BRDA:3072,549,0,52
BRDA:3072,549,1,210
BRDA:3076,550,0,0
BRDA:3076,550,1,262
BRDA:3076,551,0,262
BRDA:3076,551,1,131
BRDA:3082,552,0,2
BRDA:3082,552,1,260
BRDA:3086,553,0,208
BRDA:3086,553,1,52
BRDA:3121,554,0,0
BRDA:3121,554,1,26
BRDA:3179,555,0,0
BRDA:3179,555,1,0
BRDA:3179,556,0,0
BRDA:3179,556,1,0
BRDA:3180,557,0,0
BRDA:3180,557,1,0
BRDA:3180,558,0,0
BRDA:3180,558,1,0
BRDA:3197,559,0,0
BRDA:3197,559,1,0
BRDA:3197,559,2,0
BRDA:3198,560,0,0
BRDA:3198,560,1,0
BRDA:3200,561,0,0
BRDA:3200,561,1,0
BRDA:3201,562,0,0
BRDA:3201,562,1,0
BRDA:3261,563,0,2
BRDA:3261,563,1,254
BRDA:3266,564,0,4
BRDA:3266,564,1,252
BRDA:3271,565,0,2
BRDA:3271,565,1,254
BRDA:3284,566,0,3
BRDA:3284,566,1,253
BRDA:3290,567,0,2
BRDA:3290,567,1,254
BRDA:3295,568,0,3
BRDA:3295,568,1,253
BRDA:3301,569,0,4
BRDA:3301,569,1,2
BRDA:3309,570,0,1
BRDA:3309,570,1,255
BRDA:3330,571,0,0
BRDA:3330,571,1,336
BRDA:3359,572,0,9
BRDA:3359,572,1,1
BRDA:3366,573,0,80
BRDA:3366,573,1,73
BRDA:3367,574,0,2
BRDA:3367,574,1,78
BRDA:3378,575,0,149
BRDA:3378,575,1,4
BRDA:3398,576,0,99
BRDA:3398,576,1,0
BRDA:3398,577,0,99
BRDA:3398,577,1,99
BRDA:3424,578,0,13
BRDA:3424,578,1,1
BRDA:3424,579,0,14
BRDA:3424,579,1,13
BRDA:3424,579,2,13
BRDA:3451,580,0,1642
BRDA:3451,580,1,1582
BRDA:3455,581,0,1499
BRDA:3455,581,1,59
BRDA:3478,582,0,4
BRDA:3478,582,1,3
BRDA:3500,583,0,98
BRDA:3500,583,1,158
BRDA:3503,584,0,98
BRDA:3503,584,1,10
BRDA:3508,585,0,2
BRDA:3508,585,1,96
BRDA:3508,586,0,98
BRDA:3508,586,1,96
BRDA:3508,586,2,4
BRDA:3508,586,3,2
BRDA:3515,587,0,108
BRDA:3515,587,1,42
BRDA:3518,588,0,12
BRDA:3518,588,1,86
BRDA:3519,589,0,21
BRDA:3519,589,1,12
BRDA:3520,590,0,21
BRDA:3520,590,1,9
BRDA:3530,591,0,103
BRDA:3530,591,1,249
BRDA:3531,592,0,30
BRDA:3531,592,1,73
BRDA:3531,593,0,103
BRDA:3531,593,1,36
BRDA:3538,594,0,3
BRDA:3538,594,1,253
BRDA:3544,595,0,6
BRDA:3544,595,1,247
BRDA:3545,596,0,1
BRDA:3545,596,1,252
BRDA:3546,597,0,1
BRDA:3546,597,1,252
BRDA:3547,598,0,1
BRDA:3547,598,1,252
BRDA:3548,599,0,1
BRDA:3548,599,1,252
BRDA:3549,600,0,5
BRDA:3549,600,1,248
BRDA:3565,601,0,24
BRDA:3565,601,1,1
BRDA:3619,602,0,6
BRDA:3619,602,1,1
BRDA:3619,603,0,7
BRDA:3619,603,1,7
BRDA:3619,603,2,7
BRDA:3629,604,0,6
BRDA:3629,604,1,3
BRDA:3629,604,2,2
BRDA:3659,605,0,0
BRDA:3659,605,1,167
BRDA:3661,606,0,61
BRDA:3661,606,1,106
BRDA:3661,607,0,167
BRDA:3661,607,1,167
BRDA:3666,608,0,1
BRDA:3666,608,1,166
BRDA:3671,609,0,0
BRDA:3671,609,1,1
BRDA:3676,610,0,1
BRDA:3676,610,1,0
BRDA:3696,611,0,2
BRDA:3696,611,1,0
BRDA:3701,612,0,0
BRDA:3701,612,1,2
BRDA:3701,613,0,2
BRDA:3701,613,1,2
BRDA:3703,614,0,0
BRDA:3703,614,1,0
BRDA:3703,615,0,0
BRDA:3703,615,1,0
BRDA:3709,616,0,0
BRDA:3709,616,1,0
BRDA:3709,617,0,0
BRDA:3709,617,1,0
BRDA:3718,618,0,1
BRDA:3718,618,1,1
BRDA:3720,619,0,1
BRDA:3720,619,1,1
BRDA:3722,620,0,1
BRDA:3722,620,1,0
BRDA:3774,621,0,0
BRDA:3774,621,1,0
BRDA:3780,622,0,337
BRDA:3780,622,1,1052
BRDA:3793,623,0,2
BRDA:3793,623,1,275
BRDA:3793,624,0,277
BRDA:3793,624,1,275
BRDA:3794,625,0,1
BRDA:3794,625,1,274
BRDA:3795,626,0,1
BRDA:3795,626,1,273
BRDA:3803,627,0,3
BRDA:3803,627,1,1
BRDA:3843,628,0,4092
BRDA:3843,628,1,861
BRDA:3854,629,0,6
BRDA:3854,629,1,2
BRDA:3854,630,0,8
BRDA:3854,630,1,7
BRDA:3854,630,2,3
BRDA:3855,631,0,7
BRDA:3855,631,1,214
BRDA:3855,632,0,221
BRDA:3855,632,1,51
BRDA:3855,632,2,46
BRDA:3857,633,0,6
BRDA:3857,633,1,1
BRDA:3873,634,0,67
BRDA:3873,634,1,59
BRDA:3883,635,0,56
BRDA:3883,635,1,925
BRDA:3884,636,0,981
BRDA:3884,636,1,126
BRDA:3884,636,2,126
BRDA:3884,636,3,57
BRDA:3884,636,4,2
BRDA:3890,637,0,56
BRDA:3890,637,1,50
BRDA:3890,637,2,20
BRDA:3892,638,0,35
BRDA:3892,638,1,21
BRDA:3892,639,0,56
BRDA:3892,639,1,26
BRDA:3896,640,0,3
BRDA:3896,640,1,28
BRDA:3898,641,0,5
BRDA:3898,641,1,3
BRDA:3898,642,0,8
BRDA:3898,642,1,5
BRDA:3910,643,0,30
BRDA:3910,643,1,1
BRDA:3915,644,0,29
BRDA:3915,644,1,1
BRDA:3921,645,0,29
BRDA:3921,645,1,1
BRDA:3929,646,0,268
BRDA:3929,646,1,3
BRDA:3947,647,0,1
BRDA:3947,647,1,371
BRDA:3948,648,0,2
BRDA:3948,648,1,369
BRDA:3948,649,0,371
BRDA:3948,649,1,369
BRDA:3949,650,0,1
BRDA:3949,650,1,368
BRDA:4009,651,0,111
BRDA:4009,651,1,1
BRDA:4014,652,0,192
BRDA:4014,652,1,1
BRDA:4025,653,0,3
BRDA:4025,653,1,37
BRDA:4032,654,0,9
BRDA:4032,654,1,28
BRDA:4034,655,0,12
BRDA:4034,655,1,4
BRDA:4059,656,0,1
BRDA:4059,656,1,1
BRDA:4062,657,0,1
BRDA:4062,657,1,0
BRDA:4070,658,0,1
BRDA:4070,658,1,5
BRDA:4070,659,0,6
BRDA:4070,659,1,1
BRDA:4072,660,0,1
BRDA:4072,660,1,0
BRDA:4124,661,0,1
BRDA:4124,661,1,343
BRDA:4124,662,0,344
BRDA:4124,662,1,343
BRDA:4126,663,0,8
BRDA:4126,663,1,335
BRDA:4127,664,0,2
BRDA:4127,664,1,341
BRDA:4128,665,0,2
BRDA:4128,665,1,341
BRDA:4129,666,0,2
BRDA:4129,666,1,341
BRDA:4130,667,0,2
BRDA:4130,667,1,341
BRDA:4131,668,0,7
BRDA:4131,668,1,336
BRDA:4140,669,0,161
BRDA:4140,669,1,254
BRDA:4146,670,0,424
BRDA:4146,670,1,8077
BRDA:4146,671,0,8501
BRDA:4146,671,1,8374
BRDA:4151,672,0,18
BRDA:4151,672,1,8483
BRDA:4151,673,0,8501
BRDA:4151,673,1,8374
BRDA:4162,674,0,7668
BRDA:4162,674,1,833
BRDA:4162,675,0,8501
BRDA:4162,675,1,8374
BRDA:4165,676,0,7950
BRDA:4165,676,1,551
BRDA:4165,677,0,8501
BRDA:4165,677,1,8374
BRDA:4165,677,2,7950
BRDA:4169,678,0,2638
BRDA:4169,678,1,5312
BRDA:4171,679,0,5367
BRDA:4171,679,1,2583
BRDA:4176,680,0,55
BRDA:4176,680,1,5312
BRDA:4176,681,0,5367
BRDA:4176,681,1,55
BRDA:4203,682,0,352
BRDA:4203,682,1,29817
BRDA:4203,683,0,30169
BRDA:4203,683,1,979
BRDA:4209,684,0,29817
BRDA:4209,684,1,29813
BRDA:4209,684,2,28336
BRDA:4209,684,3,28332
BRDA:4209,684,4,27705
BRDA:4209,684,5,28026
BRDA:4209,684,6,10384
BRDA:4219,685,0,616
BRDA:4219,685,1,29574
BRDA:4248,686,0,187
BRDA:4248,686,1,116
BRDA:4250,687,0,111
BRDA:4250,687,1,76
BRDA:4250,688,0,187
BRDA:4250,688,1,187
BRDA:4251,689,0,1
BRDA:4251,689,1,186
BRDA:4251,690,0,187
BRDA:4251,690,1,5
BRDA:4251,690,2,1
BRDA:4255,691,0,4
BRDA:4255,691,1,182
BRDA:4258,692,0,4
BRDA:4258,692,1,182
BRDA:4261,693,0,4
BRDA:4261,693,1,182
BRDA:4276,694,0,1
BRDA:4276,694,1,8
BRDA:4279,695,0,1
BRDA:4279,695,1,8
BRF:1490
BRH:1484
end_of_record
